No errors on assembly of 'd:\circuitprojects\stm8\ca-exercise2\mapping.asm'
No errors on assembly of 'd:\circuitprojects\stm8\ca-exercise2\mapping.asm'
No errors on assembly of 'd:\circuitprojects\stm8\ca-exercise2\mapping.asm'
No errors on assembly of 'd:\circuitprojects\stm8\ca-exercise2\main.asm'
No errors on assembly of 'd:\circuitprojects\stm8\ca-exercise2\main.asm'
No errors on assembly of 'd:\circuitprojects\stm8\ca-exercise2\stm8s105k.asm'
No errors on assembly of 'd:\circuitprojects\stm8\ca-exercise2\stm8s105k.asm'
d:\circuitprojects\stm8\ca-exercise2\main.asm(58): as1 : Error 54: Can't match Addressing mode '	ld PD_ODR, #0'
d:\circuitprojects\stm8\ca-exercise2\main.asm(60): as1 : Error 54: Can't match Addressing mode '	ld PD_ODR, #$55'
2 errors on assembly of 'd:\circuitprojects\stm8\ca-exercise2\main.asm'
d:\circuitprojects\stm8\ca-exercise2\main.asm(58): as1 : Error 54: Can't match Addressing mode '	ld PD_ODR, #0'
d:\circuitprojects\stm8\ca-exercise2\main.asm(60): as1 : Error 54: Can't match Addressing mode '	ld PD_ODR, #$55'
2 errors on assembly of 'd:\circuitprojects\stm8\ca-exercise2\main.asm'
d:\circuitprojects\stm8\ca-exercise2\main.asm(58): as1 : Error 54: Can't match Addressing mode '	ld PD_ODR, #0'
d:\circuitprojects\stm8\ca-exercise2\main.asm(60): as1 : Error 54: Can't match Addressing mode '	ld PD_ODR, #$55'
2 errors on assembly of 'd:\circuitprojects\stm8\ca-exercise2\main.asm'
No errors on assembly of 'd:\circuitprojects\stm8\ca-exercise2\main.asm'
No errors on assembly of 'd:\circuitprojects\stm8\ca-exercise2\main.asm'
No errors on assembly of 'd:\circuitprojects\stm8\ca-exercise2\main.asm'
No errors on assembly of 'd:\circuitprojects\stm8\ca-exercise2\main.asm'
No errors on assembly of 'd:\circuitprojects\stm8\ca-exercise2\main.asm'
No errors on assembly of 'd:\circuitprojects\stm8\ca-exercise2\main.asm'
No errors on assembly of 'd:\circuitprojects\stm8\ca-exercise2\main.asm'
No errors on assembly of 'd:\circuitprojects\stm8\ca-exercise2\main.asm'
No errors on assembly of 'd:\circuitprojects\stm8\ca-exercise2\main.asm'
No errors on assembly of 'd:\circuitprojects\stm8\ca-exercise2\main.asm'
No errors on assembly of 'd:\circuitprojects\stm8\ca-exercise2\main.asm'
No errors on assembly of 'd:\circuitprojects\stm8\ca-exercise2\main.asm'
No errors on assembly of 'd:\circuitprojects\stm8\ca-exercise2\main.asm'
No errors on assembly of 'd:\circuitprojects\stm8\ca-exercise2\main.asm'
No errors on assembly of 'd:\circuitprojects\stm8\ca-exercise2\main.asm'
No errors on assembly of 'd:\circuitprojects\stm8\ca-exercise2\main.asm'
No errors on assembly of 'd:\circuitprojects\stm8\ca-exercise2\main.asm'
No errors on assembly of 'd:\circuitprojects\stm8\ca-exercise2\main.asm'
No errors on assembly of 'd:\circuitprojects\stm8\ca-exercise2\main.asm'
No errors on assembly of 'd:\circuitprojects\stm8\ca-exercise2\main.asm'
No errors on assembly of 'd:\circuitprojects\stm8\ca-exercise2\main.asm'
No errors on assembly of 'd:\circuitprojects\stm8\ca-exercise2\main.asm'
No errors on assembly of 'd:\circuitprojects\stm8\ca-exercise2\main.asm'
No errors on assembly of 'd:\circuitprojects\stm8\ca-exercise2\main.asm'
No errors on assembly of 'd:\circuitprojects\stm8\ca-exercise2\main.asm'
No errors on assembly of 'd:\circuitprojects\stm8\ca-exercise2\main.asm'
No errors on assembly of 'd:\circuitprojects\stm8\ca-exercise2\main.asm'
No errors on assembly of 'd:\circuitprojects\stm8\ca-exercise2\main.asm'
No errors on assembly of 'd:\circuitprojects\stm8\ca-exercise2\main.asm'
No errors on assembly of 'd:\circuitprojects\stm8\ca-exercise2\main.asm'
No errors on assembly of 'd:\circuitprojects\stm8\ca-exercise2\main.asm'
No errors on assembly of 'd:\circuitprojects\stm8\ca-exercise2\main.asm'
No errors on assembly of 'd:\circuitprojects\stm8\ca-exercise2\main.asm'
No errors on assembly of 'd:\circuitprojects\stm8\ca-exercise2\main.asm'
No errors on assembly of 'd:\circuitprojects\stm8\ca-exercise2\main.asm'
No errors on assembly of 'd:\circuitprojects\stm8\ca-exercise2\main.asm'
No errors on assembly of 'd:\circuitprojects\stm8\ca-exercise2\main.asm'
No errors on assembly of 'd:\circuitprojects\stm8\ca-exercise2\main.asm'
No errors on assembly of 'd:\circuitprojects\stm8\ca-exercise2\main.asm'
No errors on assembly of 'd:\circuitprojects\stm8\ca-exercise2\main.asm'
No errors on assembly of 'd:\circuitprojects\stm8\ca-exercise2\main.asm'
No errors on assembly of 'd:\circuitprojects\stm8\ca-exercise2\main.asm'
d:\circuitprojects\stm8\ca-exercise2\main.asm(48): as1 : Error 54: Can't match Addressing mode '	clr PD_ODR, #0'
d:\circuitprojects\stm8\ca-exercise2\main.asm(53): as1 : Error 54: Can't match Addressing mode '	mov EXTI_CR2 #$03'
d:\circuitprojects\stm8\ca-exercise2\main.asm(58): as1 : Error 54: Can't match Addressing mode '	mov EXTI_CR1 #$30'
3 errors on assembly of 'd:\circuitprojects\stm8\ca-exercise2\main.asm'
d:\circuitprojects\stm8\ca-exercise2\main.asm(48): as1 : Error 54: Can't match Addressing mode '	clr PD_ODR, #0'
d:\circuitprojects\stm8\ca-exercise2\main.asm(53): as1 : Error 54: Can't match Addressing mode '	mov EXTI_CR2 #$03'
d:\circuitprojects\stm8\ca-exercise2\main.asm(58): as1 : Error 54: Can't match Addressing mode '	mov EXTI_CR1 #$30'
3 errors on assembly of 'd:\circuitprojects\stm8\ca-exercise2\main.asm'
d:\circuitprojects\stm8\ca-exercise2\main.asm(48): as1 : Error 54: Can't match Addressing mode '	clr PD_ODR, #0'
d:\circuitprojects\stm8\ca-exercise2\main.asm(53): as1 : Error 54: Can't match Addressing mode '	mov EXTI_CR2 #$03'
d:\circuitprojects\stm8\ca-exercise2\main.asm(58): as1 : Error 54: Can't match Addressing mode '	mov EXTI_CR1 #$30'
d:\circuitprojects\stm8\ca-exercise2\main.asm(125): as2 : Error 46: Illegal undefined label 'Exti4_portD}	; irq7'
4 errors on assembly of 'd:\circuitprojects\stm8\ca-exercise2\main.asm'
d:\circuitprojects\stm8\ca-exercise2\main.asm(48): as1 : Error 54: Can't match Addressing mode '	clr PD_ODR, #0'
d:\circuitprojects\stm8\ca-exercise2\main.asm(53): as1 : Error 54: Can't match Addressing mode '	mov EXTI_CR2 #$03'
d:\circuitprojects\stm8\ca-exercise2\main.asm(58): as1 : Error 54: Can't match Addressing mode '	mov EXTI_CR1 #$30'
3 errors on assembly of 'd:\circuitprojects\stm8\ca-exercise2\main.asm'
d:\circuitprojects\stm8\ca-exercise2\main.asm(48): as1 : Error 54: Can't match Addressing mode '	clr PD_ODR, #0'
d:\circuitprojects\stm8\ca-exercise2\main.asm(53): as1 : Error 54: Can't match Addressing mode '	mov EXTI_CR2 #$03'
d:\circuitprojects\stm8\ca-exercise2\main.asm(58): as1 : Error 54: Can't match Addressing mode '	mov EXTI_CR1 #$30'
3 errors on assembly of 'd:\circuitprojects\stm8\ca-exercise2\main.asm'
d:\circuitprojects\stm8\ca-exercise2\main.asm(48): as1 : Error 54: Can't match Addressing mode '	clr PD_ODR, #0'
d:\circuitprojects\stm8\ca-exercise2\main.asm(53): as1 : Error 54: Can't match Addressing mode '	mov EXTI_CR2 #$03'
d:\circuitprojects\stm8\ca-exercise2\main.asm(58): as1 : Error 54: Can't match Addressing mode '	mov EXTI_CR1 #$30'
3 errors on assembly of 'd:\circuitprojects\stm8\ca-exercise2\main.asm'
d:\circuitprojects\stm8\ca-exercise2\main.asm(48): as1 : Error 54: Can't match Addressing mode '	clr PD_ODR, #0'
d:\circuitprojects\stm8\ca-exercise2\main.asm(53): as1 : Error 54: Can't match Addressing mode '	mov EXTI_CR2 #$03'
d:\circuitprojects\stm8\ca-exercise2\main.asm(58): as1 : Error 54: Can't match Addressing mode '	mov EXTI_CR1 #$30'
d:\circuitprojects\stm8\ca-exercise2\main.asm(125): as2 : Error 46: Illegal undefined label 'Exti4_portD}	; irq7'
4 errors on assembly of 'd:\circuitprojects\stm8\ca-exercise2\main.asm'
No errors on assembly of 'd:\circuitprojects\stm8\ca-exercise2\main.asm'
No errors on assembly of 'd:\circuitprojects\stm8\ca-exercise2\main.asm'
d:\circuitprojects\stm8\ca-exercise2\main.asm(125): as2 : Error 46: Illegal undefined label 'Exti4_portD}	; irq7'
1 error on assembly of 'd:\circuitprojects\stm8\ca-exercise2\main.asm'
No errors on assembly of 'd:\circuitprojects\stm8\ca-exercise2\main.asm'
No errors on assembly of 'd:\circuitprojects\stm8\ca-exercise2\main.asm'
No errors on assembly of 'd:\circuitprojects\stm8\ca-exercise2\main.asm'
No errors on assembly of 'd:\circuitprojects\stm8\ca-exercise2\main.asm'
No errors on assembly of 'd:\circuitprojects\stm8\ca-exercise2\main.asm'
No errors on assembly of 'd:\circuitprojects\stm8\ca-exercise2\main.asm'
No errors on assembly of 'd:\circuitprojects\stm8\ca-exercise2\main.asm'
No errors on assembly of 'd:\circuitprojects\stm8\ca-exercise2\main.asm'
No errors on assembly of 'd:\circuitprojects\stm8\ca-exercise2\main.asm'
No errors on assembly of 'd:\circuitprojects\stm8\ca-exercise2\main.asm'
No errors on assembly of 'd:\circuitprojects\stm8\ca-exercise2\main.asm'
No errors on assembly of 'd:\circuitprojects\stm8\ca-exercise2\main.asm'
No errors on assembly of 'd:\circuitprojects\stm8\ca-exercise2\main.asm'
No errors on assembly of 'd:\circuitprojects\stm8\ca-exercise2\main.asm'
No errors on assembly of 'd:\circuitprojects\stm8\ca-exercise2\main.asm'
No errors on assembly of 'd:\circuitprojects\stm8\ca-exercise2\main.asm'
No errors on assembly of 'd:\circuitprojects\stm8\ca-exercise2\main.asm'
No errors on assembly of 'd:\circuitprojects\stm8\ca-exercise2\main.asm'
No errors on assembly of 'd:\circuitprojects\stm8\ca-exercise2\main.asm'
No errors on assembly of 'd:\circuitprojects\stm8\ca-exercise2\main.asm'
No errors on assembly of 'd:\circuitprojects\stm8\ca-exercise2\main.asm'
No errors on assembly of 'd:\circuitprojects\stm8\ca-exercise2\main.asm'
No errors on assembly of 'd:\circuitprojects\stm8\ca-exercise2\main.asm'
No errors on assembly of 'd:\circuitprojects\stm8\ca-exercise2\main.asm'
d:\circuitprojects\stm8\ca-exercise2\main.asm(109): as1 : Error 50: Doubly defined label! 'begin'
1 error on assembly of 'd:\circuitprojects\stm8\ca-exercise2\main.asm'
d:\circuitprojects\stm8\ca-exercise2\main.asm(109): as1 : Error 50: Doubly defined label! 'begin'
1 error on assembly of 'd:\circuitprojects\stm8\ca-exercise2\main.asm'
d:\circuitprojects\stm8\ca-exercise2\main.asm(109): as1 : Error 50: Doubly defined label! 'begin'
1 error on assembly of 'd:\circuitprojects\stm8\ca-exercise2\main.asm'
No errors on assembly of 'd:\circuitprojects\stm8\ca-exercise2\main.asm'
No errors on assembly of 'd:\circuitprojects\stm8\ca-exercise2\main.asm'
No errors on assembly of 'd:\circuitprojects\stm8\ca-exercise2\main.asm'
No errors on assembly of 'd:\circuitprojects\stm8\ca-exercise2\main.asm'
No errors on assembly of 'd:\circuitprojects\stm8\ca-exercise2\main.asm'
No errors on assembly of 'd:\circuitprojects\stm8\ca-exercise2\main.asm'
No errors on assembly of 'd:\circuitprojects\stm8\ca-exercise2\main.asm'
No errors on assembly of 'd:\circuitprojects\stm8\ca-exercise2\main.asm'
No errors on assembly of 'd:\circuitprojects\stm8\ca-exercise2\main.asm'
No errors on assembly of 'd:\circuitprojects\stm8\ca-exercise2\main.asm'
No errors on assembly of 'd:\circuitprojects\stm8\ca-exercise2\main.asm'
No errors on assembly of 'd:\circuitprojects\stm8\ca-exercise2\main.asm'
No errors on assembly of 'd:\circuitprojects\stm8\ca-exercise2\main.asm'
No errors on assembly of 'd:\circuitprojects\stm8\ca-exercise2\main.asm'
No errors on assembly of 'd:\circuitprojects\stm8\ca-exercise2\main.asm'
No errors on assembly of 'd:\circuitprojects\stm8\ca-exercise2\main.asm'
No errors on assembly of 'd:\circuitprojects\stm8\ca-exercise2\main.asm'
No errors on assembly of 'd:\circuitprojects\stm8\ca-exercise2\main.asm'
d:\circuitprojects\stm8\ca-exercise2\main.asm(73): as2 : Error 46: Illegal undefined label 'begin'
1 error on assembly of 'd:\circuitprojects\stm8\ca-exercise2\main.asm'
No errors on assembly of 'd:\circuitprojects\stm8\ca-exercise2\main.asm'
No errors on assembly of 'd:\circuitprojects\stm8\ca-exercise2\main.asm'
No errors on assembly of 'd:\circuitprojects\stm8\ca-exercise2\main.asm'
No errors on assembly of 'd:\circuitprojects\stm8\ca-exercise2\main.asm'
No errors on assembly of 'd:\circuitprojects\stm8\ca-exercise2\main.asm'
No errors on assembly of 'd:\circuitprojects\stm8\ca-exercise2\main.asm'
No errors on assembly of 'd:\circuitprojects\stm8\ca-exercise2\main.asm'
No errors on assembly of 'd:\circuitprojects\stm8\ca-exercise2\main.asm'
No errors on assembly of 'd:\circuitprojects\stm8\ca-exercise2\main.asm'
No errors on assembly of 'd:\circuitprojects\stm8\ca-exercise2\main.asm'
No errors on assembly of 'd:\circuitprojects\stm8\ca-exercise2\main.asm'
No errors on assembly of 'd:\circuitprojects\stm8\ca-exercise2\main.asm'
No errors on assembly of 'd:\circuitprojects\stm8\ca-exercise2\main.asm'
No errors on assembly of 'd:\circuitprojects\stm8\ca-exercise2\main.asm'
No errors on assembly of 'd:\circuitprojects\stm8\ca-exercise2\main.asm'
No errors on assembly of 'd:\circuitprojects\stm8\ca-exercise2\main.asm'
No errors on assembly of 'd:\circuitprojects\stm8\ca-exercise2\main.asm'
No errors on assembly of 'd:\circuitprojects\stm8\ca-exercise2\main.asm'
No errors on assembly of 'd:\circuitprojects\stm8\ca-exercise2\main.asm'
No errors on assembly of 'd:\circuitprojects\stm8\ca-exercise2\main.asm'
No errors on assembly of 'd:\circuitprojects\stm8\ca-exercise2\main.asm'
No errors on assembly of 'd:\circuitprojects\stm8\ca-exercise2\main.asm'
No errors on assembly of 'd:\circuitprojects\stm8\ca-exercise2\main.asm'
No errors on assembly of 'd:\circuitprojects\stm8\ca-exercise2\main.asm'
No errors on assembly of 'd:\circuitprojects\stm8\ca-exercise2\main.asm'
No errors on assembly of 'd:\circuitprojects\stm8\ca-exercise2\main.asm'
No errors on assembly of 'd:\circuitprojects\stm8\ca-exercise2\main.asm'
No errors on assembly of 'd:\circuitprojects\stm8\ca-exercise2\main.asm'
No errors on assembly of 'd:\circuitprojects\stm8\ca-exercise2\main.asm'
No errors on assembly of 'd:\circuitprojects\stm8\ca-exercise2\main.asm'
No errors on assembly of 'd:\circuitprojects\stm8\ca-exercise2\main.asm'
No errors on assembly of 'd:\circuitprojects\stm8\ca-exercise2\main.asm'
No errors on assembly of 'd:\circuitprojects\stm8\ca-exercise2\main.asm'
d:\circuitprojects\stm8\ca-exercise2\main.asm(89): as1 : Error 54: Can't match Addressing mode '	nop	nop	nop'
1 error on assembly of 'd:\circuitprojects\stm8\ca-exercise2\main.asm'
d:\circuitprojects\stm8\ca-exercise2\main.asm(89): as1 : Error 54: Can't match Addressing mode '	nop	nop	nop'
1 error on assembly of 'd:\circuitprojects\stm8\ca-exercise2\main.asm'
d:\circuitprojects\stm8\ca-exercise2\main.asm(89): as1 : Error 54: Can't match Addressing mode '	nop	nop	nop'
1 error on assembly of 'd:\circuitprojects\stm8\ca-exercise2\main.asm'
No errors on assembly of 'd:\circuitprojects\stm8\ca-exercise2\main.asm'
No errors on assembly of 'd:\circuitprojects\stm8\ca-exercise2\main.asm'
No errors on assembly of 'd:\circuitprojects\stm8\ca-exercise2\main.asm'
No errors on assembly of 'd:\circuitprojects\stm8\ca-exercise2\main.asm'
No errors on assembly of 'd:\circuitprojects\stm8\ca-exercise2\main.asm'
d:\circuitprojects\stm8\ca-exercise2\main.asm(113): as2 : Error 46: Illegal undefined label 'ledOn'
1 error on assembly of 'd:\circuitprojects\stm8\ca-exercise2\main.asm'
No errors on assembly of 'd:\circuitprojects\stm8\ca-exercise2\main.asm'
No errors on assembly of 'd:\circuitprojects\stm8\ca-exercise2\main.asm'
No errors on assembly of 'd:\circuitprojects\stm8\ca-exercise2\main.asm'
No errors on assembly of 'd:\circuitprojects\stm8\ca-exercise2\main.asm'
No errors on assembly of 'd:\circuitprojects\stm8\ca-exercise2\main.asm'
No errors on assembly of 'd:\circuitprojects\stm8\ca-exercise2\main.asm'
No errors on assembly of 'd:\circuitprojects\stm8\ca-exercise2\mapping.asm'
No errors on assembly of 'd:\circuitprojects\stm8\ca-exercise2\mapping.asm'
No errors on assembly of 'd:\circuitprojects\stm8\ca-exercise2\mapping.asm'
No errors on assembly of 'd:\circuitprojects\stm8\ca-exercise2\mapping.asm'
No errors on assembly of 'd:\circuitprojects\stm8\ca-exercise2\mapping.asm'
No errors on assembly of 'd:\circuitprojects\stm8\ca-exercise2\main.asm'
No errors on assembly of 'd:\circuitprojects\stm8\ca-exercise2\main.asm'
No errors on assembly of 'd:\circuitprojects\stm8\ca-exercise2\stm8s105k.asm'
No errors on assembly of 'd:\circuitprojects\stm8\ca-exercise2\stm8s105k.asm'
No errors on assembly of 'd:\circuitprojects\stm8\ca-exercise2\main.asm'
No errors on assembly of 'd:\circuitprojects\stm8\ca-exercise2\main.asm'
No errors on assembly of 'd:\circuitprojects\stm8\ca-exercise2\main.asm'
No errors on assembly of 'd:\circuitprojects\stm8\ca-exercise2\main.asm'
No errors on assembly of 'd:\circuitprojects\stm8\ca-exercise2\main.asm'
No errors on assembly of 'd:\circuitprojects\stm8\ca-exercise2\main.asm'
No errors on assembly of 'd:\circuitprojects\stm8\ca-exercise2\main.asm'
No errors on assembly of 'd:\circuitprojects\stm8\ca-exercise2\main.asm'
No errors on assembly of 'd:\circuitprojects\stm8\ca-exercise2\main.asm'
No errors on assembly of 'd:\circuitprojects\stm8\ca-exercise2\main.asm'
No errors on assembly of 'd:\circuitprojects\stm8\ca-exercise2\main.asm'
No errors on assembly of 'd:\circuitprojects\stm8\ca-exercise2\main.asm'
No errors on assembly of 'd:\circuitprojects\stm8\ca-exercise2\main.asm'
No errors on assembly of 'd:\circuitprojects\stm8\ca-exercise2\main.asm'
No errors on assembly of 'd:\circuitprojects\stm8\ca-exercise2\main.asm'
No errors on assembly of 'd:\circuitprojects\stm8\ca-exercise2\main.asm'
No errors on assembly of 'd:\circuitprojects\stm8\ca-exercise2\main.asm'
No errors on assembly of 'd:\circuitprojects\stm8\ca-exercise2\main.asm'
No errors on assembly of 'd:\circuitprojects\stm8\ca-exercise2\main.asm'
No errors on assembly of 'd:\circuitprojects\stm8\ca-exercise2\main.asm'
No errors on assembly of 'd:\circuitprojects\stm8\ca-exercise2\main.asm'
No errors on assembly of 'd:\circuitprojects\stm8\ca-exercise2\main.asm'
No errors on assembly of 'd:\circuitprojects\stm8\ca-exercise2\main.asm'
No errors on assembly of 'd:\circuitprojects\stm8\ca-exercise2\main.asm'
No errors on assembly of 'd:\circuitprojects\stm8\ca-exercise2\main.asm'
No errors on assembly of 'd:\circuitprojects\stm8\ca-exercise2\main.asm'
No errors on assembly of 'd:\circuitprojects\stm8\ca-exercise2\main.asm'
No errors on assembly of 'd:\circuitprojects\stm8\ca-exercise2\main.asm'
No errors on assembly of 'd:\circuitprojects\stm8\ca-exercise2\main.asm'
No errors on assembly of 'd:\circuitprojects\stm8\ca-exercise2\main.asm'
No errors on assembly of 'd:\circuitprojects\stm8\ca-exercise2\main.asm'
No errors on assembly of 'd:\circuitprojects\stm8\ca-exercise2\main.asm'
No errors on assembly of 'd:\circuitprojects\stm8\ca-exercise2\main.asm'
No errors on assembly of 'd:\circuitprojects\stm8\ca-exercise2\main.asm'
No errors on assembly of 'd:\circuitprojects\stm8\ca-exercise2\main.asm'
No errors on assembly of 'd:\circuitprojects\stm8\ca-exercise2\main.asm'
No errors on assembly of 'd:\circuitprojects\stm8\ca-exercise2\main.asm'
No errors on assembly of 'd:\circuitprojects\stm8\ca-exercise2\main.asm'
No errors on assembly of 'd:\circuitprojects\stm8\ca-exercise2\main.asm'
No errors on assembly of 'd:\circuitprojects\stm8\ca-exercise2\main.asm'
No errors on assembly of 'd:\circuitprojects\stm8\ca-exercise2\main.asm'
No errors on assembly of 'd:\circuitprojects\stm8\ca-exercise2\main.asm'
No errors on assembly of 'd:\circuitprojects\stm8\ca-exercise2\main.asm'
No errors on assembly of 'd:\circuitprojects\stm8\ca-exercise2\main.asm'
No errors on assembly of 'd:\circuitprojects\stm8\ca-exercise2\main.asm'
No errors on assembly of 'd:\circuitprojects\stm8\ca-exercise2\main.asm'
No errors on assembly of 'd:\circuitprojects\stm8\ca-exercise2\main.asm'
No errors on assembly of 'd:\circuitprojects\stm8\ca-exercise2\main.asm'
No errors on assembly of 'd:\circuitprojects\stm8\ca-exercise2\main.asm'
No errors on assembly of 'd:\circuitprojects\stm8\ca-exercise2\main.asm'
No errors on assembly of 'd:\circuitprojects\stm8\ca-exercise2\main.asm'
No errors on assembly of 'd:\circuitprojects\stm8\ca-exercise2\main.asm'
No errors on assembly of 'd:\circuitprojects\stm8\ca-exercise2\main.asm'
No errors on assembly of 'd:\circuitprojects\stm8\ca-exercise2\main.asm'
No errors on assembly of 'd:\circuitprojects\stm8\ca-exercise2\main.asm'
No errors on assembly of 'd:\circuitprojects\stm8\ca-exercise2\main.asm'
No errors on assembly of 'd:\circuitprojects\stm8\ca-exercise2\main.asm'
d:\circuitprojects\stm8\ca-exercise2\main.asm(112): as1 : Error 54: Can't match Addressing mode '	bcpl PD_ODR, #ff'
1 error on assembly of 'd:\circuitprojects\stm8\ca-exercise2\main.asm'
d:\circuitprojects\stm8\ca-exercise2\main.asm(112): as1 : Error 54: Can't match Addressing mode '	bcpl PD_ODR, #ff'
1 error on assembly of 'd:\circuitprojects\stm8\ca-exercise2\main.asm'
d:\circuitprojects\stm8\ca-exercise2\main.asm(112): as1 : Error 54: Can't match Addressing mode '	bcpl PD_ODR, #ff'
d:\circuitprojects\stm8\ca-exercise2\main.asm(112): as2 : Error 46: Illegal undefined label 'ff'
2 errors on assembly of 'd:\circuitprojects\stm8\ca-exercise2\main.asm'
d:\circuitprojects\stm8\ca-exercise2\main.asm(112): as1 : Error 54: Can't match Addressing mode '	bcpl PD_ODR, #$ff'
1 error on assembly of 'd:\circuitprojects\stm8\ca-exercise2\main.asm'
d:\circuitprojects\stm8\ca-exercise2\main.asm(112): as1 : Error 54: Can't match Addressing mode '	bcpl PD_ODR, #$ff'
1 error on assembly of 'd:\circuitprojects\stm8\ca-exercise2\main.asm'
d:\circuitprojects\stm8\ca-exercise2\main.asm(112): as1 : Error 54: Can't match Addressing mode '	bcpl PD_ODR, #$ff'
1 error on assembly of 'd:\circuitprojects\stm8\ca-exercise2\main.asm'
No errors on assembly of 'd:\circuitprojects\stm8\ca-exercise2\main.asm'
No errors on assembly of 'd:\circuitprojects\stm8\ca-exercise2\main.asm'
No errors on assembly of 'd:\circuitprojects\stm8\ca-exercise2\main.asm'
No errors on assembly of 'd:\circuitprojects\stm8\ca-exercise2\main.asm'
No errors on assembly of 'd:\circuitprojects\stm8\ca-exercise2\main.asm'
No errors on assembly of 'd:\circuitprojects\stm8\ca-exercise2\main.asm'
No errors on assembly of 'd:\circuitprojects\stm8\ca-exercise2\main.asm'
No errors on assembly of 'd:\circuitprojects\stm8\ca-exercise2\main.asm'
No errors on assembly of 'd:\circuitprojects\stm8\ca-exercise2\main.asm'
No errors on assembly of 'd:\circuitprojects\stm8\ca-exercise2\main.asm'
No errors on assembly of 'd:\circuitprojects\stm8\ca-exercise2\main.asm'
No errors on assembly of 'd:\circuitprojects\stm8\ca-exercise2\main.asm'
No errors on assembly of 'd:\circuitprojects\stm8\ca-exercise2\main.asm'
No errors on assembly of 'd:\circuitprojects\stm8\ca-exercise2\main.asm'
No errors on assembly of 'd:\circuitprojects\stm8\ca-exercise2\main.asm'
No errors on assembly of 'd:\circuitprojects\stm8\ca-exercise2\main.asm'
No errors on assembly of 'd:\circuitprojects\stm8\ca-exercise2\main.asm'
No errors on assembly of 'd:\circuitprojects\stm8\ca-exercise2\main.asm'
No errors on assembly of 'd:\circuitprojects\stm8\ca-exercise2\main.asm'
No errors on assembly of 'd:\circuitprojects\stm8\ca-exercise2\main.asm'
No errors on assembly of 'd:\circuitprojects\stm8\ca-exercise2\main.asm'
No errors on assembly of 'd:\circuitprojects\stm8\ca-exercise2\main.asm'
No errors on assembly of 'd:\circuitprojects\stm8\ca-exercise2\main.asm'
No errors on assembly of 'd:\circuitprojects\stm8\ca-exercise2\main.asm'
No errors on assembly of 'd:\circuitprojects\stm8\ca-exercise2\main.asm'
No errors on assembly of 'd:\circuitprojects\stm8\ca-exercise2\main.asm'
No errors on assembly of 'd:\circuitprojects\stm8\ca-exercise2\main.asm'
No errors on assembly of 'd:\circuitprojects\stm8\ca-exercise2\main.asm'
No errors on assembly of 'd:\circuitprojects\stm8\ca-exercise2\main.asm'
No errors on assembly of 'd:\circuitprojects\stm8\ca-exercise2\main.asm'
No errors on assembly of 'd:\circuitprojects\stm8\ca-exercise2\main.asm'
No errors on assembly of 'd:\circuitprojects\stm8\ca-exercise2\main.asm'
No errors on assembly of 'd:\circuitprojects\stm8\ca-exercise2\main.asm'
No errors on assembly of 'd:\circuitprojects\stm8\ca-exercise2\main.asm'
No errors on assembly of 'd:\circuitprojects\stm8\ca-exercise2\main.asm'
No errors on assembly of 'd:\circuitprojects\stm8\ca-exercise2\main.asm'
No errors on assembly of 'd:\circuitprojects\stm8\ca-exercise2\main.asm'
No errors on assembly of 'd:\circuitprojects\stm8\ca-exercise2\main.asm'
No errors on assembly of 'd:\circuitprojects\stm8\ca-exercise2\main.asm'
No errors on assembly of 'd:\circuitprojects\stm8\ca-exercise2\main.asm'
No errors on assembly of 'd:\circuitprojects\stm8\ca-exercise2\mapping.asm'
