No errors on assembly of 'e:\cloud\onedrive - ludobruynseels\documenten\werk\kuleuven-groept\2023-2024\computerarchitecture\lab5-test\mapping.asm'
No errors on assembly of 'e:\cloud\onedrive - ludobruynseels\documenten\werk\kuleuven-groept\2023-2024\computerarchitecture\lab5-test\mapping.asm'
No errors on assembly of 'e:\cloud\onedrive - ludobruynseels\documenten\werk\kuleuven-groept\2023-2024\computerarchitecture\lab5-test\main.asm'
No errors on assembly of 'e:\cloud\onedrive - ludobruynseels\documenten\werk\kuleuven-groept\2023-2024\computerarchitecture\lab5-test\main.asm'
No errors on assembly of 'e:\cloud\onedrive - ludobruynseels\documenten\werk\kuleuven-groept\2023-2024\computerarchitecture\lab5-test\stm8s105k.asm'
No errors on assembly of 'e:\cloud\onedrive - ludobruynseels\documenten\werk\kuleuven-groept\2023-2024\computerarchitecture\lab5-test\stm8s105k.asm'
e:\cloud\onedrive - ludobruynseels\documenten\werk\kuleuven-groept\2023-2024\computerarchitecture\lab5-test\main.asm(45): as1 : Error 54: Can't match Addressing mode '	ld PD_DDR, #$255'
1 error on assembly of 'e:\cloud\onedrive - ludobruynseels\documenten\werk\kuleuven-groept\2023-2024\computerarchitecture\lab5-test\main.asm'
e:\cloud\onedrive - ludobruynseels\documenten\werk\kuleuven-groept\2023-2024\computerarchitecture\lab5-test\main.asm(45): as1 : Error 54: Can't match Addressing mode '	ld PD_DDR, #$255'
e:\cloud\onedrive - ludobruynseels\documenten\werk\kuleuven-groept\2023-2024\computerarchitecture\lab5-test\main.asm(45): as2 : Error 46: Illegal undefined label 'PD_DDR, #$255'
2 errors on assembly of 'e:\cloud\onedrive - ludobruynseels\documenten\werk\kuleuven-groept\2023-2024\computerarchitecture\lab5-test\main.asm'
e:\cloud\onedrive - ludobruynseels\documenten\werk\kuleuven-groept\2023-2024\computerarchitecture\lab5-test\main.asm(45): as1 : Error 54: Can't match Addressing mode '	mov PD_DDR, #$255'
1 error on assembly of 'e:\cloud\onedrive - ludobruynseels\documenten\werk\kuleuven-groept\2023-2024\computerarchitecture\lab5-test\main.asm'
e:\cloud\onedrive - ludobruynseels\documenten\werk\kuleuven-groept\2023-2024\computerarchitecture\lab5-test\main.asm(45): as1 : Error 54: Can't match Addressing mode '	mov PD_DDR, #$255'
e:\cloud\onedrive - ludobruynseels\documenten\werk\kuleuven-groept\2023-2024\computerarchitecture\lab5-test\main.asm(45): as2 : Error 46: Illegal undefined label 'PD_DDR, #$255'
2 errors on assembly of 'e:\cloud\onedrive - ludobruynseels\documenten\werk\kuleuven-groept\2023-2024\computerarchitecture\lab5-test\main.asm'
No errors on assembly of 'e:\cloud\onedrive - ludobruynseels\documenten\werk\kuleuven-groept\2023-2024\computerarchitecture\lab5-test\mapping.asm'
No errors on assembly of 'e:\cloud\onedrive - ludobruynseels\documenten\werk\kuleuven-groept\2023-2024\computerarchitecture\lab5-test\mapping.asm'
No errors on assembly of 'e:\cloud\onedrive - ludobruynseels\documenten\werk\kuleuven-groept\2023-2024\computerarchitecture\lab5-test\main.asm'
No errors on assembly of 'e:\cloud\onedrive - ludobruynseels\documenten\werk\kuleuven-groept\2023-2024\computerarchitecture\lab5-test\main.asm'
No errors on assembly of 'e:\cloud\onedrive - ludobruynseels\documenten\werk\kuleuven-groept\2023-2024\computerarchitecture\lab5-test\stm8s105k.asm'
No errors on assembly of 'e:\cloud\onedrive - ludobruynseels\documenten\werk\kuleuven-groept\2023-2024\computerarchitecture\lab5-test\stm8s105k.asm'
No errors on assembly of 'e:\cloud\onedrive - ludobruynseels\documenten\werk\kuleuven-groept\2023-2024\computerarchitecture\lab5-test\mapping.asm'
No errors on assembly of 'e:\cloud\onedrive - ludobruynseels\documenten\werk\kuleuven-groept\2023-2024\computerarchitecture\lab5-test\mapping.asm'
e:\cloud\onedrive - ludobruynseels\documenten\werk\kuleuven-groept\2023-2024\computerarchitecture\lab5-test\main.asm(46): as1 : Error 54: Can't match Addressing mode '	mov PD_DDR, #$255'
1 error on assembly of 'e:\cloud\onedrive - ludobruynseels\documenten\werk\kuleuven-groept\2023-2024\computerarchitecture\lab5-test\main.asm'
e:\cloud\onedrive - ludobruynseels\documenten\werk\kuleuven-groept\2023-2024\computerarchitecture\lab5-test\main.asm(46): as1 : Error 54: Can't match Addressing mode '	mov PD_DDR, #$255'
1 error on assembly of 'e:\cloud\onedrive - ludobruynseels\documenten\werk\kuleuven-groept\2023-2024\computerarchitecture\lab5-test\main.asm'
e:\cloud\onedrive - ludobruynseels\documenten\werk\kuleuven-groept\2023-2024\computerarchitecture\lab5-test\main.asm(46): as1 : Error 54: Can't match Addressing mode '	ld PD_DDR, #$255'
1 error on assembly of 'e:\cloud\onedrive - ludobruynseels\documenten\werk\kuleuven-groept\2023-2024\computerarchitecture\lab5-test\main.asm'
e:\cloud\onedrive - ludobruynseels\documenten\werk\kuleuven-groept\2023-2024\computerarchitecture\lab5-test\main.asm(46): as1 : Error 54: Can't match Addressing mode '	ld PD_DDR, #$255'
1 error on assembly of 'e:\cloud\onedrive - ludobruynseels\documenten\werk\kuleuven-groept\2023-2024\computerarchitecture\lab5-test\main.asm'
e:\cloud\onedrive - ludobruynseels\documenten\werk\kuleuven-groept\2023-2024\computerarchitecture\lab5-test\main.asm(46): as1 : Error 54: Can't match Addressing mode '	ld PD_DDR, #$ff'
1 error on assembly of 'e:\cloud\onedrive - ludobruynseels\documenten\werk\kuleuven-groept\2023-2024\computerarchitecture\lab5-test\main.asm'
e:\cloud\onedrive - ludobruynseels\documenten\werk\kuleuven-groept\2023-2024\computerarchitecture\lab5-test\main.asm(46): as1 : Error 54: Can't match Addressing mode '	ld PD_DDR, #$ff'
1 error on assembly of 'e:\cloud\onedrive - ludobruynseels\documenten\werk\kuleuven-groept\2023-2024\computerarchitecture\lab5-test\main.asm'
No errors on assembly of 'e:\cloud\onedrive - ludobruynseels\documenten\werk\kuleuven-groept\2023-2024\computerarchitecture\lab5-test\main.asm'
No errors on assembly of 'e:\cloud\onedrive - ludobruynseels\documenten\werk\kuleuven-groept\2023-2024\computerarchitecture\lab5-test\main.asm'
No errors on assembly of 'e:\cloud\onedrive - ludobruynseels\documenten\werk\kuleuven-groept\2023-2024\computerarchitecture\lab5-test\mapping.asm'
No errors on assembly of 'e:\cloud\onedrive - ludobruynseels\documenten\werk\kuleuven-groept\2023-2024\computerarchitecture\lab5-test\mapping.asm'
No errors on assembly of 'e:\cloud\onedrive - ludobruynseels\documenten\werk\kuleuven-groept\2023-2024\computerarchitecture\lab5-test\main.asm'
No errors on assembly of 'e:\cloud\onedrive - ludobruynseels\documenten\werk\kuleuven-groept\2023-2024\computerarchitecture\lab5-test\main.asm'
No errors on assembly of 'e:\cloud\onedrive - ludobruynseels\documenten\werk\kuleuven-groept\2023-2024\computerarchitecture\lab5-test\stm8s105k.asm'
No errors on assembly of 'e:\cloud\onedrive - ludobruynseels\documenten\werk\kuleuven-groept\2023-2024\computerarchitecture\lab5-test\stm8s105k.asm'
No errors on assembly of 'e:\cloud\onedrive - ludobruynseels\documenten\werk\kuleuven-groept\2023-2024\computerarchitecture\lab5-test\mapping.asm'
No errors on assembly of 'e:\cloud\onedrive - ludobruynseels\documenten\werk\kuleuven-groept\2023-2024\computerarchitecture\lab5-test\main2.asm'
No errors on assembly of 'e:\cloud\onedrive - ludobruynseels\documenten\werk\kuleuven-groept\2023-2024\computerarchitecture\lab5-test\main2.asm'
No errors on assembly of 'c:\users\24516\desktop\ca-lab5-20240508\mapping.asm'
No errors on assembly of 'c:\users\24516\desktop\ca-lab5-20240508\mapping.asm'
No errors on assembly of 'c:\users\24516\desktop\ca-lab5-20240508\mapping.asm'
No errors on assembly of 'c:\users\24516\desktop\ca-lab5-20240508\mapping.asm'
No errors on assembly of 'c:\users\24516\desktop\ca-lab5-20240508\main.asm'
No errors on assembly of 'c:\users\24516\desktop\ca-lab5-20240508\main.asm'
No errors on assembly of 'c:\users\24516\desktop\ca-lab5-20240508\stm8s105k.asm'
No errors on assembly of 'c:\users\24516\desktop\ca-lab5-20240508\stm8s105k.asm'
c:\users\24516\desktop\ca-lab5-20240508\main.asm(56): as1 : Error 54: Can't match Addressing mode '	mov PD_ODR, a'
1 error on assembly of 'c:\users\24516\desktop\ca-lab5-20240508\main.asm'
c:\users\24516\desktop\ca-lab5-20240508\main.asm(56): as1 : Error 54: Can't match Addressing mode '	mov PD_ODR, a'
1 error on assembly of 'c:\users\24516\desktop\ca-lab5-20240508\main.asm'
c:\users\24516\desktop\ca-lab5-20240508\main.asm(56): as1 : Error 54: Can't match Addressing mode '	mov PD_ODR, a'
1 error on assembly of 'c:\users\24516\desktop\ca-lab5-20240508\main.asm'
No errors on assembly of 'c:\users\24516\desktop\ca-lab5-20240508\main.asm'
No errors on assembly of 'c:\users\24516\desktop\ca-lab5-20240508\main.asm'
No errors on assembly of 'c:\users\24516\desktop\ca-lab5-20240508\main.asm'
No errors on assembly of 'c:\users\24516\desktop\ca-lab5-20240508\main.asm'
No errors on assembly of 'c:\users\24516\desktop\ca-lab5-20240508\main.asm'
No errors on assembly of 'c:\users\24516\desktop\ca-lab5-20240508\main.asm'
No errors on assembly of 'c:\users\24516\desktop\ca-lab5-20240508\main.asm'
No errors on assembly of 'c:\users\24516\desktop\ca-lab5-20240508\main.asm'
No errors on assembly of 'c:\users\24516\desktop\ca-lab5-20240508\main.asm'
No errors on assembly of 'c:\users\24516\desktop\ca-lab5-20240508\main.asm'
No errors on assembly of 'c:\users\24516\desktop\ca-lab5-20240508\main.asm'
No errors on assembly of 'c:\users\24516\desktop\ca-lab5-20240508\main.asm'
No errors on assembly of 'c:\users\24516\desktop\ca-lab5-20240508\main.asm'
No errors on assembly of 'c:\users\24516\desktop\ca-lab5-20240508\main.asm'
No errors on assembly of 'c:\users\24516\desktop\ca-lab5-20240508\main.asm'
No errors on assembly of 'c:\users\24516\desktop\ca-lab5-20240508\main.asm'
No errors on assembly of 'c:\users\24516\desktop\ca-lab5-20240508\main.asm'
No errors on assembly of 'c:\users\24516\desktop\ca-lab5-20240508\main.asm'
No errors on assembly of 'c:\users\24516\desktop\ca-lab5-20240508\main.asm'
No errors on assembly of 'c:\users\24516\desktop\ca-lab5-20240508\main.asm'
No errors on assembly of 'c:\users\24516\desktop\ca-lab5-20240508\main.asm'
No errors on assembly of 'c:\users\24516\desktop\ca-lab5-20240508\main.asm'
No errors on assembly of 'c:\users\24516\desktop\ca-lab5-20240508\main.asm'
No errors on assembly of 'c:\users\24516\desktop\ca-lab5-20240508\main.asm'
No errors on assembly of 'c:\users\24516\desktop\ca-lab5-20240508\main.asm'
No errors on assembly of 'c:\users\24516\desktop\ca-lab5-20240508\main.asm'
No errors on assembly of 'c:\users\24516\desktop\ca-lab5-20240508\main.asm'
No errors on assembly of 'c:\users\24516\desktop\ca-lab5-20240508\main.asm'
No errors on assembly of 'c:\users\24516\desktop\ca-lab5-20240508\main.asm'
No errors on assembly of 'c:\users\24516\desktop\ca-lab5-20240508\main.asm'
c:\users\24516\desktop\ca-lab5-20240508\main.asm(57): as1 : Error 54: Can't match Addressing mode '	cp a, #ff'
1 error on assembly of 'c:\users\24516\desktop\ca-lab5-20240508\main.asm'
c:\users\24516\desktop\ca-lab5-20240508\main.asm(57): as1 : Error 54: Can't match Addressing mode '	cp a, #ff'
1 error on assembly of 'c:\users\24516\desktop\ca-lab5-20240508\main.asm'
c:\users\24516\desktop\ca-lab5-20240508\main.asm(57): as1 : Error 54: Can't match Addressing mode '	cp a, #ff'
c:\users\24516\desktop\ca-lab5-20240508\main.asm(57): as2 : Error 46: Illegal undefined label 'ff'
2 errors on assembly of 'c:\users\24516\desktop\ca-lab5-20240508\main.asm'
No errors on assembly of 'c:\users\24516\desktop\ca-lab5-20240508\main.asm'
No errors on assembly of 'c:\users\24516\desktop\ca-lab5-20240508\main.asm'
No errors on assembly of 'c:\users\24516\desktop\ca-lab5-20240508\main.asm'
No errors on assembly of 'c:\users\24516\desktop\ca-lab5-20240508\main.asm'
No errors on assembly of 'c:\users\24516\desktop\ca-lab5-20240508\main.asm'
No errors on assembly of 'c:\users\24516\desktop\ca-lab5-20240508\main.asm'
No errors on assembly of 'c:\users\24516\desktop\ca-lab5-20240508\main.asm'
No errors on assembly of 'c:\users\24516\desktop\ca-lab5-20240508\main.asm'
No errors on assembly of 'c:\users\24516\desktop\ca-lab5-20240508\main.asm'
c:\users\24516\desktop\ca-lab5-20240508\main.asm(56): as1 : Error 54: Can't match Addressing mode '	cp a, #'
1 error on assembly of 'c:\users\24516\desktop\ca-lab5-20240508\main.asm'
c:\users\24516\desktop\ca-lab5-20240508\main.asm(56): as1 : Error 54: Can't match Addressing mode '	cp a, #'
1 error on assembly of 'c:\users\24516\desktop\ca-lab5-20240508\main.asm'
c:\users\24516\desktop\ca-lab5-20240508\main.asm(56): as1 : Error 54: Can't match Addressing mode '	cp a, #'
1 error on assembly of 'c:\users\24516\desktop\ca-lab5-20240508\main.asm'
No errors on assembly of 'c:\users\24516\desktop\ca-lab5-20240508\main.asm'
No errors on assembly of 'c:\users\24516\desktop\ca-lab5-20240508\main.asm'
No errors on assembly of 'c:\users\24516\desktop\ca-lab5-20240508\main.asm'
No errors on assembly of 'c:\users\24516\desktop\ca-lab5-20240508\main.asm'
No errors on assembly of 'c:\users\24516\desktop\ca-lab5-20240508\main.asm'
No errors on assembly of 'c:\users\24516\desktop\ca-lab5-20240508\main.asm'
No errors on assembly of 'c:\users\24516\desktop\ca-lab5-20240508\main.asm'
No errors on assembly of 'c:\users\24516\desktop\ca-lab5-20240508\main.asm'
No errors on assembly of 'c:\users\24516\desktop\ca-lab5-20240508\main.asm'
No errors on assembly of 'c:\users\24516\desktop\ca-lab5-20240508\main.asm'
No errors on assembly of 'c:\users\24516\desktop\ca-lab5-20240508\main.asm'
No errors on assembly of 'c:\users\24516\desktop\ca-lab5-20240508\main.asm'
No errors on assembly of 'c:\users\24516\desktop\ca-lab5-20240508\main.asm'
No errors on assembly of 'c:\users\24516\desktop\ca-lab5-20240508\main.asm'
No errors on assembly of 'c:\users\24516\desktop\ca-lab5-20240508\main.asm'
No errors on assembly of 'c:\users\24516\desktop\ca-lab5-20240508\main.asm'
No errors on assembly of 'c:\users\24516\desktop\ca-lab5-20240508\main.asm'
No errors on assembly of 'c:\users\24516\desktop\ca-lab5-20240508\main.asm'
No errors on assembly of 'c:\users\24516\desktop\ca-lab5-20240508\main.asm'
No errors on assembly of 'c:\users\24516\desktop\ca-lab5-20240508\main.asm'
No errors on assembly of 'c:\users\24516\desktop\ca-lab5-20240508\main.asm'
c:\users\24516\desktop\ca-lab5-20240508\main.asm(84): as1 : Error 54: Can't match Addressing mode '	cp PD_ODR, #1'
1 error on assembly of 'c:\users\24516\desktop\ca-lab5-20240508\main.asm'
c:\users\24516\desktop\ca-lab5-20240508\main.asm(84): as1 : Error 54: Can't match Addressing mode '	cp PD_ODR, #1'
1 error on assembly of 'c:\users\24516\desktop\ca-lab5-20240508\main.asm'
c:\users\24516\desktop\ca-lab5-20240508\main.asm(84): as1 : Error 54: Can't match Addressing mode '	cp PD_ODR, #1'
1 error on assembly of 'c:\users\24516\desktop\ca-lab5-20240508\main.asm'
c:\users\24516\desktop\ca-lab5-20240508\main.asm(49): as1 : Error 54: Can't match Addressing mode '	mov PD_ODR, #10101010'
1 error on assembly of 'c:\users\24516\desktop\ca-lab5-20240508\main.asm'
c:\users\24516\desktop\ca-lab5-20240508\main.asm(49): as1 : Error 54: Can't match Addressing mode '	mov PD_ODR, #10101010'
1 error on assembly of 'c:\users\24516\desktop\ca-lab5-20240508\main.asm'
c:\users\24516\desktop\ca-lab5-20240508\main.asm(49): as1 : Error 54: Can't match Addressing mode '	mov PD_ODR, #10101010'
1 error on assembly of 'c:\users\24516\desktop\ca-lab5-20240508\main.asm'
No errors on assembly of 'c:\users\24516\desktop\ca-lab5-20240508\main.asm'
No errors on assembly of 'c:\users\24516\desktop\ca-lab5-20240508\main.asm'
No errors on assembly of 'c:\users\24516\desktop\ca-lab5-20240508\main.asm'
No errors on assembly of 'c:\users\24516\desktop\ca-lab5-20240508\main.asm'
No errors on assembly of 'c:\users\24516\desktop\ca-lab5-20240508\main.asm'
No errors on assembly of 'c:\users\24516\desktop\ca-lab5-20240508\main.asm'
No errors on assembly of 'c:\users\24516\desktop\ca-lab5-20240508\main.asm'
No errors on assembly of 'c:\users\24516\desktop\ca-lab5-20240508\main.asm'
No errors on assembly of 'c:\users\24516\desktop\ca-lab5-20240508\main.asm'
c:\users\24516\desktop\ca-lab5-20240508\main2.asm(91): as1 : Error 54: Can't match Addressing mode '	mov TIM2_CCR1L, #F4'
1 error on assembly of 'c:\users\24516\desktop\ca-lab5-20240508\main2.asm'
No errors on assembly of 'c:\users\24516\desktop\ca-lab5-20240508\mapping.asm'
c:\users\24516\desktop\ca-lab5-20240508\main2.asm(91): as1 : Error 54: Can't match Addressing mode '	mov TIM2_CCR1L, #F4'
1 error on assembly of 'c:\users\24516\desktop\ca-lab5-20240508\main2.asm'
c:\users\24516\desktop\ca-lab5-20240508\main2.asm(91): as1 : Error 54: Can't match Addressing mode '	mov TIM2_CCR1L, #F4'
c:\users\24516\desktop\ca-lab5-20240508\main2.asm(50): as2 : Error 46: Illegal undefined label 'TIM2_TER, #$00'
c:\users\24516\desktop\ca-lab5-20240508\main2.asm(58): as2 : Error 46: Illegal undefined label 'D'
c:\users\24516\desktop\ca-lab5-20240508\main2.asm(85): as2 : Error 46: Illegal undefined label 'D'
c:\users\24516\desktop\ca-lab5-20240508\main2.asm(91): as2 : Error 46: Illegal undefined label 'F4'
5 errors on assembly of 'c:\users\24516\desktop\ca-lab5-20240508\main2.asm'
No errors on assembly of 'c:\users\24516\desktop\ca-lab5-20240508\main2.asm'
No errors on assembly of 'c:\users\24516\desktop\ca-lab5-20240508\main2.asm'
c:\users\24516\desktop\ca-lab5-20240508\main2.asm(50): as2 : Error 46: Illegal undefined label 'TIM2_TER, #$00'
1 error on assembly of 'c:\users\24516\desktop\ca-lab5-20240508\main2.asm'
No errors on assembly of 'c:\users\24516\desktop\ca-lab5-20240508\main2.asm'
No errors on assembly of 'c:\users\24516\desktop\ca-lab5-20240508\main2.asm'
No errors on assembly of 'c:\users\24516\desktop\ca-lab5-20240508\main2.asm'
No errors on assembly of 'c:\users\24516\desktop\ca-lab5-20240508\main2.asm'
No errors on assembly of 'c:\users\24516\desktop\ca-lab5-20240508\main2.asm'
No errors on assembly of 'c:\users\24516\desktop\ca-lab5-20240508\main2.asm'
No errors on assembly of 'c:\users\24516\desktop\ca-lab5-20240508\main2.asm'
No errors on assembly of 'c:\users\24516\desktop\ca-lab5-20240508\main2.asm'
No errors on assembly of 'c:\users\24516\desktop\ca-lab5-20240508\main2.asm'
No errors on assembly of 'c:\users\24516\desktop\ca-lab5-20240508\main2.asm'
No errors on assembly of 'c:\users\24516\desktop\ca-lab5-20240508\main2.asm'
c:\users\24516\desktop\ca-lab5-20240508\main2.asm(140): as2 : Error 46: Illegal undefined label 'timer3}	; irq15'
1 error on assembly of 'c:\users\24516\desktop\ca-lab5-20240508\main2.asm'
No errors on assembly of 'c:\users\24516\desktop\ca-lab5-20240508\main2.asm'
No errors on assembly of 'c:\users\24516\desktop\ca-lab5-20240508\main2.asm'
No errors on assembly of 'c:\users\24516\desktop\ca-lab5-20240508\main2.asm'
No errors on assembly of 'c:\users\24516\desktop\ca-lab5-20240508\main2.asm'
No errors on assembly of 'c:\users\24516\desktop\ca-lab5-20240508\main2.asm'
No errors on assembly of 'c:\users\24516\desktop\ca-lab5-20240508\main2.asm'
No errors on assembly of 'c:\users\24516\desktop\ca-lab5-20240508\main2.asm'
No errors on assembly of 'c:\users\24516\desktop\ca-lab5-20240508\main2.asm'
No errors on assembly of 'c:\users\24516\desktop\ca-lab5-20240508\main2.asm'
c:\users\24516\desktop\ca-lab5-20240508\main3.asm(62): as1 : Error 54: Can't match Addressing mode '	ld a, (array, Y)'
c:\users\24516\desktop\ca-lab5-20240508\main3.asm(63): as1 : Error 54: Can't match Addressing mode '	addw X, a'
c:\users\24516\desktop\ca-lab5-20240508\main3.asm(65): as1 : Error 54: Can't match Addressing mode '	ld a, (array, Y)'
c:\users\24516\desktop\ca-lab5-20240508\main3.asm(66): as1 : Error 54: Can't match Addressing mode '	addw X, a'
c:\users\24516\desktop\ca-lab5-20240508\main3.asm(68): as1 : Error 54: Can't match Addressing mode '	ld a, (array, Y)'
c:\users\24516\desktop\ca-lab5-20240508\main3.asm(69): as1 : Error 54: Can't match Addressing mode '	addw X, a'
c:\users\24516\desktop\ca-lab5-20240508\main3.asm(71): as1 : Error 54: Can't match Addressing mode '	ld a, (array, Y)'
c:\users\24516\desktop\ca-lab5-20240508\main3.asm(72): as1 : Error 54: Can't match Addressing mode '	addw X, a'
c:\users\24516\desktop\ca-lab5-20240508\main3.asm(73): as1 : Error 54: Can't match Addressing mode '	mov PD_ODR, X'
9 errors on assembly of 'c:\users\24516\desktop\ca-lab5-20240508\main3.asm'
No errors on assembly of 'c:\users\24516\desktop\ca-lab5-20240508\mapping.asm'
c:\users\24516\desktop\ca-lab5-20240508\main3.asm(62): as1 : Error 54: Can't match Addressing mode '	ld a, (array, Y)'
c:\users\24516\desktop\ca-lab5-20240508\main3.asm(63): as1 : Error 54: Can't match Addressing mode '	addw X, a'
c:\users\24516\desktop\ca-lab5-20240508\main3.asm(65): as1 : Error 54: Can't match Addressing mode '	ld a, (array, Y)'
c:\users\24516\desktop\ca-lab5-20240508\main3.asm(66): as1 : Error 54: Can't match Addressing mode '	addw X, a'
c:\users\24516\desktop\ca-lab5-20240508\main3.asm(68): as1 : Error 54: Can't match Addressing mode '	ld a, (array, Y)'
c:\users\24516\desktop\ca-lab5-20240508\main3.asm(69): as1 : Error 54: Can't match Addressing mode '	addw X, a'
c:\users\24516\desktop\ca-lab5-20240508\main3.asm(71): as1 : Error 54: Can't match Addressing mode '	ld a, (array, Y)'
c:\users\24516\desktop\ca-lab5-20240508\main3.asm(72): as1 : Error 54: Can't match Addressing mode '	addw X, a'
c:\users\24516\desktop\ca-lab5-20240508\main3.asm(73): as1 : Error 54: Can't match Addressing mode '	mov PD_ODR, X'
9 errors on assembly of 'c:\users\24516\desktop\ca-lab5-20240508\main3.asm'
c:\users\24516\desktop\ca-lab5-20240508\main3.asm(62): as1 : Error 54: Can't match Addressing mode '	ld a, (array, Y)'
c:\users\24516\desktop\ca-lab5-20240508\main3.asm(63): as1 : Error 54: Can't match Addressing mode '	addw X, a'
c:\users\24516\desktop\ca-lab5-20240508\main3.asm(65): as1 : Error 54: Can't match Addressing mode '	ld a, (array, Y)'
c:\users\24516\desktop\ca-lab5-20240508\main3.asm(66): as1 : Error 54: Can't match Addressing mode '	addw X, a'
c:\users\24516\desktop\ca-lab5-20240508\main3.asm(68): as1 : Error 54: Can't match Addressing mode '	ld a, (array, Y)'
c:\users\24516\desktop\ca-lab5-20240508\main3.asm(69): as1 : Error 54: Can't match Addressing mode '	addw X, a'
c:\users\24516\desktop\ca-lab5-20240508\main3.asm(71): as1 : Error 54: Can't match Addressing mode '	ld a, (array, Y)'
c:\users\24516\desktop\ca-lab5-20240508\main3.asm(72): as1 : Error 54: Can't match Addressing mode '	addw X, a'
c:\users\24516\desktop\ca-lab5-20240508\main3.asm(73): as1 : Error 54: Can't match Addressing mode '	mov PD_ODR, X'
9 errors on assembly of 'c:\users\24516\desktop\ca-lab5-20240508\main3.asm'
c:\users\24516\desktop\ca-lab5-20240508\main3.asm(63): as1 : Error 54: Can't match Addressing mode '	addw X, a'
c:\users\24516\desktop\ca-lab5-20240508\main3.asm(66): as1 : Error 54: Can't match Addressing mode '	addw X, a'
c:\users\24516\desktop\ca-lab5-20240508\main3.asm(69): as1 : Error 54: Can't match Addressing mode '	addw X, a'
c:\users\24516\desktop\ca-lab5-20240508\main3.asm(72): as1 : Error 54: Can't match Addressing mode '	addw X, a'
c:\users\24516\desktop\ca-lab5-20240508\main3.asm(73): as1 : Error 54: Can't match Addressing mode '	mov PD_ODR, X'
5 errors on assembly of 'c:\users\24516\desktop\ca-lab5-20240508\main3.asm'
c:\users\24516\desktop\ca-lab5-20240508\main3.asm(63): as1 : Error 54: Can't match Addressing mode '	addw X, a'
c:\users\24516\desktop\ca-lab5-20240508\main3.asm(66): as1 : Error 54: Can't match Addressing mode '	addw X, a'
c:\users\24516\desktop\ca-lab5-20240508\main3.asm(69): as1 : Error 54: Can't match Addressing mode '	addw X, a'
c:\users\24516\desktop\ca-lab5-20240508\main3.asm(72): as1 : Error 54: Can't match Addressing mode '	addw X, a'
c:\users\24516\desktop\ca-lab5-20240508\main3.asm(73): as1 : Error 54: Can't match Addressing mode '	mov PD_ODR, X'
5 errors on assembly of 'c:\users\24516\desktop\ca-lab5-20240508\main3.asm'
c:\users\24516\desktop\ca-lab5-20240508\main3.asm(63): as1 : Error 54: Can't match Addressing mode '	addw X, a'
c:\users\24516\desktop\ca-lab5-20240508\main3.asm(66): as1 : Error 54: Can't match Addressing mode '	addw X, a'
c:\users\24516\desktop\ca-lab5-20240508\main3.asm(69): as1 : Error 54: Can't match Addressing mode '	addw X, a'
c:\users\24516\desktop\ca-lab5-20240508\main3.asm(72): as1 : Error 54: Can't match Addressing mode '	addw X, a'
c:\users\24516\desktop\ca-lab5-20240508\main3.asm(73): as1 : Error 54: Can't match Addressing mode '	mov PD_ODR, X'
5 errors on assembly of 'c:\users\24516\desktop\ca-lab5-20240508\main3.asm'
c:\users\24516\desktop\ca-lab5-20240508\main3.asm(63): as1 : Error 54: Can't match Addressing mode '	addw X, a'
c:\users\24516\desktop\ca-lab5-20240508\main3.asm(66): as1 : Error 54: Can't match Addressing mode '	addw X, a'
c:\users\24516\desktop\ca-lab5-20240508\main3.asm(69): as1 : Error 54: Can't match Addressing mode '	addw X, a'
c:\users\24516\desktop\ca-lab5-20240508\main3.asm(72): as1 : Error 54: Can't match Addressing mode '	addw X, a'
c:\users\24516\desktop\ca-lab5-20240508\main3.asm(75): as1 : Error 54: Can't match Addressing mode '	mov PD_ODR, X'
5 errors on assembly of 'c:\users\24516\desktop\ca-lab5-20240508\main3.asm'
c:\users\24516\desktop\ca-lab5-20240508\main3.asm(63): as1 : Error 54: Can't match Addressing mode '	addw X, a'
c:\users\24516\desktop\ca-lab5-20240508\main3.asm(66): as1 : Error 54: Can't match Addressing mode '	addw X, a'
c:\users\24516\desktop\ca-lab5-20240508\main3.asm(69): as1 : Error 54: Can't match Addressing mode '	addw X, a'
c:\users\24516\desktop\ca-lab5-20240508\main3.asm(72): as1 : Error 54: Can't match Addressing mode '	addw X, a'
c:\users\24516\desktop\ca-lab5-20240508\main3.asm(75): as1 : Error 54: Can't match Addressing mode '	mov PD_ODR, X'
5 errors on assembly of 'c:\users\24516\desktop\ca-lab5-20240508\main3.asm'
c:\users\24516\desktop\ca-lab5-20240508\main3.asm(63): as1 : Error 54: Can't match Addressing mode '	addw X, a'
c:\users\24516\desktop\ca-lab5-20240508\main3.asm(66): as1 : Error 54: Can't match Addressing mode '	addw X, a'
c:\users\24516\desktop\ca-lab5-20240508\main3.asm(69): as1 : Error 54: Can't match Addressing mode '	addw X, a'
c:\users\24516\desktop\ca-lab5-20240508\main3.asm(72): as1 : Error 54: Can't match Addressing mode '	addw X, a'
c:\users\24516\desktop\ca-lab5-20240508\main3.asm(75): as1 : Error 54: Can't match Addressing mode '	mov PD_ODR, X'
5 errors on assembly of 'c:\users\24516\desktop\ca-lab5-20240508\main3.asm'
c:\users\24516\desktop\ca-lab5-20240508\main3.asm(61): as1 : Error 54: Can't match Addressing mode '	ldw a, #0'
c:\users\24516\desktop\ca-lab5-20240508\main3.asm(62): as1 : Error 54: Can't match Addressing mode '	ld Y,(array,a)'
c:\users\24516\desktop\ca-lab5-20240508\main3.asm(63): as1 : Error 54: Can't match Addressing mode '	addw X, a'
c:\users\24516\desktop\ca-lab5-20240508\main3.asm(65): as1 : Error 54: Can't match Addressing mode '	ld Y,(array,a)'
c:\users\24516\desktop\ca-lab5-20240508\main3.asm(66): as1 : Error 54: Can't match Addressing mode '	addw X, a'
c:\users\24516\desktop\ca-lab5-20240508\main3.asm(68): as1 : Error 54: Can't match Addressing mode '	ld Y,(array,a)'
c:\users\24516\desktop\ca-lab5-20240508\main3.asm(69): as1 : Error 54: Can't match Addressing mode '	addw X, a'
c:\users\24516\desktop\ca-lab5-20240508\main3.asm(71): as1 : Error 54: Can't match Addressing mode '	ld Y,(array,a)'
c:\users\24516\desktop\ca-lab5-20240508\main3.asm(72): as1 : Error 54: Can't match Addressing mode '	addw X, a'
c:\users\24516\desktop\ca-lab5-20240508\main3.asm(75): as1 : Error 54: Can't match Addressing mode '	mov PD_ODR, X'
10 errors on assembly of 'c:\users\24516\desktop\ca-lab5-20240508\main3.asm'
c:\users\24516\desktop\ca-lab5-20240508\main3.asm(61): as1 : Error 54: Can't match Addressing mode '	ldw a, #0'
c:\users\24516\desktop\ca-lab5-20240508\main3.asm(62): as1 : Error 54: Can't match Addressing mode '	ld Y,(array,a)'
c:\users\24516\desktop\ca-lab5-20240508\main3.asm(63): as1 : Error 54: Can't match Addressing mode '	addw X, a'
c:\users\24516\desktop\ca-lab5-20240508\main3.asm(65): as1 : Error 54: Can't match Addressing mode '	ld Y,(array,a)'
c:\users\24516\desktop\ca-lab5-20240508\main3.asm(66): as1 : Error 54: Can't match Addressing mode '	addw X, a'
c:\users\24516\desktop\ca-lab5-20240508\main3.asm(68): as1 : Error 54: Can't match Addressing mode '	ld Y,(array,a)'
c:\users\24516\desktop\ca-lab5-20240508\main3.asm(69): as1 : Error 54: Can't match Addressing mode '	addw X, a'
c:\users\24516\desktop\ca-lab5-20240508\main3.asm(71): as1 : Error 54: Can't match Addressing mode '	ld Y,(array,a)'
c:\users\24516\desktop\ca-lab5-20240508\main3.asm(72): as1 : Error 54: Can't match Addressing mode '	addw X, a'
c:\users\24516\desktop\ca-lab5-20240508\main3.asm(75): as1 : Error 54: Can't match Addressing mode '	mov PD_ODR, X'
10 errors on assembly of 'c:\users\24516\desktop\ca-lab5-20240508\main3.asm'
c:\users\24516\desktop\ca-lab5-20240508\main3.asm(61): as1 : Error 54: Can't match Addressing mode '	ldw a, #0'
c:\users\24516\desktop\ca-lab5-20240508\main3.asm(62): as1 : Error 54: Can't match Addressing mode '	ld Y,(array,a)'
c:\users\24516\desktop\ca-lab5-20240508\main3.asm(63): as1 : Error 54: Can't match Addressing mode '	addw X, a'
c:\users\24516\desktop\ca-lab5-20240508\main3.asm(65): as1 : Error 54: Can't match Addressing mode '	ld Y,(array,a)'
c:\users\24516\desktop\ca-lab5-20240508\main3.asm(66): as1 : Error 54: Can't match Addressing mode '	addw X, a'
c:\users\24516\desktop\ca-lab5-20240508\main3.asm(68): as1 : Error 54: Can't match Addressing mode '	ld Y,(array,a)'
c:\users\24516\desktop\ca-lab5-20240508\main3.asm(69): as1 : Error 54: Can't match Addressing mode '	addw X, a'
c:\users\24516\desktop\ca-lab5-20240508\main3.asm(71): as1 : Error 54: Can't match Addressing mode '	ld Y,(array,a)'
c:\users\24516\desktop\ca-lab5-20240508\main3.asm(72): as1 : Error 54: Can't match Addressing mode '	addw X, a'
c:\users\24516\desktop\ca-lab5-20240508\main3.asm(75): as1 : Error 54: Can't match Addressing mode '	mov PD_ODR, X'
10 errors on assembly of 'c:\users\24516\desktop\ca-lab5-20240508\main3.asm'
c:\users\24516\desktop\ca-lab5-20240508\main3.asm(63): as1 : Error 54: Can't match Addressing mode '	addw X, a'
c:\users\24516\desktop\ca-lab5-20240508\main3.asm(66): as1 : Error 54: Can't match Addressing mode '	addw X, a'
c:\users\24516\desktop\ca-lab5-20240508\main3.asm(69): as1 : Error 54: Can't match Addressing mode '	addw X, a'
c:\users\24516\desktop\ca-lab5-20240508\main3.asm(72): as1 : Error 54: Can't match Addressing mode '	addw X, a'
c:\users\24516\desktop\ca-lab5-20240508\main3.asm(75): as1 : Error 54: Can't match Addressing mode '	mov PD_ODR, X'
5 errors on assembly of 'c:\users\24516\desktop\ca-lab5-20240508\main3.asm'
c:\users\24516\desktop\ca-lab5-20240508\main3.asm(63): as1 : Error 54: Can't match Addressing mode '	addw X, a'
c:\users\24516\desktop\ca-lab5-20240508\main3.asm(66): as1 : Error 54: Can't match Addressing mode '	addw X, a'
c:\users\24516\desktop\ca-lab5-20240508\main3.asm(69): as1 : Error 54: Can't match Addressing mode '	addw X, a'
c:\users\24516\desktop\ca-lab5-20240508\main3.asm(72): as1 : Error 54: Can't match Addressing mode '	addw X, a'
c:\users\24516\desktop\ca-lab5-20240508\main3.asm(75): as1 : Error 54: Can't match Addressing mode '	mov PD_ODR, X'
5 errors on assembly of 'c:\users\24516\desktop\ca-lab5-20240508\main3.asm'
c:\users\24516\desktop\ca-lab5-20240508\main3.asm(63): as1 : Error 54: Can't match Addressing mode '	addw X, a'
c:\users\24516\desktop\ca-lab5-20240508\main3.asm(66): as1 : Error 54: Can't match Addressing mode '	addw X, a'
c:\users\24516\desktop\ca-lab5-20240508\main3.asm(69): as1 : Error 54: Can't match Addressing mode '	addw X, a'
c:\users\24516\desktop\ca-lab5-20240508\main3.asm(72): as1 : Error 54: Can't match Addressing mode '	addw X, a'
c:\users\24516\desktop\ca-lab5-20240508\main3.asm(75): as1 : Error 54: Can't match Addressing mode '	mov PD_ODR, X'
5 errors on assembly of 'c:\users\24516\desktop\ca-lab5-20240508\main3.asm'
c:\users\24516\desktop\ca-lab5-20240508\main3.asm(63): as1 : Error 54: Can't match Addressing mode '	add X, a'
c:\users\24516\desktop\ca-lab5-20240508\main3.asm(66): as1 : Error 54: Can't match Addressing mode '	add X, a'
c:\users\24516\desktop\ca-lab5-20240508\main3.asm(69): as1 : Error 54: Can't match Addressing mode '	add X, a'
c:\users\24516\desktop\ca-lab5-20240508\main3.asm(72): as1 : Error 54: Can't match Addressing mode '	add X, a'
c:\users\24516\desktop\ca-lab5-20240508\main3.asm(75): as1 : Error 54: Can't match Addressing mode '	mov PD_ODR, X'
5 errors on assembly of 'c:\users\24516\desktop\ca-lab5-20240508\main3.asm'
c:\users\24516\desktop\ca-lab5-20240508\main3.asm(63): as1 : Error 54: Can't match Addressing mode '	add X, a'
c:\users\24516\desktop\ca-lab5-20240508\main3.asm(66): as1 : Error 54: Can't match Addressing mode '	add X, a'
c:\users\24516\desktop\ca-lab5-20240508\main3.asm(69): as1 : Error 54: Can't match Addressing mode '	add X, a'
c:\users\24516\desktop\ca-lab5-20240508\main3.asm(72): as1 : Error 54: Can't match Addressing mode '	add X, a'
c:\users\24516\desktop\ca-lab5-20240508\main3.asm(75): as1 : Error 54: Can't match Addressing mode '	mov PD_ODR, X'
5 errors on assembly of 'c:\users\24516\desktop\ca-lab5-20240508\main3.asm'
c:\users\24516\desktop\ca-lab5-20240508\main3.asm(63): as1 : Error 54: Can't match Addressing mode '	add X, a'
c:\users\24516\desktop\ca-lab5-20240508\main3.asm(66): as1 : Error 54: Can't match Addressing mode '	add X, a'
c:\users\24516\desktop\ca-lab5-20240508\main3.asm(69): as1 : Error 54: Can't match Addressing mode '	add X, a'
c:\users\24516\desktop\ca-lab5-20240508\main3.asm(72): as1 : Error 54: Can't match Addressing mode '	add X, a'
c:\users\24516\desktop\ca-lab5-20240508\main3.asm(75): as1 : Error 54: Can't match Addressing mode '	mov PD_ODR, X'
5 errors on assembly of 'c:\users\24516\desktop\ca-lab5-20240508\main3.asm'
c:\users\24516\desktop\ca-lab5-20240508\main3.asm(63): as1 : Error 54: Can't match Addressing mode '	add sum, a'
c:\users\24516\desktop\ca-lab5-20240508\main3.asm(66): as1 : Error 54: Can't match Addressing mode '	add sum, a'
c:\users\24516\desktop\ca-lab5-20240508\main3.asm(69): as1 : Error 54: Can't match Addressing mode '	add sum, a'
c:\users\24516\desktop\ca-lab5-20240508\main3.asm(72): as1 : Error 54: Can't match Addressing mode '	add sum, a'
c:\users\24516\desktop\ca-lab5-20240508\main3.asm(75): as1 : Error 54: Can't match Addressing mode '	mov PD_ODR, X'
5 errors on assembly of 'c:\users\24516\desktop\ca-lab5-20240508\main3.asm'
c:\users\24516\desktop\ca-lab5-20240508\main3.asm(63): as1 : Error 54: Can't match Addressing mode '	add sum, a'
c:\users\24516\desktop\ca-lab5-20240508\main3.asm(66): as1 : Error 54: Can't match Addressing mode '	add sum, a'
c:\users\24516\desktop\ca-lab5-20240508\main3.asm(69): as1 : Error 54: Can't match Addressing mode '	add sum, a'
c:\users\24516\desktop\ca-lab5-20240508\main3.asm(72): as1 : Error 54: Can't match Addressing mode '	add sum, a'
c:\users\24516\desktop\ca-lab5-20240508\main3.asm(75): as1 : Error 54: Can't match Addressing mode '	mov PD_ODR, X'
5 errors on assembly of 'c:\users\24516\desktop\ca-lab5-20240508\main3.asm'
c:\users\24516\desktop\ca-lab5-20240508\main3.asm(63): as1 : Error 54: Can't match Addressing mode '	add sum, a'
c:\users\24516\desktop\ca-lab5-20240508\main3.asm(66): as1 : Error 54: Can't match Addressing mode '	add sum, a'
c:\users\24516\desktop\ca-lab5-20240508\main3.asm(69): as1 : Error 54: Can't match Addressing mode '	add sum, a'
c:\users\24516\desktop\ca-lab5-20240508\main3.asm(72): as1 : Error 54: Can't match Addressing mode '	add sum, a'
c:\users\24516\desktop\ca-lab5-20240508\main3.asm(75): as1 : Error 54: Can't match Addressing mode '	mov PD_ODR, X'
5 errors on assembly of 'c:\users\24516\desktop\ca-lab5-20240508\main3.asm'
c:\users\24516\desktop\ca-lab5-20240508\main3.asm(63): as1 : Error 54: Can't match Addressing mode '	add XL, a'
c:\users\24516\desktop\ca-lab5-20240508\main3.asm(66): as1 : Error 54: Can't match Addressing mode '	add XL, a'
c:\users\24516\desktop\ca-lab5-20240508\main3.asm(69): as1 : Error 54: Can't match Addressing mode '	add XL, a'
c:\users\24516\desktop\ca-lab5-20240508\main3.asm(72): as1 : Error 54: Can't match Addressing mode '	add XL, a'
c:\users\24516\desktop\ca-lab5-20240508\main3.asm(75): as1 : Error 54: Can't match Addressing mode '	mov PD_ODR, X'
5 errors on assembly of 'c:\users\24516\desktop\ca-lab5-20240508\main3.asm'
c:\users\24516\desktop\ca-lab5-20240508\main3.asm(63): as1 : Error 54: Can't match Addressing mode '	add XL, a'
c:\users\24516\desktop\ca-lab5-20240508\main3.asm(66): as1 : Error 54: Can't match Addressing mode '	add XL, a'
c:\users\24516\desktop\ca-lab5-20240508\main3.asm(69): as1 : Error 54: Can't match Addressing mode '	add XL, a'
c:\users\24516\desktop\ca-lab5-20240508\main3.asm(72): as1 : Error 54: Can't match Addressing mode '	add XL, a'
c:\users\24516\desktop\ca-lab5-20240508\main3.asm(75): as1 : Error 54: Can't match Addressing mode '	mov PD_ODR, X'
5 errors on assembly of 'c:\users\24516\desktop\ca-lab5-20240508\main3.asm'
c:\users\24516\desktop\ca-lab5-20240508\main3.asm(63): as1 : Error 54: Can't match Addressing mode '	add XL, a'
c:\users\24516\desktop\ca-lab5-20240508\main3.asm(66): as1 : Error 54: Can't match Addressing mode '	add XL, a'
c:\users\24516\desktop\ca-lab5-20240508\main3.asm(69): as1 : Error 54: Can't match Addressing mode '	add XL, a'
c:\users\24516\desktop\ca-lab5-20240508\main3.asm(72): as1 : Error 54: Can't match Addressing mode '	add XL, a'
c:\users\24516\desktop\ca-lab5-20240508\main3.asm(75): as1 : Error 54: Can't match Addressing mode '	mov PD_ODR, X'
5 errors on assembly of 'c:\users\24516\desktop\ca-lab5-20240508\main3.asm'
c:\users\24516\desktop\ca-lab5-20240508\main3.asm(62): as1 : Error 54: Can't match Addressing mode '	ld X,(array,Y)'
c:\users\24516\desktop\ca-lab5-20240508\main3.asm(65): as1 : Error 54: Can't match Addressing mode '	mov PD_ODR, X'
2 errors on assembly of 'c:\users\24516\desktop\ca-lab5-20240508\main3.asm'
c:\users\24516\desktop\ca-lab5-20240508\main3.asm(62): as1 : Error 54: Can't match Addressing mode '	ld X,(array,Y)'
c:\users\24516\desktop\ca-lab5-20240508\main3.asm(65): as1 : Error 54: Can't match Addressing mode '	mov PD_ODR, X'
2 errors on assembly of 'c:\users\24516\desktop\ca-lab5-20240508\main3.asm'
c:\users\24516\desktop\ca-lab5-20240508\main3.asm(62): as1 : Error 54: Can't match Addressing mode '	ld X,(array,Y)'
c:\users\24516\desktop\ca-lab5-20240508\main3.asm(65): as1 : Error 54: Can't match Addressing mode '	mov PD_ODR, X'
2 errors on assembly of 'c:\users\24516\desktop\ca-lab5-20240508\main3.asm'
c:\users\24516\desktop\ca-lab5-20240508\main3.asm(62): as1 : Error 54: Can't match Addressing mode '	ldw X,(array,Y)'
c:\users\24516\desktop\ca-lab5-20240508\main3.asm(65): as1 : Error 54: Can't match Addressing mode '	mov PD_ODR, X'
2 errors on assembly of 'c:\users\24516\desktop\ca-lab5-20240508\main3.asm'
c:\users\24516\desktop\ca-lab5-20240508\main3.asm(62): as1 : Error 54: Can't match Addressing mode '	ldw X,(array,Y)'
c:\users\24516\desktop\ca-lab5-20240508\main3.asm(65): as1 : Error 54: Can't match Addressing mode '	mov PD_ODR, X'
2 errors on assembly of 'c:\users\24516\desktop\ca-lab5-20240508\main3.asm'
c:\users\24516\desktop\ca-lab5-20240508\main3.asm(62): as1 : Error 54: Can't match Addressing mode '	ldw X,(array,Y)'
c:\users\24516\desktop\ca-lab5-20240508\main3.asm(65): as1 : Error 54: Can't match Addressing mode '	mov PD_ODR, X'
2 errors on assembly of 'c:\users\24516\desktop\ca-lab5-20240508\main3.asm'
c:\users\24516\desktop\ca-lab5-20240508\main3.asm(65): as1 : Error 54: Can't match Addressing mode '	mov PD_ODR, X'
1 error on assembly of 'c:\users\24516\desktop\ca-lab5-20240508\main3.asm'
c:\users\24516\desktop\ca-lab5-20240508\main3.asm(65): as1 : Error 54: Can't match Addressing mode '	mov PD_ODR, X'
1 error on assembly of 'c:\users\24516\desktop\ca-lab5-20240508\main3.asm'
c:\users\24516\desktop\ca-lab5-20240508\main3.asm(65): as1 : Error 54: Can't match Addressing mode '	mov PD_ODR, X'
1 error on assembly of 'c:\users\24516\desktop\ca-lab5-20240508\main3.asm'
c:\users\24516\desktop\ca-lab5-20240508\main3.asm(65): as1 : Error 54: Can't match Addressing mode '	mov PD_ODR, XL'
1 error on assembly of 'c:\users\24516\desktop\ca-lab5-20240508\main3.asm'
c:\users\24516\desktop\ca-lab5-20240508\main3.asm(65): as1 : Error 54: Can't match Addressing mode '	mov PD_ODR, XL'
1 error on assembly of 'c:\users\24516\desktop\ca-lab5-20240508\main3.asm'
c:\users\24516\desktop\ca-lab5-20240508\main3.asm(65): as1 : Error 54: Can't match Addressing mode '	mov PD_ODR, XL'
1 error on assembly of 'c:\users\24516\desktop\ca-lab5-20240508\main3.asm'
c:\users\24516\desktop\ca-lab5-20240508\main3.asm(65): as1 : Error 54: Can't match Addressing mode '	ld PD_ODR, XL'
1 error on assembly of 'c:\users\24516\desktop\ca-lab5-20240508\main3.asm'
c:\users\24516\desktop\ca-lab5-20240508\main3.asm(65): as1 : Error 54: Can't match Addressing mode '	ld PD_ODR, XL'
1 error on assembly of 'c:\users\24516\desktop\ca-lab5-20240508\main3.asm'
c:\users\24516\desktop\ca-lab5-20240508\main3.asm(65): as1 : Error 54: Can't match Addressing mode '	ld PD_ODR, XL'
1 error on assembly of 'c:\users\24516\desktop\ca-lab5-20240508\main3.asm'
c:\users\24516\desktop\ca-lab5-20240508\main3.asm(65): as1 : Error 54: Can't match Addressing mode '	ld PD_ODR, sumL'
1 error on assembly of 'c:\users\24516\desktop\ca-lab5-20240508\main3.asm'
c:\users\24516\desktop\ca-lab5-20240508\main3.asm(65): as1 : Error 54: Can't match Addressing mode '	ld PD_ODR, sumL'
1 error on assembly of 'c:\users\24516\desktop\ca-lab5-20240508\main3.asm'
c:\users\24516\desktop\ca-lab5-20240508\main3.asm(65): as1 : Error 54: Can't match Addressing mode '	ld PD_ODR, sumL'
c:\users\24516\desktop\ca-lab5-20240508\main3.asm(65): as2 : Error 46: Illegal undefined label 'sumL'
2 errors on assembly of 'c:\users\24516\desktop\ca-lab5-20240508\main3.asm'
c:\users\24516\desktop\ca-lab5-20240508\main3.asm(65): as1 : Error 54: Can't match Addressing mode '	ld PD_ODR, sum'
1 error on assembly of 'c:\users\24516\desktop\ca-lab5-20240508\main3.asm'
c:\users\24516\desktop\ca-lab5-20240508\main3.asm(65): as1 : Error 54: Can't match Addressing mode '	ld PD_ODR, sum'
1 error on assembly of 'c:\users\24516\desktop\ca-lab5-20240508\main3.asm'
c:\users\24516\desktop\ca-lab5-20240508\main3.asm(65): as1 : Error 54: Can't match Addressing mode '	ld PD_ODR, sum'
1 error on assembly of 'c:\users\24516\desktop\ca-lab5-20240508\main3.asm'
c:\users\24516\desktop\ca-lab5-20240508\main3.asm(66): as1 : Error 54: Can't match Addressing mode '	ld PD_ODR, result'
1 error on assembly of 'c:\users\24516\desktop\ca-lab5-20240508\main3.asm'
c:\users\24516\desktop\ca-lab5-20240508\main3.asm(66): as1 : Error 54: Can't match Addressing mode '	ld PD_ODR, result'
1 error on assembly of 'c:\users\24516\desktop\ca-lab5-20240508\main3.asm'
c:\users\24516\desktop\ca-lab5-20240508\main3.asm(66): as1 : Error 54: Can't match Addressing mode '	ld PD_ODR, result'
1 error on assembly of 'c:\users\24516\desktop\ca-lab5-20240508\main3.asm'
No errors on assembly of 'c:\users\24516\desktop\ca-lab5-20240508\main3.asm'
No errors on assembly of 'c:\users\24516\desktop\ca-lab5-20240508\main3.asm'
No errors on assembly of 'c:\users\24516\desktop\ca-lab5-20240508\main3.asm'
c:\users\24516\desktop\ca-lab5-20240508\main3.asm(65): as1 : Error 54: Can't match Addressing mode '	mov sum, a'
1 error on assembly of 'c:\users\24516\desktop\ca-lab5-20240508\main3.asm'
c:\users\24516\desktop\ca-lab5-20240508\main3.asm(65): as1 : Error 54: Can't match Addressing mode '	mov sum, a'
1 error on assembly of 'c:\users\24516\desktop\ca-lab5-20240508\main3.asm'
c:\users\24516\desktop\ca-lab5-20240508\main3.asm(65): as1 : Error 54: Can't match Addressing mode '	mov sum, a'
1 error on assembly of 'c:\users\24516\desktop\ca-lab5-20240508\main3.asm'
No errors on assembly of 'c:\users\24516\desktop\ca-lab5-20240508\main3.asm'
No errors on assembly of 'c:\users\24516\desktop\ca-lab5-20240508\main3.asm'
No errors on assembly of 'c:\users\24516\desktop\ca-lab5-20240508\main3.asm'
c:\users\24516\desktop\ca-lab5-20240508\main3.asm(68): as1 : Error 54: Can't match Addressing mode '	add sum, a'
1 error on assembly of 'c:\users\24516\desktop\ca-lab5-20240508\main3.asm'
c:\users\24516\desktop\ca-lab5-20240508\main3.asm(68): as1 : Error 54: Can't match Addressing mode '	add sum, a'
1 error on assembly of 'c:\users\24516\desktop\ca-lab5-20240508\main3.asm'
c:\users\24516\desktop\ca-lab5-20240508\main3.asm(68): as1 : Error 54: Can't match Addressing mode '	add sum, a'
1 error on assembly of 'c:\users\24516\desktop\ca-lab5-20240508\main3.asm'
c:\users\24516\desktop\ca-lab5-20240508\main3.asm(68): as1 : Error 54: Can't match Addressing mode '	ld X, sum'
1 error on assembly of 'c:\users\24516\desktop\ca-lab5-20240508\main3.asm'
c:\users\24516\desktop\ca-lab5-20240508\main3.asm(68): as1 : Error 54: Can't match Addressing mode '	ld X, sum'
1 error on assembly of 'c:\users\24516\desktop\ca-lab5-20240508\main3.asm'
c:\users\24516\desktop\ca-lab5-20240508\main3.asm(68): as1 : Error 54: Can't match Addressing mode '	ld X, sum'
1 error on assembly of 'c:\users\24516\desktop\ca-lab5-20240508\main3.asm'
No errors on assembly of 'c:\users\24516\desktop\ca-lab5-20240508\main3.asm'
No errors on assembly of 'c:\users\24516\desktop\ca-lab5-20240508\main3.asm'
No errors on assembly of 'c:\users\24516\desktop\ca-lab5-20240508\main3.asm'
c:\users\24516\desktop\ca-lab5-20240508\main3.asm(69): as1 : Error 54: Can't match Addressing mode '	addw X, a'
1 error on assembly of 'c:\users\24516\desktop\ca-lab5-20240508\main3.asm'
c:\users\24516\desktop\ca-lab5-20240508\main3.asm(69): as1 : Error 54: Can't match Addressing mode '	addw X, a'
1 error on assembly of 'c:\users\24516\desktop\ca-lab5-20240508\main3.asm'
c:\users\24516\desktop\ca-lab5-20240508\main3.asm(69): as1 : Error 54: Can't match Addressing mode '	addw X, a'
1 error on assembly of 'c:\users\24516\desktop\ca-lab5-20240508\main3.asm'
c:\users\24516\desktop\ca-lab5-20240508\main3.asm(69): as1 : Error 54: Can't match Addressing mode '	add X, a'
1 error on assembly of 'c:\users\24516\desktop\ca-lab5-20240508\main3.asm'
c:\users\24516\desktop\ca-lab5-20240508\main3.asm(69): as1 : Error 54: Can't match Addressing mode '	add X, a'
1 error on assembly of 'c:\users\24516\desktop\ca-lab5-20240508\main3.asm'
c:\users\24516\desktop\ca-lab5-20240508\main3.asm(69): as1 : Error 54: Can't match Addressing mode '	add X, a'
1 error on assembly of 'c:\users\24516\desktop\ca-lab5-20240508\main3.asm'
c:\users\24516\desktop\ca-lab5-20240508\main3.asm(69): as1 : Error 54: Can't match Addressing mode '	add XL, a'
1 error on assembly of 'c:\users\24516\desktop\ca-lab5-20240508\main3.asm'
c:\users\24516\desktop\ca-lab5-20240508\main3.asm(69): as1 : Error 54: Can't match Addressing mode '	add XL, a'
1 error on assembly of 'c:\users\24516\desktop\ca-lab5-20240508\main3.asm'
c:\users\24516\desktop\ca-lab5-20240508\main3.asm(69): as1 : Error 54: Can't match Addressing mode '	add XL, a'
1 error on assembly of 'c:\users\24516\desktop\ca-lab5-20240508\main3.asm'
No errors on assembly of 'c:\users\24516\desktop\ca-lab5-20240508\main3.asm'
No errors on assembly of 'c:\users\24516\desktop\ca-lab5-20240508\main3.asm'
No errors on assembly of 'c:\users\24516\desktop\ca-lab5-20240508\main3.asm'
c:\users\24516\desktop\ca-lab5-20240508\main3.asm(83): as1 : Error 54: Can't match Addressing mode '	mov PD_ODR, XL'
1 error on assembly of 'c:\users\24516\desktop\ca-lab5-20240508\main3.asm'
c:\users\24516\desktop\ca-lab5-20240508\main3.asm(83): as1 : Error 54: Can't match Addressing mode '	mov PD_ODR, XL'
1 error on assembly of 'c:\users\24516\desktop\ca-lab5-20240508\main3.asm'
c:\users\24516\desktop\ca-lab5-20240508\main3.asm(83): as1 : Error 54: Can't match Addressing mode '	mov PD_ODR, XL'
1 error on assembly of 'c:\users\24516\desktop\ca-lab5-20240508\main3.asm'
c:\users\24516\desktop\ca-lab5-20240508\main3.asm(83): as1 : Error 54: Can't match Addressing mode '	mov PD_ODR, X'
1 error on assembly of 'c:\users\24516\desktop\ca-lab5-20240508\main3.asm'
c:\users\24516\desktop\ca-lab5-20240508\main3.asm(83): as1 : Error 54: Can't match Addressing mode '	mov PD_ODR, X'
1 error on assembly of 'c:\users\24516\desktop\ca-lab5-20240508\main3.asm'
c:\users\24516\desktop\ca-lab5-20240508\main3.asm(83): as1 : Error 54: Can't match Addressing mode '	mov PD_ODR, X'
1 error on assembly of 'c:\users\24516\desktop\ca-lab5-20240508\main3.asm'
c:\users\24516\desktop\ca-lab5-20240508\main3.asm(83): as1 : Error 54: Can't match Addressing mode '	ld result, XL'
1 error on assembly of 'c:\users\24516\desktop\ca-lab5-20240508\main3.asm'
c:\users\24516\desktop\ca-lab5-20240508\main3.asm(83): as1 : Error 54: Can't match Addressing mode '	ld result, XL'
1 error on assembly of 'c:\users\24516\desktop\ca-lab5-20240508\main3.asm'
c:\users\24516\desktop\ca-lab5-20240508\main3.asm(83): as1 : Error 54: Can't match Addressing mode '	ld result, XL'
1 error on assembly of 'c:\users\24516\desktop\ca-lab5-20240508\main3.asm'
c:\users\24516\desktop\ca-lab5-20240508\main3.asm(84): as1 : Error 54: Can't match Addressing mode '	mov PD_ODR, a'
1 error on assembly of 'c:\users\24516\desktop\ca-lab5-20240508\main3.asm'
c:\users\24516\desktop\ca-lab5-20240508\main3.asm(84): as1 : Error 54: Can't match Addressing mode '	mov PD_ODR, a'
1 error on assembly of 'c:\users\24516\desktop\ca-lab5-20240508\main3.asm'
c:\users\24516\desktop\ca-lab5-20240508\main3.asm(84): as1 : Error 54: Can't match Addressing mode '	mov PD_ODR, a'
1 error on assembly of 'c:\users\24516\desktop\ca-lab5-20240508\main3.asm'
No errors on assembly of 'c:\users\24516\desktop\ca-lab5-20240508\main3.asm'
No errors on assembly of 'c:\users\24516\desktop\ca-lab5-20240508\main3.asm'
No errors on assembly of 'c:\users\24516\desktop\ca-lab5-20240508\main3.asm'
No errors on assembly of 'c:\users\24516\desktop\ca-lab5-20240508\main3.asm'
No errors on assembly of 'c:\users\24516\desktop\ca-lab5-20240508\main3.asm'
No errors on assembly of 'c:\users\24516\desktop\ca-lab5-20240508\main3.asm'
No errors on assembly of 'c:\users\24516\desktop\ca-lab5-20240508\main3.asm'
No errors on assembly of 'c:\users\24516\desktop\ca-lab5-20240508\main3.asm'
No errors on assembly of 'c:\users\24516\desktop\ca-lab5-20240508\main3.asm'
No errors on assembly of 'c:\users\24516\desktop\ca-lab5-20240508\main3.asm'
No errors on assembly of 'c:\users\24516\desktop\ca-lab5-20240508\main3.asm'
No errors on assembly of 'c:\users\24516\desktop\ca-lab5-20240508\main3.asm'
No errors on assembly of 'c:\users\24516\desktop\ca-lab5-20240508\main3.asm'
No errors on assembly of 'c:\users\24516\desktop\ca-lab5-20240508\main3.asm'
No errors on assembly of 'c:\users\24516\desktop\ca-lab5-20240508\main3.asm'
No errors on assembly of 'c:\users\24516\desktop\ca-lab5-20240508\main3.asm'
No errors on assembly of 'c:\users\24516\desktop\ca-lab5-20240508\main3.asm'
No errors on assembly of 'c:\users\24516\desktop\ca-lab5-20240508\main3.asm'
No errors on assembly of 'c:\users\24516\desktop\ca-lab5-20240508\main3.asm'
No errors on assembly of 'c:\users\24516\desktop\ca-lab5-20240508\main3.asm'
No errors on assembly of 'c:\users\24516\desktop\ca-lab5-20240508\main3.asm'
c:\users\24516\desktop\ca-lab5-20240508\main3.asm(67): as1 : Error 54: Can't match Addressing mode '	ld result, X'
1 error on assembly of 'c:\users\24516\desktop\ca-lab5-20240508\main3.asm'
c:\users\24516\desktop\ca-lab5-20240508\main3.asm(67): as1 : Error 54: Can't match Addressing mode '	ld result, X'
1 error on assembly of 'c:\users\24516\desktop\ca-lab5-20240508\main3.asm'
c:\users\24516\desktop\ca-lab5-20240508\main3.asm(67): as1 : Error 54: Can't match Addressing mode '	ld result, X'
1 error on assembly of 'c:\users\24516\desktop\ca-lab5-20240508\main3.asm'
No errors on assembly of 'c:\users\24516\desktop\ca-lab5-20240508\main3.asm'
No errors on assembly of 'c:\users\24516\desktop\ca-lab5-20240508\main3.asm'
No errors on assembly of 'c:\users\24516\desktop\ca-lab5-20240508\main3.asm'
No errors on assembly of 'c:\users\24516\desktop\ca-lab5-20240508\main3.asm'
No errors on assembly of 'c:\users\24516\desktop\ca-lab5-20240508\main3.asm'
No errors on assembly of 'c:\users\24516\desktop\ca-lab5-20240508\main3.asm'
No errors on assembly of 'c:\users\24516\desktop\ca-lab5-20240508\main3.asm'
No errors on assembly of 'c:\users\24516\desktop\ca-lab5-20240508\main3.asm'
No errors on assembly of 'c:\users\24516\desktop\ca-lab5-20240508\main3.asm'
No errors on assembly of 'c:\users\24516\desktop\ca-lab5-20240508\main3.asm'
No errors on assembly of 'c:\users\24516\desktop\ca-lab5-20240508\main3.asm'
No errors on assembly of 'c:\users\24516\desktop\ca-lab5-20240508\main3.asm'
No errors on assembly of 'c:\users\24516\desktop\ca-lab5-20240508\main3.asm'
No errors on assembly of 'c:\users\24516\desktop\ca-lab5-20240508\main3.asm'
No errors on assembly of 'c:\users\24516\desktop\ca-lab5-20240508\main3.asm'
No errors on assembly of 'c:\users\24516\desktop\ca-lab5-20240508\main3.asm'
No errors on assembly of 'c:\users\24516\desktop\ca-lab5-20240508\main3.asm'
No errors on assembly of 'c:\users\24516\desktop\ca-lab5-20240508\main3.asm'
No errors on assembly of 'c:\users\24516\desktop\ca-lab5-20240508\main3.asm'
No errors on assembly of 'c:\users\24516\desktop\ca-lab5-20240508\main3.asm'
No errors on assembly of 'c:\users\24516\desktop\ca-lab5-20240508\main3.asm'
No errors on assembly of 'c:\users\24516\desktop\ca-lab5-20240508\main3.asm'
No errors on assembly of 'c:\users\24516\desktop\ca-lab5-20240508\main3.asm'
No errors on assembly of 'c:\users\24516\desktop\ca-lab5-20240508\main3.asm'
No errors on assembly of 'c:\users\24516\desktop\ca-lab5-20240508\main3.asm'
No errors on assembly of 'c:\users\24516\desktop\ca-lab5-20240508\main3.asm'
No errors on assembly of 'c:\users\24516\desktop\ca-lab5-20240508\main3.asm'
c:\users\24516\desktop\ca-lab5-20240508\main3.asm(68): as1 : Error 54: Can't match Addressing mode '	ld XH, resultH'
1 error on assembly of 'c:\users\24516\desktop\ca-lab5-20240508\main3.asm'
c:\users\24516\desktop\ca-lab5-20240508\main3.asm(68): as1 : Error 54: Can't match Addressing mode '	ld XH, resultH'
1 error on assembly of 'c:\users\24516\desktop\ca-lab5-20240508\main3.asm'
c:\users\24516\desktop\ca-lab5-20240508\main3.asm(68): as1 : Error 54: Can't match Addressing mode '	ld XH, resultH'
1 error on assembly of 'c:\users\24516\desktop\ca-lab5-20240508\main3.asm'
c:\users\24516\desktop\ca-lab5-20240508\main3.asm(68): as1 : Error 54: Can't match Addressing mode '	ld X, result'
c:\users\24516\desktop\ca-lab5-20240508\main3.asm(69): as1 : Error 54: Can't match Addressing mode '	addw X, a'
2 errors on assembly of 'c:\users\24516\desktop\ca-lab5-20240508\main3.asm'
c:\users\24516\desktop\ca-lab5-20240508\main3.asm(68): as1 : Error 54: Can't match Addressing mode '	ld X, result'
c:\users\24516\desktop\ca-lab5-20240508\main3.asm(69): as1 : Error 54: Can't match Addressing mode '	addw X, a'
2 errors on assembly of 'c:\users\24516\desktop\ca-lab5-20240508\main3.asm'
c:\users\24516\desktop\ca-lab5-20240508\main3.asm(68): as1 : Error 54: Can't match Addressing mode '	ld X, result'
c:\users\24516\desktop\ca-lab5-20240508\main3.asm(69): as1 : Error 54: Can't match Addressing mode '	addw X, a'
2 errors on assembly of 'c:\users\24516\desktop\ca-lab5-20240508\main3.asm'
c:\users\24516\desktop\ca-lab5-20240508\main3.asm(66): as1 : Error 54: Can't match Addressing mode '	addw X,(array,Y)'
1 error on assembly of 'c:\users\24516\desktop\ca-lab5-20240508\main3.asm'
c:\users\24516\desktop\ca-lab5-20240508\main3.asm(66): as1 : Error 54: Can't match Addressing mode '	addw X,(array,Y)'
1 error on assembly of 'c:\users\24516\desktop\ca-lab5-20240508\main3.asm'
c:\users\24516\desktop\ca-lab5-20240508\main3.asm(66): as1 : Error 54: Can't match Addressing mode '	addw X,(array,Y)'
1 error on assembly of 'c:\users\24516\desktop\ca-lab5-20240508\main3.asm'
c:\users\24516\desktop\ca-lab5-20240508\main3.asm(64): as1 : Error 54: Can't match Addressing mode '	ldw SP, #0'
c:\users\24516\desktop\ca-lab5-20240508\main3.asm(68): as1 : Error 54: Can't match Addressing mode '	ldw SP, result'
c:\users\24516\desktop\ca-lab5-20240508\main3.asm(69): as1 : Error 54: Can't match Addressing mode '	addw SP, sum'
c:\users\24516\desktop\ca-lab5-20240508\main3.asm(70): as1 : Error 54: Can't match Addressing mode '	ldw result, SP'
c:\users\24516\desktop\ca-lab5-20240508\main3.asm(74): as1 : Error 54: Can't match Addressing mode '	ldw SP, result'
c:\users\24516\desktop\ca-lab5-20240508\main3.asm(75): as1 : Error 54: Can't match Addressing mode '	addw sp, sum'
c:\users\24516\desktop\ca-lab5-20240508\main3.asm(76): as1 : Error 54: Can't match Addressing mode '	ldw result, sp'
c:\users\24516\desktop\ca-lab5-20240508\main3.asm(80): as1 : Error 54: Can't match Addressing mode '	ldw sp, result'
c:\users\24516\desktop\ca-lab5-20240508\main3.asm(81): as1 : Error 54: Can't match Addressing mode '	addw sp, sum'
9 errors on assembly of 'c:\users\24516\desktop\ca-lab5-20240508\main3.asm'
c:\users\24516\desktop\ca-lab5-20240508\main3.asm(64): as1 : Error 54: Can't match Addressing mode '	ldw SP, #0'
c:\users\24516\desktop\ca-lab5-20240508\main3.asm(68): as1 : Error 54: Can't match Addressing mode '	ldw SP, result'
c:\users\24516\desktop\ca-lab5-20240508\main3.asm(69): as1 : Error 54: Can't match Addressing mode '	addw SP, sum'
c:\users\24516\desktop\ca-lab5-20240508\main3.asm(70): as1 : Error 54: Can't match Addressing mode '	ldw result, SP'
c:\users\24516\desktop\ca-lab5-20240508\main3.asm(74): as1 : Error 54: Can't match Addressing mode '	ldw SP, result'
c:\users\24516\desktop\ca-lab5-20240508\main3.asm(75): as1 : Error 54: Can't match Addressing mode '	addw sp, sum'
c:\users\24516\desktop\ca-lab5-20240508\main3.asm(76): as1 : Error 54: Can't match Addressing mode '	ldw result, sp'
c:\users\24516\desktop\ca-lab5-20240508\main3.asm(80): as1 : Error 54: Can't match Addressing mode '	ldw sp, result'
c:\users\24516\desktop\ca-lab5-20240508\main3.asm(81): as1 : Error 54: Can't match Addressing mode '	addw sp, sum'
9 errors on assembly of 'c:\users\24516\desktop\ca-lab5-20240508\main3.asm'
c:\users\24516\desktop\ca-lab5-20240508\main3.asm(64): as1 : Error 54: Can't match Addressing mode '	ldw SP, #0'
c:\users\24516\desktop\ca-lab5-20240508\main3.asm(68): as1 : Error 54: Can't match Addressing mode '	ldw SP, result'
c:\users\24516\desktop\ca-lab5-20240508\main3.asm(69): as1 : Error 54: Can't match Addressing mode '	addw SP, sum'
c:\users\24516\desktop\ca-lab5-20240508\main3.asm(70): as1 : Error 54: Can't match Addressing mode '	ldw result, SP'
c:\users\24516\desktop\ca-lab5-20240508\main3.asm(74): as1 : Error 54: Can't match Addressing mode '	ldw SP, result'
c:\users\24516\desktop\ca-lab5-20240508\main3.asm(75): as1 : Error 54: Can't match Addressing mode '	addw sp, sum'
c:\users\24516\desktop\ca-lab5-20240508\main3.asm(76): as1 : Error 54: Can't match Addressing mode '	ldw result, sp'
c:\users\24516\desktop\ca-lab5-20240508\main3.asm(80): as1 : Error 54: Can't match Addressing mode '	ldw sp, result'
c:\users\24516\desktop\ca-lab5-20240508\main3.asm(81): as1 : Error 54: Can't match Addressing mode '	addw sp, sum'
9 errors on assembly of 'c:\users\24516\desktop\ca-lab5-20240508\main3.asm'
No errors on assembly of 'c:\users\24516\desktop\ca-lab5-20240508\main3.asm'
No errors on assembly of 'c:\users\24516\desktop\ca-lab5-20240508\main3.asm'
No errors on assembly of 'c:\users\24516\desktop\ca-lab5-20240508\main3.asm'
c:\users\24516\desktop\ca-lab5-20240508\main3.asm(94): as1 : Error 54: Can't match Addressing mode '	ld a, #11101010'
c:\users\24516\desktop\ca-lab5-20240508\main3.asm(95): as1 : Error 54: Can't match Addressing mode '	mov PD_ODR, a'
2 errors on assembly of 'c:\users\24516\desktop\ca-lab5-20240508\main3.asm'
c:\users\24516\desktop\ca-lab5-20240508\main3.asm(94): as1 : Error 54: Can't match Addressing mode '	ld a, #11101010'
c:\users\24516\desktop\ca-lab5-20240508\main3.asm(95): as1 : Error 54: Can't match Addressing mode '	mov PD_ODR, a'
2 errors on assembly of 'c:\users\24516\desktop\ca-lab5-20240508\main3.asm'
c:\users\24516\desktop\ca-lab5-20240508\main3.asm(94): as1 : Error 54: Can't match Addressing mode '	ld a, #11101010'
c:\users\24516\desktop\ca-lab5-20240508\main3.asm(95): as1 : Error 54: Can't match Addressing mode '	mov PD_ODR, a'
2 errors on assembly of 'c:\users\24516\desktop\ca-lab5-20240508\main3.asm'
c:\users\24516\desktop\ca-lab5-20240508\main3.asm(94): as1 : Error 54: Can't match Addressing mode '	ld a, #1010'
c:\users\24516\desktop\ca-lab5-20240508\main3.asm(95): as1 : Error 54: Can't match Addressing mode '	mov PD_ODR, a'
2 errors on assembly of 'c:\users\24516\desktop\ca-lab5-20240508\main3.asm'
c:\users\24516\desktop\ca-lab5-20240508\main3.asm(94): as1 : Error 54: Can't match Addressing mode '	ld a, #1010'
c:\users\24516\desktop\ca-lab5-20240508\main3.asm(95): as1 : Error 54: Can't match Addressing mode '	mov PD_ODR, a'
2 errors on assembly of 'c:\users\24516\desktop\ca-lab5-20240508\main3.asm'
c:\users\24516\desktop\ca-lab5-20240508\main3.asm(94): as1 : Error 54: Can't match Addressing mode '	ld a, #1010'
c:\users\24516\desktop\ca-lab5-20240508\main3.asm(95): as1 : Error 54: Can't match Addressing mode '	mov PD_ODR, a'
2 errors on assembly of 'c:\users\24516\desktop\ca-lab5-20240508\main3.asm'
c:\users\24516\desktop\ca-lab5-20240508\main3.asm(95): as1 : Error 54: Can't match Addressing mode '	mov PD_ODR, a'
1 error on assembly of 'c:\users\24516\desktop\ca-lab5-20240508\main3.asm'
c:\users\24516\desktop\ca-lab5-20240508\main3.asm(95): as1 : Error 54: Can't match Addressing mode '	mov PD_ODR, a'
1 error on assembly of 'c:\users\24516\desktop\ca-lab5-20240508\main3.asm'
c:\users\24516\desktop\ca-lab5-20240508\main3.asm(95): as1 : Error 54: Can't match Addressing mode '	mov PD_ODR, a'
1 error on assembly of 'c:\users\24516\desktop\ca-lab5-20240508\main3.asm'
No errors on assembly of 'c:\users\24516\desktop\ca-lab5-20240508\main3.asm'
No errors on assembly of 'c:\users\24516\desktop\ca-lab5-20240508\main3.asm'
No errors on assembly of 'c:\users\24516\desktop\ca-lab5-20240508\main3.asm'
No errors on assembly of 'c:\users\24516\desktop\ca-lab5-20240508\main3.asm'
No errors on assembly of 'c:\users\24516\desktop\ca-lab5-20240508\main3.asm'
No errors on assembly of 'c:\users\24516\desktop\ca-lab5-20240508\main3.asm'
No errors on assembly of 'c:\users\24516\desktop\ca-lab5-20240508\main3.asm'
No errors on assembly of 'c:\users\24516\desktop\ca-lab5-20240508\main3.asm'
No errors on assembly of 'c:\users\24516\desktop\ca-lab5-20240508\main3.asm'
No errors on assembly of 'c:\users\24516\desktop\ca-lab5-20240508\main3.asm'
No errors on assembly of 'c:\users\24516\desktop\ca-lab5-20240508\main3.asm'
No errors on assembly of 'c:\users\24516\desktop\ca-lab5-20240508\main3.asm'
No errors on assembly of 'c:\users\24516\desktop\ca-lab5-20240508\main3.asm'
No errors on assembly of 'c:\users\24516\desktop\ca-lab5-20240508\main3.asm'
No errors on assembly of 'c:\users\24516\desktop\ca-lab5-20240508\main3.asm'
No errors on assembly of 'c:\users\24516\desktop\ca-lab5-20240508\main3.asm'
No errors on assembly of 'c:\users\24516\desktop\ca-lab5-20240508\main3.asm'
No errors on assembly of 'c:\users\24516\desktop\ca-lab5-20240508\main3.asm'
No errors on assembly of 'c:\users\24516\desktop\ca-lab5-20240508\main3.asm'
No errors on assembly of 'c:\users\24516\desktop\ca-lab5-20240508\main3.asm'
No errors on assembly of 'c:\users\24516\desktop\ca-lab5-20240508\main3.asm'
No errors on assembly of 'c:\users\24516\desktop\ca-lab5-20240508\main3.asm'
No errors on assembly of 'c:\users\24516\desktop\ca-lab5-20240508\main3.asm'
No errors on assembly of 'c:\users\24516\desktop\ca-lab5-20240508\main3.asm'
No errors on assembly of 'c:\users\24516\desktop\ca-lab5-20240508\main3.asm'
No errors on assembly of 'c:\users\24516\desktop\ca-lab5-20240508\main3.asm'
No errors on assembly of 'c:\users\24516\desktop\ca-lab5-20240508\main3.asm'
No errors on assembly of 'c:\users\24516\desktop\ca-lab5-20240508\main3.asm'
No errors on assembly of 'c:\users\24516\desktop\ca-lab5-20240508\main3.asm'
No errors on assembly of 'c:\users\24516\desktop\ca-lab5-20240508\main3.asm'
No errors on assembly of 'c:\users\24516\desktop\ca-lab5-20240508\main3.asm'
No errors on assembly of 'c:\users\24516\desktop\ca-lab5-20240508\main3.asm'
No errors on assembly of 'c:\users\24516\desktop\ca-lab5-20240508\main3.asm'
No errors on assembly of 'c:\users\24516\desktop\ca-lab5-20240508\main3.asm'
No errors on assembly of 'c:\users\24516\desktop\ca-lab5-20240508\main3.asm'
No errors on assembly of 'c:\users\24516\desktop\ca-lab5-20240508\main3.asm'
No errors on assembly of 'c:\users\24516\desktop\ca-lab5-20240508\main3.asm'
No errors on assembly of 'c:\users\24516\desktop\ca-lab5-20240508\main3.asm'
No errors on assembly of 'c:\users\24516\desktop\ca-lab5-20240508\main3.asm'
No errors on assembly of 'c:\users\24516\desktop\ca-lab5-20240508\main3.asm'
No errors on assembly of 'c:\users\24516\desktop\ca-lab5-20240508\main3.asm'
No errors on assembly of 'c:\users\24516\desktop\ca-lab5-20240508\main3.asm'
No errors on assembly of 'c:\users\24516\desktop\ca-lab5-20240508\main3.asm'
No errors on assembly of 'c:\users\24516\desktop\ca-lab5-20240508\main3.asm'
No errors on assembly of 'c:\users\24516\desktop\ca-lab5-20240508\main3.asm'
No errors on assembly of 'c:\users\24516\desktop\ca-lab5-20240508\main3.asm'
No errors on assembly of 'c:\users\24516\desktop\ca-lab5-20240508\main3.asm'
No errors on assembly of 'c:\users\24516\desktop\ca-lab5-20240508\main3.asm'
No errors on assembly of 'c:\users\24516\desktop\ca-lab5-20240508\main3.asm'
No errors on assembly of 'c:\users\24516\desktop\ca-lab5-20240508\main3.asm'
No errors on assembly of 'c:\users\24516\desktop\ca-lab5-20240508\main3.asm'
No errors on assembly of 'c:\users\24516\desktop\ca-lab5-20240508\main3.asm'
No errors on assembly of 'c:\users\24516\desktop\ca-lab5-20240508\main3.asm'
No errors on assembly of 'c:\users\24516\desktop\ca-lab5-20240508\main3.asm'
No errors on assembly of 'c:\users\24516\desktop\ca-lab5-20240508\main3.asm'
No errors on assembly of 'c:\users\24516\desktop\ca-lab5-20240508\main3.asm'
No errors on assembly of 'c:\users\24516\desktop\ca-lab5-20240508\main3.asm'
No errors on assembly of 'c:\users\24516\desktop\ca-lab5-20240508\main2.asm'
No errors on assembly of 'c:\users\24516\desktop\ca-lab5-20240508\mapping.asm'
No errors on assembly of 'c:\users\24516\desktop\ca-lab5-20240508\main2.asm'
No errors on assembly of 'c:\users\24516\desktop\ca-lab5-20240508\main2.asm'
No errors on assembly of 'c:\users\24516\desktop\ca-lab5-20240508\main2.asm'
No errors on assembly of 'c:\users\24516\desktop\ca-lab5-20240508\main.asm'
No errors on assembly of 'c:\users\24516\desktop\ca-lab5-20240508\mapping.asm'
No errors on assembly of 'c:\users\24516\desktop\ca-lab5-20240508\main.asm'
No errors on assembly of 'c:\users\24516\desktop\ca-lab5-20240508\main.asm'
No errors on assembly of 'c:\users\24516\desktop\ca-lab5-20240508\main3.asm'
No errors on assembly of 'c:\users\24516\desktop\ca-lab5-20240508\mapping.asm'
No errors on assembly of 'c:\users\24516\desktop\ca-lab5-20240508\main3.asm'
No errors on assembly of 'c:\users\24516\desktop\ca-lab5-20240508\main3.asm'
No errors on assembly of 'c:\users\24516\desktop\ca-lab5-20240508\main3.asm'
No errors on assembly of 'c:\users\24516\desktop\xinghao cai r0978922 ca-lab5\main3.asm'
No errors on assembly of 'c:\users\24516\desktop\xinghao cai r0978922 ca-lab5\main3.asm'
No errors on assembly of 'c:\users\24516\desktop\xinghao cai r0978922 ca-lab5\main3.asm'
No errors on assembly of 'c:\users\24516\desktop\xinghao cai r0978922 ca-lab5\main3.asm'
No errors on assembly of 'c:\users\24516\desktop\xinghao cai r0978922 ca-lab5\main2.asm'
No errors on assembly of 'c:\users\24516\desktop\xinghao cai r0978922 ca-lab5\mapping.asm'
No errors on assembly of 'c:\users\24516\desktop\xinghao cai r0978922 ca-lab5\main2.asm'
No errors on assembly of 'c:\users\24516\desktop\xinghao cai r0978922 ca-lab5\main2.asm'
No errors on assembly of 'c:\users\24516\desktop\xinghao cai r0978922 ca-lab5\main.asm'
No errors on assembly of 'c:\users\24516\desktop\xinghao cai r0978922 ca-lab5\mapping.asm'
No errors on assembly of 'c:\users\24516\desktop\xinghao cai r0978922 ca-lab5\main.asm'
No errors on assembly of 'c:\users\24516\desktop\xinghao cai r0978922 ca-lab5\main.asm'
No errors on assembly of 'c:\users\24516\desktop\xinghao cai r0978922 ca-lab5\main3.asm'
No errors on assembly of 'c:\users\24516\desktop\xinghao cai r0978922 ca-lab5\mapping.asm'
