No errors on assembly of 'c:\users\admin\desktop\ca-lab2-3\mapping.asm'
No errors on assembly of 'c:\users\admin\desktop\ca-lab2-3\mapping.asm'
No errors on assembly of 'c:\users\admin\desktop\ca-lab2-3\mapping.asm'
No errors on assembly of 'c:\users\admin\desktop\ca-lab2-3\main.asm'
No errors on assembly of 'c:\users\admin\desktop\ca-lab2-3\main.asm'
No errors on assembly of 'c:\users\admin\desktop\ca-lab2-3\stm8s105k.asm'
No errors on assembly of 'c:\users\admin\desktop\ca-lab2-3\stm8s105k.asm'
c:\users\admin\desktop\ca-lab\ca-lab2-3\main.asm(50): as1 : Error 67: Improper Character(s) '... '
c:\users\admin\desktop\ca-lab\ca-lab2-3\main.asm(51): as1 : Error 67: Improper Character(s) '...'
2 errors on assembly of 'c:\users\admin\desktop\ca-lab\ca-lab2-3\main.asm'
c:\users\admin\desktop\ca-lab\ca-lab2-3\main.asm(50): as1 : Error 67: Improper Character(s) '... '
c:\users\admin\desktop\ca-lab\ca-lab2-3\main.asm(51): as1 : Error 67: Improper Character(s) '...'
2 errors on assembly of 'c:\users\admin\desktop\ca-lab\ca-lab2-3\main.asm'
c:\users\admin\desktop\ca-lab\ca-lab2-3\main.asm(50): as1 : Error 67: Improper Character(s) '... '
c:\users\admin\desktop\ca-lab\ca-lab2-3\main.asm(51): as1 : Error 67: Improper Character(s) '...'
2 errors on assembly of 'c:\users\admin\desktop\ca-lab\ca-lab2-3\main.asm'
c:\users\admin\desktop\ca-lab\ca-lab2-3\main.asm(50): as1 : Error 67: Improper Character(s) '... '
c:\users\admin\desktop\ca-lab\ca-lab2-3\main.asm(51): as1 : Error 67: Improper Character(s) '...'
c:\users\admin\desktop\ca-lab\ca-lab2-3\main.asm(50): as2 : Error 46: Illegal undefined label 'TIM3_AARH, #... '
c:\users\admin\desktop\ca-lab\ca-lab2-3\main.asm(51): as2 : Error 46: Illegal undefined label 'TIM3_AARH, #...'
4 errors on assembly of 'c:\users\admin\desktop\ca-lab\ca-lab2-3\main.asm'
c:\users\admin\desktop\ca-lab\ca-lab2-3\main.asm(50): as1 : Error 67: Improper Character(s) '... '
c:\users\admin\desktop\ca-lab\ca-lab2-3\main.asm(51): as1 : Error 67: Improper Character(s) '...'
2 errors on assembly of 'c:\users\admin\desktop\ca-lab\ca-lab2-3\main.asm'
No errors on assembly of 'c:\users\admin\desktop\ca-lab\ca-lab2-3\main.asm'
No errors on assembly of 'c:\users\admin\desktop\ca-lab\ca-lab2-3\main.asm'
c:\users\admin\desktop\ca-lab\ca-lab2-3\main.asm(50): as2 : Error 46: Illegal undefined label 'TIM3_AARH, #$3d'
c:\users\admin\desktop\ca-lab\ca-lab2-3\main.asm(51): as2 : Error 46: Illegal undefined label 'TIM3_AARL, #$09'
2 errors on assembly of 'c:\users\admin\desktop\ca-lab\ca-lab2-3\main.asm'
No errors on assembly of 'c:\users\admin\desktop\ca-lab\ca-lab2-3\main.asm'
No errors on assembly of 'c:\users\admin\desktop\ca-lab\ca-lab2-3\main.asm'
No errors on assembly of 'c:\users\admin\desktop\ca-lab\ca-lab2-3\main.asm'
No errors on assembly of 'c:\users\admin\desktop\ca-lab\ca-lab2-3\main.asm'
No errors on assembly of 'c:\users\admin\desktop\ca-lab\ca-lab2-3\main.asm'
No errors on assembly of 'c:\users\admin\desktop\ca-lab\ca-lab2-3\main.asm'
No errors on assembly of 'c:\users\admin\desktop\ca-lab\ca-lab2-3\main.asm'
No errors on assembly of 'c:\users\admin\desktop\ca-lab\ca-lab2-3\main.asm'
No errors on assembly of 'c:\users\admin\desktop\ca-lab\ca-lab2-3\main.asm'
No errors on assembly of 'c:\users\admin\desktop\ca-lab\ca-lab2-3\main.asm'
No errors on assembly of 'c:\users\admin\desktop\ca-lab\ca-lab2-3\main.asm'
No errors on assembly of 'c:\users\admin\desktop\ca-lab\ca-lab2-3\main.asm'
No errors on assembly of 'c:\users\admin\desktop\ca-lab\ca-lab2-3\main.asm'
No errors on assembly of 'c:\users\admin\desktop\ca-lab\ca-lab2-3\main.asm'
No errors on assembly of 'c:\users\admin\desktop\ca-lab\ca-lab2-3\main.asm'
No errors on assembly of 'c:\users\admin\desktop\ca-lab\ca-lab2-3\main.asm'
No errors on assembly of 'c:\users\admin\desktop\ca-lab\ca-lab2-3\main.asm'
No errors on assembly of 'c:\users\admin\desktop\ca-lab\ca-lab2-3\main.asm'
No errors on assembly of 'c:\users\admin\desktop\ca-lab\ca-lab2-4\main.asm'
No errors on assembly of 'c:\users\admin\desktop\ca-lab\ca-lab2-4\main.asm'
No errors on assembly of 'c:\users\admin\desktop\ca-lab\ca-lab2-4\main.asm'
No errors on assembly of 'c:\users\admin\desktop\ca-lab\ca-lab2-4\main.asm'
No errors on assembly of 'c:\users\admin\desktop\ca-lab\ca-lab2-4\main.asm'
No errors on assembly of 'c:\users\admin\desktop\ca-lab\ca-lab2-4\main.asm'
No errors on assembly of 'c:\users\admin\desktop\ca-lab\ca-lab2-4\main.asm'
No errors on assembly of 'c:\users\admin\desktop\ca-lab\ca-lab2-4\main.asm'
No errors on assembly of 'c:\users\admin\desktop\ca-lab\ca-lab2-4\main.asm'
No errors on assembly of 'c:\users\admin\desktop\ca-lab\ca-lab2-4\main.asm'
No errors on assembly of 'c:\users\admin\desktop\ca-lab\ca-lab2-4\main.asm'
No errors on assembly of 'c:\users\admin\desktop\ca-lab\ca-lab2-4\main.asm'
No errors on assembly of 'c:\users\admin\desktop\ca-lab\ca-lab2-4\main.asm'
No errors on assembly of 'c:\users\admin\desktop\ca-lab\ca-lab2-4\main.asm'
No errors on assembly of 'c:\users\admin\desktop\ca-lab\ca-lab2-4\main.asm'
No errors on assembly of 'c:\users\admin\desktop\ca-lab\ca-lab2-4\main.asm'
No errors on assembly of 'c:\users\admin\desktop\ca-lab\ca-lab2-4\main.asm'
No errors on assembly of 'c:\users\admin\desktop\ca-lab\ca-lab2-4\main.asm'
No errors on assembly of 'd:\circuitprojects\stm8\ca-lab3-1\mapping.asm'
