No errors on assembly of 'd:\circuitprojects\stm8\mapping.asm'
No errors on assembly of 'd:\circuitprojects\stm8\mapping.asm'
No errors on assembly of 'd:\circuitprojects\stm8\mapping.asm'
No errors on assembly of 'd:\circuitprojects\stm8\mapping.asm'
No errors on assembly of 'd:\circuitprojects\stm8\mapping.asm'
d:\circuitprojects\stm8\main.asm(46): as1 : Error 56: unrecognised opcode 'mov PD_DDR, #$ff'
d:\circuitprojects\stm8\main.asm(46): as1 : Error 69: Ambiguous label name 'mov PD_DDR, #$ff'
d:\circuitprojects\stm8\main.asm(47): as1 : Error 56: unrecognised opcode 'mov PD_CR1, #$ff'
d:\circuitprojects\stm8\main.asm(47): as1 : Error 69: Ambiguous label name 'mov PD_CR1, #$ff'
d:\circuitprojects\stm8\main.asm(47): as1 : Error 50: Doubly defined label! 'mov PD_CR1, #$ff'
d:\circuitprojects\stm8\main.asm(48): as1 : Error 56: unrecognised opcode 'mov PD_ODR, #$ff'
d:\circuitprojects\stm8\main.asm(48): as1 : Error 69: Ambiguous label name 'mov PD_ODR, #$ff'
d:\circuitprojects\stm8\main.asm(48): as1 : Error 50: Doubly defined label! 'mov PD_ODR, #$ff'
8 errors on assembly of 'd:\circuitprojects\stm8\main.asm'
d:\circuitprojects\stm8\main.asm(46): as1 : Error 56: unrecognised opcode 'mov PD_DDR, #$ff'
d:\circuitprojects\stm8\main.asm(46): as1 : Error 69: Ambiguous label name 'mov PD_DDR, #$ff'
d:\circuitprojects\stm8\main.asm(47): as1 : Error 56: unrecognised opcode 'mov PD_CR1, #$ff'
d:\circuitprojects\stm8\main.asm(47): as1 : Error 69: Ambiguous label name 'mov PD_CR1, #$ff'
d:\circuitprojects\stm8\main.asm(47): as1 : Error 50: Doubly defined label! 'mov PD_CR1, #$ff'
d:\circuitprojects\stm8\main.asm(48): as1 : Error 56: unrecognised opcode 'mov PD_ODR, #$ff'
d:\circuitprojects\stm8\main.asm(48): as1 : Error 69: Ambiguous label name 'mov PD_ODR, #$ff'
d:\circuitprojects\stm8\main.asm(48): as1 : Error 50: Doubly defined label! 'mov PD_ODR, #$ff'
8 errors on assembly of 'd:\circuitprojects\stm8\main.asm'
d:\circuitprojects\stm8\main.asm(46): as1 : Error 56: unrecognised opcode 'mov PD_DDR, #$ff'
d:\circuitprojects\stm8\main.asm(46): as1 : Error 69: Ambiguous label name 'mov PD_DDR, #$ff'
d:\circuitprojects\stm8\main.asm(47): as1 : Error 56: unrecognised opcode 'mov PD_CR1, #$ff'
d:\circuitprojects\stm8\main.asm(47): as1 : Error 69: Ambiguous label name 'mov PD_CR1, #$ff'
d:\circuitprojects\stm8\main.asm(47): as1 : Error 50: Doubly defined label! 'mov PD_CR1, #$ff'
d:\circuitprojects\stm8\main.asm(48): as1 : Error 56: unrecognised opcode 'mov PD_ODR, #$55'
d:\circuitprojects\stm8\main.asm(48): as1 : Error 69: Ambiguous label name 'mov PD_ODR, #$55'
d:\circuitprojects\stm8\main.asm(48): as1 : Error 50: Doubly defined label! 'mov PD_ODR, #$55'
8 errors on assembly of 'd:\circuitprojects\stm8\main.asm'
d:\circuitprojects\stm8\main.asm(46): as1 : Error 56: unrecognised opcode 'mov PD_DDR, #$ff'
d:\circuitprojects\stm8\main.asm(46): as1 : Error 69: Ambiguous label name 'mov PD_DDR, #$ff'
d:\circuitprojects\stm8\main.asm(47): as1 : Error 56: unrecognised opcode 'mov PD_CR1, #$ff'
d:\circuitprojects\stm8\main.asm(47): as1 : Error 69: Ambiguous label name 'mov PD_CR1, #$ff'
d:\circuitprojects\stm8\main.asm(47): as1 : Error 50: Doubly defined label! 'mov PD_CR1, #$ff'
d:\circuitprojects\stm8\main.asm(48): as1 : Error 56: unrecognised opcode 'mov PD_ODR, #$55'
d:\circuitprojects\stm8\main.asm(48): as1 : Error 69: Ambiguous label name 'mov PD_ODR, #$55'
d:\circuitprojects\stm8\main.asm(48): as1 : Error 50: Doubly defined label! 'mov PD_ODR, #$55'
8 errors on assembly of 'd:\circuitprojects\stm8\main.asm'
d:\circuitprojects\stm8\main.asm(46): as1 : Error 56: unrecognised opcode 'mov PD_DDR, #$ff'
d:\circuitprojects\stm8\main.asm(46): as1 : Error 69: Ambiguous label name 'mov PD_DDR, #$ff'
d:\circuitprojects\stm8\main.asm(47): as1 : Error 56: unrecognised opcode 'mov PD_CR1, #$ff'
d:\circuitprojects\stm8\main.asm(47): as1 : Error 69: Ambiguous label name 'mov PD_CR1, #$ff'
d:\circuitprojects\stm8\main.asm(47): as1 : Error 50: Doubly defined label! 'mov PD_CR1, #$ff'
d:\circuitprojects\stm8\main.asm(48): as1 : Error 56: unrecognised opcode 'mov PD_ODR, #$55'
d:\circuitprojects\stm8\main.asm(48): as1 : Error 69: Ambiguous label name 'mov PD_ODR, #$55'
d:\circuitprojects\stm8\main.asm(48): as1 : Error 50: Doubly defined label! 'mov PD_ODR, #$55'
8 errors on assembly of 'd:\circuitprojects\stm8\main.asm'
d:\circuitprojects\stm8\main.asm(47): as1 : Error 56: unrecognised opcode 'mov PD_DDR, #$ff'
d:\circuitprojects\stm8\main.asm(47): as1 : Error 69: Ambiguous label name 'mov PD_DDR, #$ff'
d:\circuitprojects\stm8\main.asm(48): as1 : Error 56: unrecognised opcode 'mov PD_CR1, #$ff'
d:\circuitprojects\stm8\main.asm(48): as1 : Error 69: Ambiguous label name 'mov PD_CR1, #$ff'
d:\circuitprojects\stm8\main.asm(48): as1 : Error 50: Doubly defined label! 'mov PD_CR1, #$ff'
d:\circuitprojects\stm8\main.asm(49): as1 : Error 56: unrecognised opcode 'mov PD_ODR, #$55'
d:\circuitprojects\stm8\main.asm(49): as1 : Error 69: Ambiguous label name 'mov PD_ODR, #$55'
d:\circuitprojects\stm8\main.asm(49): as1 : Error 50: Doubly defined label! 'mov PD_ODR, #$55'
8 errors on assembly of 'd:\circuitprojects\stm8\main.asm'
d:\circuitprojects\stm8\main.asm(47): as1 : Error 56: unrecognised opcode 'mov PD_DDR, #$ff'
d:\circuitprojects\stm8\main.asm(47): as1 : Error 69: Ambiguous label name 'mov PD_DDR, #$ff'
d:\circuitprojects\stm8\main.asm(48): as1 : Error 56: unrecognised opcode 'mov PD_CR1, #$ff'
d:\circuitprojects\stm8\main.asm(48): as1 : Error 69: Ambiguous label name 'mov PD_CR1, #$ff'
d:\circuitprojects\stm8\main.asm(48): as1 : Error 50: Doubly defined label! 'mov PD_CR1, #$ff'
d:\circuitprojects\stm8\main.asm(49): as1 : Error 56: unrecognised opcode 'mov PD_ODR, #$55'
d:\circuitprojects\stm8\main.asm(49): as1 : Error 69: Ambiguous label name 'mov PD_ODR, #$55'
d:\circuitprojects\stm8\main.asm(49): as1 : Error 50: Doubly defined label! 'mov PD_ODR, #$55'
8 errors on assembly of 'd:\circuitprojects\stm8\main.asm'
d:\circuitprojects\stm8\main.asm(47): as1 : Error 56: unrecognised opcode 'mov PD_DDR, #$ff'
d:\circuitprojects\stm8\main.asm(47): as1 : Error 69: Ambiguous label name 'mov PD_DDR, #$ff'
d:\circuitprojects\stm8\main.asm(48): as1 : Error 56: unrecognised opcode 'mov PD_CR1, #$ff'
d:\circuitprojects\stm8\main.asm(48): as1 : Error 69: Ambiguous label name 'mov PD_CR1, #$ff'
d:\circuitprojects\stm8\main.asm(48): as1 : Error 50: Doubly defined label! 'mov PD_CR1, #$ff'
d:\circuitprojects\stm8\main.asm(49): as1 : Error 56: unrecognised opcode 'mov PD_ODR, #$55'
d:\circuitprojects\stm8\main.asm(49): as1 : Error 69: Ambiguous label name 'mov PD_ODR, #$55'
d:\circuitprojects\stm8\main.asm(49): as1 : Error 50: Doubly defined label! 'mov PD_ODR, #$55'
8 errors on assembly of 'd:\circuitprojects\stm8\main.asm'
d:\circuitprojects\stm8\main.asm(47): as1 : Error 56: unrecognised opcode 'mov PD_DDR, #$ff'
d:\circuitprojects\stm8\main.asm(47): as1 : Error 69: Ambiguous label name 'mov PD_DDR, #$ff'
d:\circuitprojects\stm8\main.asm(48): as1 : Error 56: unrecognised opcode 'mov PD_CR1, #$ff'
d:\circuitprojects\stm8\main.asm(48): as1 : Error 69: Ambiguous label name 'mov PD_CR1, #$ff'
d:\circuitprojects\stm8\main.asm(48): as1 : Error 50: Doubly defined label! 'mov PD_CR1, #$ff'
d:\circuitprojects\stm8\main.asm(49): as1 : Error 56: unrecognised opcode 'mov PD_ODR, #$55'
d:\circuitprojects\stm8\main.asm(49): as1 : Error 69: Ambiguous label name 'mov PD_ODR, #$55'
d:\circuitprojects\stm8\main.asm(49): as1 : Error 50: Doubly defined label! 'mov PD_ODR, #$55'
8 errors on assembly of 'd:\circuitprojects\stm8\main.asm'
d:\circuitprojects\stm8\main.asm(47): as1 : Error 56: unrecognised opcode 'mov PD_DDR, #$ff'
d:\circuitprojects\stm8\main.asm(47): as1 : Error 69: Ambiguous label name 'mov PD_DDR, #$ff'
d:\circuitprojects\stm8\main.asm(48): as1 : Error 56: unrecognised opcode 'mov PD_CR1, #$ff'
d:\circuitprojects\stm8\main.asm(48): as1 : Error 69: Ambiguous label name 'mov PD_CR1, #$ff'
d:\circuitprojects\stm8\main.asm(48): as1 : Error 50: Doubly defined label! 'mov PD_CR1, #$ff'
d:\circuitprojects\stm8\main.asm(49): as1 : Error 56: unrecognised opcode 'mov PD_ODR, #$55'
d:\circuitprojects\stm8\main.asm(49): as1 : Error 69: Ambiguous label name 'mov PD_ODR, #$55'
d:\circuitprojects\stm8\main.asm(49): as1 : Error 50: Doubly defined label! 'mov PD_ODR, #$55'
8 errors on assembly of 'd:\circuitprojects\stm8\main.asm'
d:\circuitprojects\stm8\main.asm(47): as1 : Error 56: unrecognised opcode 'mov PD_DDR, #$ff'
d:\circuitprojects\stm8\main.asm(47): as1 : Error 69: Ambiguous label name 'mov PD_DDR, #$ff'
d:\circuitprojects\stm8\main.asm(48): as1 : Error 56: unrecognised opcode 'mov PD_CR1, #$ff'
d:\circuitprojects\stm8\main.asm(48): as1 : Error 69: Ambiguous label name 'mov PD_CR1, #$ff'
d:\circuitprojects\stm8\main.asm(48): as1 : Error 50: Doubly defined label! 'mov PD_CR1, #$ff'
d:\circuitprojects\stm8\main.asm(49): as1 : Error 56: unrecognised opcode 'mov PD_ODR, #$55'
d:\circuitprojects\stm8\main.asm(49): as1 : Error 69: Ambiguous label name 'mov PD_ODR, #$55'
d:\circuitprojects\stm8\main.asm(49): as1 : Error 50: Doubly defined label! 'mov PD_ODR, #$55'
8 errors on assembly of 'd:\circuitprojects\stm8\main.asm'
No errors on assembly of 'd:\circuitprojects\stm8\main.asm'
No errors on assembly of 'd:\circuitprojects\stm8\main.asm'
No errors on assembly of 'd:\circuitprojects\stm8\main.asm'
No errors on assembly of 'd:\circuitprojects\stm8\stm8s105k.asm'
No errors on assembly of 'd:\circuitprojects\stm8\stm8s105k.asm'
No errors on assembly of 'd:\circuitprojects\stm8\main.asm'
No errors on assembly of 'd:\circuitprojects\stm8\main.asm'
No errors on assembly of 'd:\circuitprojects\stm8\main.asm'
No errors on assembly of 'd:\circuitprojects\stm8\main.asm'
No errors on assembly of 'd:\circuitprojects\stm8\stm8s105k.asm'
No errors on assembly of 'd:\circuitprojects\stm8\main.asm'
No errors on assembly of 'd:\circuitprojects\stm8\main.asm'
No errors on assembly of 'd:\circuitprojects\stm8\main.asm'
No errors on assembly of 'd:\circuitprojects\stm8\main.asm'
No errors on assembly of 'd:\circuitprojects\stm8\main.asm'
No errors on assembly of 'd:\circuitprojects\stm8\main.asm'
No errors on assembly of 'd:\circuitprojects\stm8\mapping.asm'
No errors on assembly of 'd:\circuitprojects\stm8\mapping.asm'
No errors on assembly of 'd:\circuitprojects\stm8\stm8s105k.asm'
No errors on assembly of 'd:\circuitprojects\stm8\stm8s105k.asm'
No errors on assembly of 'd:\circuitprojects\stm8\mapping.asm'
No errors on assembly of 'd:\circuitprojects\stm8\mapping.asm'
No errors on assembly of 'd:\circuitprojects\stm8\main.asm'
No errors on assembly of 'd:\circuitprojects\stm8\main.asm'
No errors on assembly of 'd:\circuitprojects\stm8\stm8s105k.asm'
No errors on assembly of 'd:\circuitprojects\stm8\stm8s105k.asm'
No errors on assembly of 'd:\circuitprojects\stm8\main.asm'
No errors on assembly of 'd:\circuitprojects\stm8\main.asm'
d:\circuitprojects\stm8\main.asm(54): as2 : Error 46: Illegal undefined label 'PD_ODR1, #$ff'
1 error on assembly of 'd:\circuitprojects\stm8\main.asm'
d:\circuitprojects\stm8\main.asm(54): as1 : Error 54: Can't match Addressing mode '	BCPL PD_ODR, #64'
1 error on assembly of 'd:\circuitprojects\stm8\main.asm'
d:\circuitprojects\stm8\main.asm(54): as1 : Error 54: Can't match Addressing mode '	BCPL PD_ODR, #64'
1 error on assembly of 'd:\circuitprojects\stm8\main.asm'
d:\circuitprojects\stm8\main.asm(54): as1 : Error 54: Can't match Addressing mode '	BCPL PD_ODR, #64'
1 error on assembly of 'd:\circuitprojects\stm8\main.asm'
d:\circuitprojects\stm8\main.asm(54): as1 : Error 54: Can't match Addressing mode '	BCP PD_ODR, #64'
1 error on assembly of 'd:\circuitprojects\stm8\main.asm'
d:\circuitprojects\stm8\main.asm(54): as1 : Error 54: Can't match Addressing mode '	BCP PD_ODR, #64'
1 error on assembly of 'd:\circuitprojects\stm8\main.asm'
d:\circuitprojects\stm8\main.asm(54): as1 : Error 54: Can't match Addressing mode '	BCP PD_ODR, #64'
1 error on assembly of 'd:\circuitprojects\stm8\main.asm'
No errors on assembly of 'd:\circuitprojects\stm8\main.asm'
No errors on assembly of 'd:\circuitprojects\stm8\main.asm'
No errors on assembly of 'd:\circuitprojects\stm8\main.asm'
d:\circuitprojects\stm8\main.asm(54): as1 : Error 54: Can't match Addressing mode '	BCPL PD_ODR, #$7f'
1 error on assembly of 'd:\circuitprojects\stm8\main.asm'
d:\circuitprojects\stm8\main.asm(54): as1 : Error 54: Can't match Addressing mode '	BCPL PD_ODR, #$7f'
1 error on assembly of 'd:\circuitprojects\stm8\main.asm'
d:\circuitprojects\stm8\main.asm(54): as1 : Error 54: Can't match Addressing mode '	BCPL PD_ODR, #$7f'
1 error on assembly of 'd:\circuitprojects\stm8\main.asm'
No errors on assembly of 'd:\circuitprojects\stm8\main.asm'
No errors on assembly of 'd:\circuitprojects\stm8\main.asm'
No errors on assembly of 'd:\circuitprojects\stm8\main.asm'
No errors on assembly of 'd:\circuitprojects\stm8\main.asm'
No errors on assembly of 'd:\circuitprojects\stm8\main.asm'
No errors on assembly of 'd:\circuitprojects\stm8\main.asm'
d:\circuitprojects\stm8\main.asm(55): as1 : Error 54: Can't match Addressing mode '	ld 00, #0'
1 error on assembly of 'd:\circuitprojects\stm8\main.asm'
d:\circuitprojects\stm8\main.asm(55): as1 : Error 54: Can't match Addressing mode '	ld 00, #0'
1 error on assembly of 'd:\circuitprojects\stm8\main.asm'
d:\circuitprojects\stm8\main.asm(55): as1 : Error 54: Can't match Addressing mode '	ld 00, #0'
1 error on assembly of 'd:\circuitprojects\stm8\main.asm'
d:\circuitprojects\stm8\main.asm(55): as1 : Error 54: Can't match Addressing mode '	ld 0, 0'
1 error on assembly of 'd:\circuitprojects\stm8\main.asm'
d:\circuitprojects\stm8\main.asm(55): as1 : Error 54: Can't match Addressing mode '	ld 0, 0'
1 error on assembly of 'd:\circuitprojects\stm8\main.asm'
d:\circuitprojects\stm8\main.asm(55): as1 : Error 54: Can't match Addressing mode '	ld 0, 0'
1 error on assembly of 'd:\circuitprojects\stm8\main.asm'
d:\circuitprojects\stm8\main.asm(59): as1 : Error 56: unrecognised opcode '	bcql PD_ODR, #3'
1 error on assembly of 'd:\circuitprojects\stm8\main.asm'
d:\circuitprojects\stm8\main.asm(59): as1 : Error 56: unrecognised opcode '	bcql PD_ODR, #3'
1 error on assembly of 'd:\circuitprojects\stm8\main.asm'
d:\circuitprojects\stm8\main.asm(59): as1 : Error 56: unrecognised opcode '	bcql PD_ODR, #3'
1 error on assembly of 'd:\circuitprojects\stm8\main.asm'
No errors on assembly of 'd:\circuitprojects\stm8\main.asm'
No errors on assembly of 'd:\circuitprojects\stm8\main.asm'
No errors on assembly of 'd:\circuitprojects\stm8\main.asm'
No errors on assembly of 'd:\circuitprojects\stm8\main.asm'
No errors on assembly of 'd:\circuitprojects\stm8\main.asm'
No errors on assembly of 'd:\circuitprojects\stm8\main.asm'
d:\circuitprojects\stm8\main.asm(57): as1 : Error 54: Can't match Addressing mode '	cp 0, A'
1 error on assembly of 'd:\circuitprojects\stm8\main.asm'
d:\circuitprojects\stm8\main.asm(57): as1 : Error 54: Can't match Addressing mode '	cp 0, A'
1 error on assembly of 'd:\circuitprojects\stm8\main.asm'
d:\circuitprojects\stm8\main.asm(57): as1 : Error 54: Can't match Addressing mode '	cp 0, A'
1 error on assembly of 'd:\circuitprojects\stm8\main.asm'
d:\circuitprojects\stm8\main.asm(57): as1 : Error 54: Can't match Addressing mode '	cp A, A'
1 error on assembly of 'd:\circuitprojects\stm8\main.asm'
d:\circuitprojects\stm8\main.asm(57): as1 : Error 54: Can't match Addressing mode '	cp A, A'
1 error on assembly of 'd:\circuitprojects\stm8\main.asm'
d:\circuitprojects\stm8\main.asm(57): as1 : Error 54: Can't match Addressing mode '	cp A, A'
1 error on assembly of 'd:\circuitprojects\stm8\main.asm'
No errors on assembly of 'd:\circuitprojects\stm8\main.asm'
No errors on assembly of 'd:\circuitprojects\stm8\main.asm'
No errors on assembly of 'd:\circuitprojects\stm8\main.asm'
No errors on assembly of 'd:\circuitprojects\stm8\main.asm'
No errors on assembly of 'd:\circuitprojects\stm8\main.asm'
No errors on assembly of 'd:\circuitprojects\stm8\main.asm'
No errors on assembly of 'd:\circuitprojects\stm8\main.asm'
No errors on assembly of 'd:\circuitprojects\stm8\main.asm'
No errors on assembly of 'd:\circuitprojects\stm8\main.asm'
d:\circuitprojects\stm8\main.asm(56): as1 : Error 54: Can't match Addressing mode '	cp #$ff, A'
1 error on assembly of 'd:\circuitprojects\stm8\main.asm'
d:\circuitprojects\stm8\main.asm(56): as1 : Error 54: Can't match Addressing mode '	cp #$ff, A'
1 error on assembly of 'd:\circuitprojects\stm8\main.asm'
d:\circuitprojects\stm8\main.asm(56): as1 : Error 54: Can't match Addressing mode '	cp #$ff, A'
1 error on assembly of 'd:\circuitprojects\stm8\main.asm'
d:\circuitprojects\stm8\main.asm(57): as1 : Error 54: Can't match Addressing mode '	cp 0, A'
1 error on assembly of 'd:\circuitprojects\stm8\main.asm'
d:\circuitprojects\stm8\main.asm(57): as1 : Error 54: Can't match Addressing mode '	cp 0, A'
1 error on assembly of 'd:\circuitprojects\stm8\main.asm'
d:\circuitprojects\stm8\main.asm(57): as1 : Error 54: Can't match Addressing mode '	cp 0, A'
1 error on assembly of 'd:\circuitprojects\stm8\main.asm'
No errors on assembly of 'd:\circuitprojects\stm8\main.asm'
No errors on assembly of 'd:\circuitprojects\stm8\main.asm'
No errors on assembly of 'd:\circuitprojects\stm8\main.asm'
No errors on assembly of 'd:\circuitprojects\stm8\main.asm'
No errors on assembly of 'd:\circuitprojects\stm8\main.asm'
No errors on assembly of 'd:\circuitprojects\stm8\main.asm'
No errors on assembly of 'd:\circuitprojects\stm8\main.asm'
No errors on assembly of 'd:\circuitprojects\stm8\main.asm'
No errors on assembly of 'd:\circuitprojects\stm8\main.asm'
No errors on assembly of 'd:\circuitprojects\stm8\main.asm'
No errors on assembly of 'd:\circuitprojects\stm8\main.asm'
No errors on assembly of 'd:\circuitprojects\stm8\main.asm'
No errors on assembly of 'd:\circuitprojects\stm8\main.asm'
No errors on assembly of 'd:\circuitprojects\stm8\main.asm'
No errors on assembly of 'd:\circuitprojects\stm8\main.asm'
No errors on assembly of 'd:\circuitprojects\stm8\main.asm'
No errors on assembly of 'd:\circuitprojects\stm8\main.asm'
No errors on assembly of 'd:\circuitprojects\stm8\main.asm'
d:\circuitprojects\stm8\main.asm(56): as1 : Error 54: Can't match Addressing mode '	cp A'
1 error on assembly of 'd:\circuitprojects\stm8\main.asm'
d:\circuitprojects\stm8\main.asm(56): as1 : Error 54: Can't match Addressing mode '	cp A'
1 error on assembly of 'd:\circuitprojects\stm8\main.asm'
d:\circuitprojects\stm8\main.asm(56): as1 : Error 54: Can't match Addressing mode '	cp A'
1 error on assembly of 'd:\circuitprojects\stm8\main.asm'
No errors on assembly of 'd:\circuitprojects\stm8\main.asm'
No errors on assembly of 'd:\circuitprojects\stm8\main.asm'
No errors on assembly of 'd:\circuitprojects\stm8\main.asm'
No errors on assembly of 'd:\circuitprojects\stm8\main.asm'
No errors on assembly of 'd:\circuitprojects\stm8\main.asm'
d:\circuitprojects\stm8\main.asm(98): as2 : Error 46: Illegal undefined label 'compare'
1 error on assembly of 'd:\circuitprojects\stm8\main.asm'
No errors on assembly of 'd:\circuitprojects\stm8\main.asm'
No errors on assembly of 'd:\circuitprojects\stm8\main.asm'
No errors on assembly of 'd:\circuitprojects\stm8\main.asm'
No errors on assembly of 'd:\circuitprojects\stm8\main.asm'
No errors on assembly of 'd:\circuitprojects\stm8\main.asm'
No errors on assembly of 'd:\circuitprojects\stm8\main.asm'
No errors on assembly of 'd:\circuitprojects\stm8\main.asm'
No errors on assembly of 'd:\circuitprojects\stm8\main.asm'
No errors on assembly of 'd:\circuitprojects\stm8\main.asm'
No errors on assembly of 'd:\circuitprojects\stm8\main.asm'
No errors on assembly of 'd:\circuitprojects\stm8\main.asm'
No errors on assembly of 'd:\circuitprojects\stm8\main.asm'
No errors on assembly of 'd:\circuitprojects\stm8\main.asm'
No errors on assembly of 'd:\circuitprojects\stm8\main.asm'
No errors on assembly of 'd:\circuitprojects\stm8\main.asm'
No errors on assembly of 'd:\circuitprojects\stm8\main.asm'
No errors on assembly of 'd:\circuitprojects\stm8\main.asm'
No errors on assembly of 'd:\circuitprojects\stm8\main.asm'
No errors on assembly of 'd:\circuitprojects\stm8\main.asm'
No errors on assembly of 'd:\circuitprojects\stm8\main.asm'
No errors on assembly of 'd:\circuitprojects\stm8\main.asm'
No errors on assembly of 'd:\circuitprojects\stm8\main.asm'
No errors on assembly of 'd:\circuitprojects\stm8\main.asm'
No errors on assembly of 'd:\circuitprojects\stm8\main.asm'
No errors on assembly of 'd:\circuitprojects\stm8\main.asm'
No errors on assembly of 'd:\circuitprojects\stm8\main.asm'
No errors on assembly of 'd:\circuitprojects\stm8\main.asm'
No errors on assembly of 'd:\circuitprojects\stm8\main.asm'
No errors on assembly of 'd:\circuitprojects\stm8\main.asm'
d:\circuitprojects\stm8\main.asm(68): as2 : Error 46: Illegal undefined label 'interpt1'
1 error on assembly of 'd:\circuitprojects\stm8\main.asm'
No errors on assembly of 'd:\circuitprojects\stm8\main.asm'
No errors on assembly of 'd:\circuitprojects\stm8\main.asm'
No errors on assembly of 'd:\circuitprojects\stm8\main.asm'
No errors on assembly of 'd:\circuitprojects\stm8\main.asm'
No errors on assembly of 'd:\circuitprojects\stm8\main.asm'
No errors on assembly of 'd:\circuitprojects\stm8\main.asm'
No errors on assembly of 'd:\circuitprojects\stm8\main.asm'
No errors on assembly of 'd:\circuitprojects\stm8\main.asm'
No errors on assembly of 'd:\circuitprojects\stm8\main.asm'
No errors on assembly of 'd:\circuitprojects\stm8\main.asm'
No errors on assembly of 'd:\circuitprojects\stm8\main.asm'
No errors on assembly of 'd:\circuitprojects\stm8\main.asm'
No errors on assembly of 'd:\circuitprojects\stm8\main.asm'
No errors on assembly of 'd:\circuitprojects\stm8\main.asm'
No errors on assembly of 'd:\circuitprojects\stm8\main.asm'
No errors on assembly of 'd:\circuitprojects\stm8\main.asm'
No errors on assembly of 'd:\circuitprojects\stm8\main.asm'
No errors on assembly of 'd:\circuitprojects\stm8\main.asm'
No errors on assembly of 'd:\circuitprojects\stm8\main.asm'
No errors on assembly of 'd:\circuitprojects\stm8\main.asm'
No errors on assembly of 'd:\circuitprojects\stm8\main.asm'
d:\circuitprojects\stm8\main.asm(58): as1 : Error 54: Can't match Addressing mode '	ld PD_ODR, #3'
1 error on assembly of 'd:\circuitprojects\stm8\main.asm'
d:\circuitprojects\stm8\main.asm(58): as1 : Error 54: Can't match Addressing mode '	ld PD_ODR, #3'
1 error on assembly of 'd:\circuitprojects\stm8\main.asm'
d:\circuitprojects\stm8\main.asm(58): as1 : Error 54: Can't match Addressing mode '	ld PD_ODR, #3'
1 error on assembly of 'd:\circuitprojects\stm8\main.asm'
No errors on assembly of 'd:\circuitprojects\stm8\main.asm'
No errors on assembly of 'd:\circuitprojects\stm8\main.asm'
No errors on assembly of 'd:\circuitprojects\stm8\main.asm'
No errors on assembly of 'd:\circuitprojects\stm8\main.asm'
No errors on assembly of 'd:\circuitprojects\stm8\main.asm'
No errors on assembly of 'd:\circuitprojects\stm8\main.asm'
d:\circuitprojects\stm8\main.asm(58): as1 : Error 54: Can't match Addressing mode '	mov PD_ODR, A'
1 error on assembly of 'd:\circuitprojects\stm8\main.asm'
d:\circuitprojects\stm8\main.asm(58): as1 : Error 54: Can't match Addressing mode '	mov PD_ODR, A'
1 error on assembly of 'd:\circuitprojects\stm8\main.asm'
d:\circuitprojects\stm8\main.asm(58): as1 : Error 54: Can't match Addressing mode '	mov PD_ODR, A'
1 error on assembly of 'd:\circuitprojects\stm8\main.asm'
No errors on assembly of 'd:\circuitprojects\stm8\main.asm'
No errors on assembly of 'd:\circuitprojects\stm8\main.asm'
No errors on assembly of 'd:\circuitprojects\stm8\main.asm'
No errors on assembly of 'd:\circuitprojects\stm8\main.asm'
No errors on assembly of 'd:\circuitprojects\stm8\main.asm'
No errors on assembly of 'd:\circuitprojects\stm8\main.asm'
No errors on assembly of 'd:\circuitprojects\stm8\main.asm'
No errors on assembly of 'd:\circuitprojects\stm8\main.asm'
No errors on assembly of 'd:\circuitprojects\stm8\main.asm'
No errors on assembly of 'd:\circuitprojects\stm8\main.asm'
No errors on assembly of 'd:\circuitprojects\stm8\main.asm'
No errors on assembly of 'd:\circuitprojects\stm8\main.asm'
No errors on assembly of 'd:\circuitprojects\stm8\main.asm'
No errors on assembly of 'd:\circuitprojects\stm8\main.asm'
No errors on assembly of 'd:\circuitprojects\stm8\main.asm'
No errors on assembly of 'd:\circuitprojects\stm8\main.asm'
d:\circuitprojects\stm8\main.asm(56): as1 : Error 54: Can't match Addressing mode '	cp PD_ODR, #3'
1 error on assembly of 'd:\circuitprojects\stm8\main.asm'
d:\circuitprojects\stm8\main.asm(56): as1 : Error 54: Can't match Addressing mode '	cp PD_ODR, #3'
1 error on assembly of 'd:\circuitprojects\stm8\main.asm'
d:\circuitprojects\stm8\main.asm(56): as1 : Error 54: Can't match Addressing mode '	cp PD_ODR, #3'
1 error on assembly of 'd:\circuitprojects\stm8\main.asm'
No errors on assembly of 'd:\circuitprojects\stm8\main.asm'
No errors on assembly of 'd:\circuitprojects\stm8\main.asm'
No errors on assembly of 'd:\circuitprojects\stm8\main.asm'
No errors on assembly of 'd:\circuitprojects\stm8\main.asm'
No errors on assembly of 'd:\circuitprojects\stm8\main.asm'
No errors on assembly of 'd:\circuitprojects\stm8\main.asm'
No errors on assembly of 'd:\circuitprojects\stm8\main.asm'
No errors on assembly of 'd:\circuitprojects\stm8\main.asm'
No errors on assembly of 'd:\circuitprojects\stm8\main.asm'
No errors on assembly of 'd:\circuitprojects\stm8\main.asm'
No errors on assembly of 'd:\circuitprojects\stm8\main.asm'
No errors on assembly of 'd:\circuitprojects\stm8\main.asm'
No errors on assembly of 'd:\circuitprojects\stm8\ca-exercise1\mapping.asm'
No errors on assembly of 'd:\circuitprojects\stm8\ca-exercise1\mapping.asm'
No errors on assembly of 'd:\circuitprojects\stm8\ca-exercise1\mapping.asm'
No errors on assembly of 'd:\circuitprojects\stm8\ca-exercise1\mapping.asm'
No errors on assembly of 'd:\circuitprojects\stm8\ca-exercise1\mapping.asm'
No errors on assembly of 'd:\circuitprojects\stm8\ca-exercise1\main.asm'
No errors on assembly of 'd:\circuitprojects\stm8\ca-exercise1\main.asm'
No errors on assembly of 'd:\circuitprojects\stm8\ca-exercise1\stm8s105k.asm'
No errors on assembly of 'd:\circuitprojects\stm8\ca-exercise1\stm8s105k.asm'
No errors on assembly of 'd:\circuitprojects\stm8\ca-exercise1\main.asm'
No errors on assembly of 'd:\circuitprojects\stm8\ca-exercise1\main.asm'
No errors on assembly of 'd:\circuitprojects\stm8\ca-exercise1\main.asm'
No errors on assembly of 'd:\circuitprojects\stm8\ca-exercise1\mapping.asm'
