No errors on assembly of 'd:\circuitprojects\stm8\timer\mapping.asm'
No errors on assembly of 'd:\circuitprojects\stm8\timer\mapping.asm'
No errors on assembly of 'd:\circuitprojects\stm8\timer\mapping.asm'
No errors on assembly of 'd:\circuitprojects\stm8\timer\mapping.asm'
No errors on assembly of 'd:\circuitprojects\stm8\timer\mapping.asm'
No errors on assembly of 'd:\circuitprojects\stm8\timer\mapping.asm'
No errors on assembly of 'd:\circuitprojects\stm8\timer\mapping.asm'
No errors on assembly of 'd:\circuitprojects\stm8\timer\mapping.asm'
No errors on assembly of 'd:\circuitprojects\stm8\timer\mapping.asm'
d:\circuitprojects\stm8\timer\main.asm(72): as1 : Error 54: Can't match Addressing mode '	cp TIM2_SR1, #%00000010'
1 error on assembly of 'd:\circuitprojects\stm8\timer\main.asm'
d:\circuitprojects\stm8\timer\main.asm(72): as1 : Error 54: Can't match Addressing mode '	cp TIM2_SR1, #%00000010'
d:\circuitprojects\stm8\timer\main.asm(46): as2 : Error 46: Illegal undefined label 'PD_DDR, #$ff'
d:\circuitprojects\stm8\timer\main.asm(47): as2 : Error 46: Illegal undefined label 'PD_CR1, #$ff'
d:\circuitprojects\stm8\timer\main.asm(48): as2 : Error 46: Illegal undefined label 'PD_ODR'
d:\circuitprojects\stm8\timer\main.asm(50): as2 : Error 46: Illegal undefined label 'PC_DDR, #0'
d:\circuitprojects\stm8\timer\main.asm(51): as2 : Error 46: Illegal undefined label 'PC_CR1, #0'
d:\circuitprojects\stm8\timer\main.asm(52): as2 : Error 46: Illegal undefined label 'PC_CR2, #$1'
d:\circuitprojects\stm8\timer\main.asm(53): as2 : Error 46: Illegal undefined label 'EXTI_CR1, #$20'
d:\circuitprojects\stm8\timer\main.asm(55): as2 : Error 46: Illegal undefined label 'TIM2_CR1, #%00000001 ;counter enable on'
d:\circuitprojects\stm8\timer\main.asm(56): as2 : Error 46: Illegal undefined label 'TIM2_IER, #$00 ;no interrupts are required for PWM'
d:\circuitprojects\stm8\timer\main.asm(57): as2 : Error 46: Illegal undefined label 'TIM2_CCMR1, #%01100000 ;PWM mode 1+CC1 as output'
d:\circuitprojects\stm8\timer\main.asm(58): as2 : Error 46: Illegal undefined label 'TIM2_CCER1, #1 ;CC output '
d:\circuitprojects\stm8\timer\main.asm(59): as2 : Error 46: Illegal undefined label 'TIM2_ARRH, #%00000111'
d:\circuitprojects\stm8\timer\main.asm(60): as2 : Error 46: Illegal undefined label 'TIM2_ARRL, #%11010000'
d:\circuitprojects\stm8\timer\main.asm(61): as2 : Error 46: Illegal undefined label 'TIM2_CCR1H, #%00000011'
d:\circuitprojects\stm8\timer\main.asm(62): as2 : Error 46: Illegal undefined label 'TIM2_CCR1L, #%11101000'
d:\circuitprojects\stm8\timer\main.asm(72): as2 : Error 46: Illegal undefined label 'TIM2_SR1, #%00000010'
d:\circuitprojects\stm8\timer\main.asm(73): as2 : Error 46: Illegal undefined label 'PD_ODR, #%11111111'
d:\circuitprojects\stm8\timer\main.asm(74): as2 : Error 46: Illegal undefined label 'PD_ODR, #%00000000'
d:\circuitprojects\stm8\timer\main.asm(88): as2 : Error 46: Illegal undefined label 'PC_IDR'
20 errors on assembly of 'd:\circuitprojects\stm8\timer\main.asm'
d:\circuitprojects\stm8\timer\main.asm(73): as1 : Error 54: Can't match Addressing mode '	cp TIM2_SR1, #%00000010'
1 error on assembly of 'd:\circuitprojects\stm8\timer\main.asm'
d:\circuitprojects\stm8\timer\main.asm(73): as1 : Error 54: Can't match Addressing mode '	cp TIM2_SR1, #%00000010'
1 error on assembly of 'd:\circuitprojects\stm8\timer\main.asm'
d:\circuitprojects\stm8\timer\main.asm(73): as1 : Error 54: Can't match Addressing mode '	cp TIM2_SR1, #%00000010'
1 error on assembly of 'd:\circuitprojects\stm8\timer\main.asm'
No errors on assembly of 'd:\circuitprojects\stm8\timer\main.asm'
No errors on assembly of 'd:\circuitprojects\stm8\timer\main.asm'
No errors on assembly of 'd:\circuitprojects\stm8\timer\main.asm'
No errors on assembly of 'd:\circuitprojects\stm8\timer\stm8s105k.asm'
No errors on assembly of 'd:\circuitprojects\stm8\timer\stm8s105k.asm'
No errors on assembly of 'd:\circuitprojects\stm8\timer\main.asm'
No errors on assembly of 'd:\circuitprojects\stm8\timer\main.asm'
No errors on assembly of 'd:\circuitprojects\stm8\timer\main.asm'
No errors on assembly of 'd:\circuitprojects\stm8\timer\main.asm'
No errors on assembly of 'd:\circuitprojects\stm8\timer\main.asm'
No errors on assembly of 'd:\circuitprojects\stm8\timer\main.asm'
No errors on assembly of 'd:\circuitprojects\stm8\timer\main.asm'
No errors on assembly of 'd:\circuitprojects\stm8\timer\main.asm'
No errors on assembly of 'd:\circuitprojects\stm8\timer\main.asm'
No errors on assembly of 'd:\circuitprojects\stm8\timer\main.asm'
No errors on assembly of 'd:\circuitprojects\stm8\timer\main.asm'
No errors on assembly of 'd:\circuitprojects\stm8\timer\main.asm'
No errors on assembly of 'd:\circuitprojects\stm8\timer\main.asm'
No errors on assembly of 'd:\circuitprojects\stm8\timer\main.asm'
No errors on assembly of 'd:\circuitprojects\stm8\timer\main.asm'
No errors on assembly of 'd:\circuitprojects\stm8\timer\main.asm'
No errors on assembly of 'd:\circuitprojects\stm8\timer\main.asm'
No errors on assembly of 'd:\circuitprojects\stm8\timer\main.asm'
No errors on assembly of 'd:\circuitprojects\stm8\timer\main.asm'
No errors on assembly of 'd:\circuitprojects\stm8\timer\main.asm'
No errors on assembly of 'd:\circuitprojects\stm8\timer\main.asm'
No errors on assembly of 'd:\circuitprojects\stm8\timer\main.asm'
No errors on assembly of 'd:\circuitprojects\stm8\timer\main.asm'
No errors on assembly of 'd:\circuitprojects\stm8\timer\main.asm'
No errors on assembly of 'd:\circuitprojects\stm8\timer\main.asm'
No errors on assembly of 'd:\circuitprojects\stm8\timer\main.asm'
No errors on assembly of 'd:\circuitprojects\stm8\timer\main.asm'
No errors on assembly of 'd:\circuitprojects\stm8\timer\main.asm'
d:\circuitprojects\stm8\timer\main.asm(72): as1 : Error 54: Can't match Addressing mode '	mov TIM3_ARRH, #'
d:\circuitprojects\stm8\timer\main.asm(73): as1 : Error 54: Can't match Addressing mode '	mov TIM3_ARRL, #'
2 errors on assembly of 'd:\circuitprojects\stm8\timer\main.asm'
d:\circuitprojects\stm8\timer\main.asm(72): as1 : Error 54: Can't match Addressing mode '	mov TIM3_ARRH, #'
d:\circuitprojects\stm8\timer\main.asm(73): as1 : Error 54: Can't match Addressing mode '	mov TIM3_ARRL, #'
2 errors on assembly of 'd:\circuitprojects\stm8\timer\main.asm'
d:\circuitprojects\stm8\timer\main.asm(72): as1 : Error 54: Can't match Addressing mode '	mov TIM3_ARRH, #'
d:\circuitprojects\stm8\timer\main.asm(73): as1 : Error 54: Can't match Addressing mode '	mov TIM3_ARRL, #'
2 errors on assembly of 'd:\circuitprojects\stm8\timer\main.asm'
d:\circuitprojects\stm8\timer\main.asm(72): as1 : Error 54: Can't match Addressing mode '	mov TIM3_ARRH, #'
d:\circuitprojects\stm8\timer\main.asm(73): as1 : Error 54: Can't match Addressing mode '	mov TIM3_ARRL, #'
2 errors on assembly of 'd:\circuitprojects\stm8\timer\main.asm'
No errors on assembly of 'd:\circuitprojects\stm8\timer\main.asm'
No errors on assembly of 'd:\circuitprojects\stm8\timer\main.asm'
No errors on assembly of 'd:\circuitprojects\stm8\timer\main.asm'
No errors on assembly of 'd:\circuitprojects\stm8\timer\main.asm'
No errors on assembly of 'd:\circuitprojects\stm8\timer\main.asm'
No errors on assembly of 'd:\circuitprojects\stm8\timer\main.asm'
No errors on assembly of 'd:\circuitprojects\stm8\timer\main.asm'
No errors on assembly of 'd:\circuitprojects\stm8\timer\main.asm'
No errors on assembly of 'd:\circuitprojects\stm8\timer\main.asm'
No errors on assembly of 'd:\circuitprojects\stm8\timer\main.asm'
No errors on assembly of 'd:\circuitprojects\stm8\timer\main.asm'
No errors on assembly of 'd:\circuitprojects\stm8\timer\main.asm'
No errors on assembly of 'd:\circuitprojects\stm8\timer\main.asm'
No errors on assembly of 'd:\circuitprojects\stm8\timer\main.asm'
No errors on assembly of 'd:\circuitprojects\stm8\timer\main.asm'
No errors on assembly of 'd:\circuitprojects\stm8\timer\main.asm'
No errors on assembly of 'd:\circuitprojects\stm8\timer\main.asm'
No errors on assembly of 'd:\circuitprojects\stm8\timer\main.asm'
No errors on assembly of 'd:\circuitprojects\stm8\timer\main.asm'
No errors on assembly of 'd:\circuitprojects\stm8\timer\main.asm'
No errors on assembly of 'd:\circuitprojects\stm8\timer\main.asm'
No errors on assembly of 'd:\circuitprojects\stm8\timer\main.asm'
No errors on assembly of 'd:\circuitprojects\stm8\timer\main.asm'
No errors on assembly of 'd:\circuitprojects\stm8\timer\main.asm'
No errors on assembly of 'd:\circuitprojects\stm8\timer\main.asm'
No errors on assembly of 'd:\circuitprojects\stm8\timer\main.asm'
No errors on assembly of 'd:\circuitprojects\stm8\timer\main.asm'
No errors on assembly of 'd:\circuitprojects\stm8\timer\main.asm'
No errors on assembly of 'd:\circuitprojects\stm8\timer\main.asm'
No errors on assembly of 'd:\circuitprojects\stm8\timer\main.asm'
No errors on assembly of 'd:\circuitprojects\stm8\timer\main.asm'
No errors on assembly of 'd:\circuitprojects\stm8\timer\main.asm'
No errors on assembly of 'd:\circuitprojects\stm8\timer\main.asm'
No errors on assembly of 'd:\circuitprojects\stm8\timer\main.asm'
No errors on assembly of 'd:\circuitprojects\stm8\timer\main.asm'
No errors on assembly of 'd:\circuitprojects\stm8\timer\main.asm'
No errors on assembly of 'd:\circuitprojects\stm8\timer\main.asm'
No errors on assembly of 'd:\circuitprojects\stm8\timer\main.asm'
No errors on assembly of 'd:\circuitprojects\stm8\timer\main.asm'
No errors on assembly of 'd:\circuitprojects\stm8\timer\main.asm'
No errors on assembly of 'd:\circuitprojects\stm8\timer\main.asm'
No errors on assembly of 'd:\circuitprojects\stm8\timer\main.asm'
No errors on assembly of 'd:\circuitprojects\stm8\timer\main.asm'
No errors on assembly of 'd:\circuitprojects\stm8\timer\main.asm'
No errors on assembly of 'd:\circuitprojects\stm8\timer\main.asm'
No errors on assembly of 'd:\circuitprojects\stm8\timer\main.asm'
No errors on assembly of 'd:\circuitprojects\stm8\timer\main.asm'
No errors on assembly of 'd:\circuitprojects\stm8\timer\main.asm'
No errors on assembly of 'd:\circuitprojects\stm8\timer\main.asm'
No errors on assembly of 'd:\circuitprojects\stm8\timer\main.asm'
No errors on assembly of 'd:\circuitprojects\stm8\timer\main.asm'
No errors on assembly of 'd:\circuitprojects\stm8\timer\main.asm'
No errors on assembly of 'd:\circuitprojects\stm8\timer\main.asm'
No errors on assembly of 'd:\circuitprojects\stm8\timer\main.asm'
No errors on assembly of 'd:\circuitprojects\stm8\timer\main.asm'
No errors on assembly of 'd:\circuitprojects\stm8\timer\main.asm'
No errors on assembly of 'd:\circuitprojects\stm8\timer\main.asm'
No errors on assembly of 'd:\circuitprojects\stm8\timer\main.asm'
No errors on assembly of 'd:\circuitprojects\stm8\timer\main.asm'
No errors on assembly of 'd:\circuitprojects\stm8\timer\main.asm'
No errors on assembly of 'd:\circuitprojects\stm8\timer\main.asm'
No errors on assembly of 'd:\circuitprojects\stm8\timer\main.asm'
No errors on assembly of 'd:\circuitprojects\stm8\timer\main.asm'
No errors on assembly of 'd:\circuitprojects\stm8\timer\main.asm'
No errors on assembly of 'd:\circuitprojects\stm8\timer\main.asm'
No errors on assembly of 'd:\circuitprojects\stm8\timer\main.asm'
No errors on assembly of 'd:\circuitprojects\stm8\timer\main.asm'
No errors on assembly of 'd:\circuitprojects\stm8\timer\main.asm'
No errors on assembly of 'd:\circuitprojects\stm8\timer\main.asm'
No errors on assembly of 'd:\circuitprojects\stm8\timer\main.asm'
No errors on assembly of 'd:\circuitprojects\stm8\timer\main.asm'
No errors on assembly of 'd:\circuitprojects\stm8\timer\main.asm'
No errors on assembly of 'd:\circuitprojects\stm8\timer\main.asm'
No errors on assembly of 'd:\circuitprojects\stm8\timer\main.asm'
No errors on assembly of 'd:\circuitprojects\stm8\timer\main.asm'
No errors on assembly of 'd:\circuitprojects\stm8\timer\main.asm'
No errors on assembly of 'd:\circuitprojects\stm8\timer\main.asm'
No errors on assembly of 'd:\circuitprojects\stm8\timer\main.asm'
No errors on assembly of 'd:\circuitprojects\stm8\timer\main.asm'
No errors on assembly of 'd:\circuitprojects\stm8\timer\main.asm'
No errors on assembly of 'd:\circuitprojects\stm8\timer\mapping.asm'
No errors on assembly of 'd:\circuitprojects\stm8\timer\mapping.asm'
