No errors on assembly of 'c:\users\admin\desktop\ca-lab2-3\mapping.asm'
No errors on assembly of 'c:\users\admin\desktop\ca-lab2-3\mapping.asm'
No errors on assembly of 'c:\users\admin\desktop\ca-lab2-3\mapping.asm'
No errors on assembly of 'c:\users\admin\desktop\ca-lab2-3\main.asm'
No errors on assembly of 'c:\users\admin\desktop\ca-lab2-3\main.asm'
No errors on assembly of 'c:\users\admin\desktop\ca-lab2-3\stm8s105k.asm'
No errors on assembly of 'c:\users\admin\desktop\ca-lab2-3\stm8s105k.asm'
c:\users\admin\desktop\ca-lab\ca-lab2-3\main.asm(50): as1 : Error 67: Improper Character(s) '... '
c:\users\admin\desktop\ca-lab\ca-lab2-3\main.asm(51): as1 : Error 67: Improper Character(s) '...'
2 errors on assembly of 'c:\users\admin\desktop\ca-lab\ca-lab2-3\main.asm'
c:\users\admin\desktop\ca-lab\ca-lab2-3\main.asm(50): as1 : Error 67: Improper Character(s) '... '
c:\users\admin\desktop\ca-lab\ca-lab2-3\main.asm(51): as1 : Error 67: Improper Character(s) '...'
2 errors on assembly of 'c:\users\admin\desktop\ca-lab\ca-lab2-3\main.asm'
c:\users\admin\desktop\ca-lab\ca-lab2-3\main.asm(50): as1 : Error 67: Improper Character(s) '... '
c:\users\admin\desktop\ca-lab\ca-lab2-3\main.asm(51): as1 : Error 67: Improper Character(s) '...'
2 errors on assembly of 'c:\users\admin\desktop\ca-lab\ca-lab2-3\main.asm'
c:\users\admin\desktop\ca-lab\ca-lab2-3\main.asm(50): as1 : Error 67: Improper Character(s) '... '
c:\users\admin\desktop\ca-lab\ca-lab2-3\main.asm(51): as1 : Error 67: Improper Character(s) '...'
c:\users\admin\desktop\ca-lab\ca-lab2-3\main.asm(50): as2 : Error 46: Illegal undefined label 'TIM3_AARH, #... '
c:\users\admin\desktop\ca-lab\ca-lab2-3\main.asm(51): as2 : Error 46: Illegal undefined label 'TIM3_AARH, #...'
4 errors on assembly of 'c:\users\admin\desktop\ca-lab\ca-lab2-3\main.asm'
c:\users\admin\desktop\ca-lab\ca-lab2-3\main.asm(50): as1 : Error 67: Improper Character(s) '... '
c:\users\admin\desktop\ca-lab\ca-lab2-3\main.asm(51): as1 : Error 67: Improper Character(s) '...'
2 errors on assembly of 'c:\users\admin\desktop\ca-lab\ca-lab2-3\main.asm'
No errors on assembly of 'c:\users\admin\desktop\ca-lab\ca-lab2-3\main.asm'
No errors on assembly of 'c:\users\admin\desktop\ca-lab\ca-lab2-3\main.asm'
c:\users\admin\desktop\ca-lab\ca-lab2-3\main.asm(50): as2 : Error 46: Illegal undefined label 'TIM3_AARH, #$3d'
c:\users\admin\desktop\ca-lab\ca-lab2-3\main.asm(51): as2 : Error 46: Illegal undefined label 'TIM3_AARL, #$09'
2 errors on assembly of 'c:\users\admin\desktop\ca-lab\ca-lab2-3\main.asm'
No errors on assembly of 'c:\users\admin\desktop\ca-lab\ca-lab2-3\main.asm'
No errors on assembly of 'c:\users\admin\desktop\ca-lab\ca-lab2-3\main.asm'
No errors on assembly of 'c:\users\admin\desktop\ca-lab\ca-lab2-3\main.asm'
No errors on assembly of 'c:\users\admin\desktop\ca-lab\ca-lab2-3\main.asm'
No errors on assembly of 'c:\users\admin\desktop\ca-lab\ca-lab2-3\main.asm'
No errors on assembly of 'c:\users\admin\desktop\ca-lab\ca-lab2-3\main.asm'
No errors on assembly of 'c:\users\admin\desktop\ca-lab\ca-lab2-3\main.asm'
No errors on assembly of 'c:\users\admin\desktop\ca-lab\ca-lab2-3\main.asm'
No errors on assembly of 'c:\users\admin\desktop\ca-lab\ca-lab2-3\main.asm'
No errors on assembly of 'c:\users\admin\desktop\ca-lab\ca-lab2-3\main.asm'
No errors on assembly of 'c:\users\admin\desktop\ca-lab\ca-lab2-3\main.asm'
No errors on assembly of 'c:\users\admin\desktop\ca-lab\ca-lab2-3\main.asm'
No errors on assembly of 'c:\users\admin\desktop\ca-lab\ca-lab2-3\main.asm'
No errors on assembly of 'c:\users\admin\desktop\ca-lab\ca-lab2-3\main.asm'
No errors on assembly of 'c:\users\admin\desktop\ca-lab\ca-lab2-3\main.asm'
No errors on assembly of 'c:\users\admin\desktop\ca-lab\ca-lab2-3\main.asm'
No errors on assembly of 'c:\users\admin\desktop\ca-lab\ca-lab2-3\main.asm'
No errors on assembly of 'c:\users\admin\desktop\ca-lab\ca-lab2-3\main.asm'
No errors on assembly of 'c:\users\admin\desktop\ca-lab\ca-lab2-4\main.asm'
No errors on assembly of 'c:\users\admin\desktop\ca-lab\ca-lab2-4\main.asm'
No errors on assembly of 'c:\users\admin\desktop\ca-lab\ca-lab2-4\main.asm'
No errors on assembly of 'c:\users\admin\desktop\ca-lab\ca-lab2-4\main.asm'
No errors on assembly of 'c:\users\admin\desktop\ca-lab\ca-lab2-4\main.asm'
No errors on assembly of 'c:\users\admin\desktop\ca-lab\ca-lab2-4\main.asm'
No errors on assembly of 'c:\users\admin\desktop\ca-lab\ca-lab2-4\main.asm'
No errors on assembly of 'c:\users\admin\desktop\ca-lab\ca-lab2-4\main.asm'
No errors on assembly of 'c:\users\admin\desktop\ca-lab\ca-lab2-4\main.asm'
No errors on assembly of 'c:\users\admin\desktop\ca-lab\ca-lab2-4\main.asm'
No errors on assembly of 'c:\users\admin\desktop\ca-lab\ca-lab2-4\main.asm'
No errors on assembly of 'c:\users\admin\desktop\ca-lab\ca-lab2-4\main.asm'
No errors on assembly of 'c:\users\admin\desktop\ca-lab\ca-lab2-4\main.asm'
No errors on assembly of 'c:\users\admin\desktop\ca-lab\ca-lab2-4\main.asm'
No errors on assembly of 'c:\users\admin\desktop\ca-lab\ca-lab2-4\main.asm'
No errors on assembly of 'c:\users\admin\desktop\ca-lab\ca-lab2-4\main.asm'
No errors on assembly of 'c:\users\admin\desktop\ca-lab\ca-lab2-4\main.asm'
No errors on assembly of 'c:\users\admin\desktop\ca-lab\ca-lab2-4\main.asm'
c:\users\admin\desktop\ca-lab\ca-lab3-2\main.asm(51): as1 : Error 56: unrecognised opcode '	delay_1'
c:\users\admin\desktop\ca-lab\ca-lab3-2\main.asm(59): as1 : Error 54: Can't match Addressing mode '	cpw #$0,X'
2 errors on assembly of 'c:\users\admin\desktop\ca-lab\ca-lab3-2\main.asm'
c:\users\admin\desktop\ca-lab\ca-lab3-2\main.asm(51): as1 : Error 56: unrecognised opcode '	delay_1'
c:\users\admin\desktop\ca-lab\ca-lab3-2\main.asm(59): as1 : Error 54: Can't match Addressing mode '	cpw #$0,X'
2 errors on assembly of 'c:\users\admin\desktop\ca-lab\ca-lab3-2\main.asm'
c:\users\admin\desktop\ca-lab\ca-lab3-2\main.asm(51): as1 : Error 56: unrecognised opcode '	delay_1'
c:\users\admin\desktop\ca-lab\ca-lab3-2\main.asm(59): as1 : Error 54: Can't match Addressing mode '	cpw #$0,X'
2 errors on assembly of 'c:\users\admin\desktop\ca-lab\ca-lab3-2\main.asm'
c:\users\admin\desktop\ca-lab\ca-lab3-2\main.asm(59): as1 : Error 54: Can't match Addressing mode '	cpw #$0,X'
1 error on assembly of 'c:\users\admin\desktop\ca-lab\ca-lab3-2\main.asm'
c:\users\admin\desktop\ca-lab\ca-lab3-2\main.asm(59): as1 : Error 54: Can't match Addressing mode '	cpw #$0,X'
1 error on assembly of 'c:\users\admin\desktop\ca-lab\ca-lab3-2\main.asm'
c:\users\admin\desktop\ca-lab\ca-lab3-2\main.asm(59): as1 : Error 54: Can't match Addressing mode '	cpw #$0,X'
1 error on assembly of 'c:\users\admin\desktop\ca-lab\ca-lab3-2\main.asm'
c:\users\admin\desktop\ca-lab\ca-lab3-2\main.asm(60): as1 : Error 54: Can't match Addressing mode '	cpw Y, X'
1 error on assembly of 'c:\users\admin\desktop\ca-lab\ca-lab3-2\main.asm'
c:\users\admin\desktop\ca-lab\ca-lab3-2\main.asm(60): as1 : Error 54: Can't match Addressing mode '	cpw Y, X'
1 error on assembly of 'c:\users\admin\desktop\ca-lab\ca-lab3-2\main.asm'
c:\users\admin\desktop\ca-lab\ca-lab3-2\main.asm(60): as1 : Error 54: Can't match Addressing mode '	cpw Y, X'
1 error on assembly of 'c:\users\admin\desktop\ca-lab\ca-lab3-2\main.asm'
No errors on assembly of 'c:\users\admin\desktop\ca-lab\ca-lab3-2\main.asm'
No errors on assembly of 'c:\users\admin\desktop\ca-lab\ca-lab3-2\main.asm'
No errors on assembly of 'c:\users\admin\desktop\ca-lab\ca-lab3-2\main.asm'
c:\users\admin\desktop\ca-lab\ca-lab3-2\main.asm(60): as1 : Error 54: Can't match Addressing mode '	cpw Y, X'
1 error on assembly of 'c:\users\admin\desktop\ca-lab\ca-lab3-2\main.asm'
c:\users\admin\desktop\ca-lab\ca-lab3-2\main.asm(60): as1 : Error 54: Can't match Addressing mode '	cpw Y, X'
1 error on assembly of 'c:\users\admin\desktop\ca-lab\ca-lab3-2\main.asm'
c:\users\admin\desktop\ca-lab\ca-lab3-2\main.asm(60): as1 : Error 54: Can't match Addressing mode '	cpw Y, X'
1 error on assembly of 'c:\users\admin\desktop\ca-lab\ca-lab3-2\main.asm'
c:\users\admin\desktop\ca-lab\ca-lab3-2\main.asm(60): as1 : Error 54: Can't match Addressing mode '	mov #00, #$00'
c:\users\admin\desktop\ca-lab\ca-lab3-2\main.asm(61): as1 : Error 54: Can't match Addressing mode '	mov #01, #$00'
2 errors on assembly of 'c:\users\admin\desktop\ca-lab\ca-lab3-2\main.asm'
c:\users\admin\desktop\ca-lab\ca-lab3-2\main.asm(60): as1 : Error 54: Can't match Addressing mode '	mov #00, #$00'
c:\users\admin\desktop\ca-lab\ca-lab3-2\main.asm(61): as1 : Error 54: Can't match Addressing mode '	mov #01, #$00'
2 errors on assembly of 'c:\users\admin\desktop\ca-lab\ca-lab3-2\main.asm'
c:\users\admin\desktop\ca-lab\ca-lab3-2\main.asm(60): as1 : Error 54: Can't match Addressing mode '	mov #00, #$00'
c:\users\admin\desktop\ca-lab\ca-lab3-2\main.asm(61): as1 : Error 54: Can't match Addressing mode '	mov #01, #$00'
2 errors on assembly of 'c:\users\admin\desktop\ca-lab\ca-lab3-2\main.asm'
No errors on assembly of 'c:\users\admin\desktop\ca-lab\ca-lab3-2\main.asm'
No errors on assembly of 'c:\users\admin\desktop\ca-lab\ca-lab3-2\main.asm'
No errors on assembly of 'c:\users\admin\desktop\ca-lab\ca-lab3-2\main.asm'
No errors on assembly of 'c:\users\admin\desktop\ca-lab\ca-lab3-2\main.asm'
No errors on assembly of 'c:\users\admin\desktop\ca-lab\ca-lab3-2\main.asm'
No errors on assembly of 'c:\users\admin\desktop\ca-lab\ca-lab3-2\main.asm'
No errors on assembly of 'c:\users\admin\desktop\ca-lab\ca-lab3-2\main.asm'
No errors on assembly of 'c:\users\admin\desktop\ca-lab\ca-lab3-2\main.asm'
No errors on assembly of 'c:\users\admin\desktop\ca-lab\ca-lab3-2\main.asm'
No errors on assembly of 'c:\users\admin\desktop\ca-lab\ca-lab3-2\main.asm'
No errors on assembly of 'c:\users\admin\desktop\ca-lab\ca-lab3-2\main.asm'
No errors on assembly of 'c:\users\admin\desktop\ca-lab\ca-lab3-2\main.asm'
No errors on assembly of 'c:\users\admin\desktop\ca-lab\ca-lab3-2\main.asm'
No errors on assembly of 'c:\users\admin\desktop\ca-lab\ca-lab3-2\main.asm'
No errors on assembly of 'c:\users\admin\desktop\ca-lab\ca-lab3-2\main.asm'
No errors on assembly of 'c:\users\admin\desktop\ca-lab\ca-lab3-2\main.asm'
No errors on assembly of 'c:\users\admin\desktop\ca-lab\ca-lab3-2\main.asm'
No errors on assembly of 'c:\users\admin\desktop\ca-lab\ca-lab3-2\main.asm'
No errors on assembly of 'c:\users\admin\desktop\ca-lab\ca-lab3-2\main.asm'
No errors on assembly of 'c:\users\admin\desktop\ca-lab\ca-lab3-2\main.asm'
No errors on assembly of 'c:\users\admin\desktop\ca-lab\ca-lab3-2\main.asm'
No errors on assembly of 'c:\users\admin\desktop\ca-lab\ca-lab3-2\main.asm'
No errors on assembly of 'c:\users\admin\desktop\ca-lab\ca-lab3-2\main.asm'
No errors on assembly of 'c:\users\admin\desktop\ca-lab\ca-lab3-2\main.asm'
No errors on assembly of 'c:\users\admin\desktop\ca-lab\ca-lab3-2\main.asm'
No errors on assembly of 'c:\users\admin\desktop\ca-lab\ca-lab3-2\main.asm'
No errors on assembly of 'c:\users\admin\desktop\ca-lab\ca-lab3-2\main.asm'
No errors on assembly of 'c:\users\admin\desktop\ca-lab\ca-lab3-2\main.asm'
No errors on assembly of 'c:\users\admin\desktop\ca-lab\ca-lab3-2\main.asm'
No errors on assembly of 'c:\users\admin\desktop\ca-lab\ca-lab3-2\main.asm'
No errors on assembly of 'c:\users\admin\desktop\ca-lab\ca-lab3-2\main.asm'
No errors on assembly of 'c:\users\admin\desktop\ca-lab\ca-lab3-2\main.asm'
No errors on assembly of 'c:\users\admin\desktop\ca-lab\ca-lab3-2\main.asm'
No errors on assembly of 'c:\users\admin\desktop\ca-lab\ca-lab3-2\main.asm'
No errors on assembly of 'c:\users\admin\desktop\ca-lab\ca-lab3-2\main.asm'
No errors on assembly of 'c:\users\admin\desktop\ca-lab\ca-lab3-2\main.asm'
c:\users\admin\desktop\ca-lab\ca-lab3-2\main.asm(7): as1 : Error 56: unrecognised opcode '	array1 ds.b 16'
1 error on assembly of 'c:\users\admin\desktop\ca-lab\ca-lab3-2\main.asm'
c:\users\admin\desktop\ca-lab\ca-lab3-2\main.asm(7): as1 : Error 56: unrecognised opcode '	array1 ds.b 16'
1 error on assembly of 'c:\users\admin\desktop\ca-lab\ca-lab3-2\main.asm'
c:\users\admin\desktop\ca-lab\ca-lab3-2\main.asm(7): as1 : Error 56: unrecognised opcode '	array1 ds.b 16'
1 error on assembly of 'c:\users\admin\desktop\ca-lab\ca-lab3-2\main.asm'
c:\users\admin\desktop\ca-lab\ca-lab3-2\main.asm(7): as1 : Error 56: unrecognised opcode '	array1 dc.b 16'
1 error on assembly of 'c:\users\admin\desktop\ca-lab\ca-lab3-2\main.asm'
c:\users\admin\desktop\ca-lab\ca-lab3-2\main.asm(7): as1 : Error 56: unrecognised opcode '	array1 dc.b 16'
1 error on assembly of 'c:\users\admin\desktop\ca-lab\ca-lab3-2\main.asm'
c:\users\admin\desktop\ca-lab\ca-lab3-2\main.asm(7): as1 : Error 56: unrecognised opcode '	array1 dc.b 16'
1 error on assembly of 'c:\users\admin\desktop\ca-lab\ca-lab3-2\main.asm'
No errors on assembly of 'c:\users\admin\desktop\ca-lab\ca-lab3-2\main.asm'
No errors on assembly of 'c:\users\admin\desktop\ca-lab\ca-lab3-2\main.asm'
No errors on assembly of 'c:\users\admin\desktop\ca-lab\ca-lab3-2\main.asm'
No errors on assembly of 'c:\users\admin\desktop\ca-lab\ca-lab3-2\main.asm'
No errors on assembly of 'c:\users\admin\desktop\ca-lab\ca-lab3-2\main.asm'
No errors on assembly of 'c:\users\admin\desktop\ca-lab\ca-lab3-2\main.asm'
c:\users\admin\desktop\ca-lab\ca-lab3-2\main.asm(50): as1 : Error 54: Can't match Addressing mode '	ld X, #$00'
c:\users\admin\desktop\ca-lab\ca-lab3-2\main.asm(51): as1 : Error 54: Can't match Addressing mode '	ld Y, #$01'
c:\users\admin\desktop\ca-lab\ca-lab3-2\main.asm(53): as1 : Error 67: Improper Character(s) '+X, Y'
c:\users\admin\desktop\ca-lab\ca-lab3-2\main.asm(54): as1 : Error 54: Can't match Addressing mode '	SLL Y'
c:\users\admin\desktop\ca-lab\ca-lab3-2\main.asm(55): as1 : Error 54: Can't match Addressing mode '	inc X'
c:\users\admin\desktop\ca-lab\ca-lab3-2\main.asm(56): as1 : Error 54: Can't match Addressing mode '	cp X, #$07'
6 errors on assembly of 'c:\users\admin\desktop\ca-lab\ca-lab3-2\main.asm'
c:\users\admin\desktop\ca-lab\ca-lab3-2\main.asm(50): as1 : Error 54: Can't match Addressing mode '	ld X, #$00'
c:\users\admin\desktop\ca-lab\ca-lab3-2\main.asm(51): as1 : Error 54: Can't match Addressing mode '	ld Y, #$01'
c:\users\admin\desktop\ca-lab\ca-lab3-2\main.asm(53): as1 : Error 67: Improper Character(s) '+X, Y'
c:\users\admin\desktop\ca-lab\ca-lab3-2\main.asm(54): as1 : Error 54: Can't match Addressing mode '	SLL Y'
c:\users\admin\desktop\ca-lab\ca-lab3-2\main.asm(55): as1 : Error 54: Can't match Addressing mode '	inc X'
c:\users\admin\desktop\ca-lab\ca-lab3-2\main.asm(56): as1 : Error 54: Can't match Addressing mode '	cp X, #$07'
6 errors on assembly of 'c:\users\admin\desktop\ca-lab\ca-lab3-2\main.asm'
c:\users\admin\desktop\ca-lab\ca-lab3-2\main.asm(50): as1 : Error 54: Can't match Addressing mode '	ld X, #$00'
c:\users\admin\desktop\ca-lab\ca-lab3-2\main.asm(51): as1 : Error 54: Can't match Addressing mode '	ld Y, #$01'
c:\users\admin\desktop\ca-lab\ca-lab3-2\main.asm(53): as1 : Error 67: Improper Character(s) '+X, Y'
c:\users\admin\desktop\ca-lab\ca-lab3-2\main.asm(54): as1 : Error 54: Can't match Addressing mode '	SLL Y'
c:\users\admin\desktop\ca-lab\ca-lab3-2\main.asm(55): as1 : Error 54: Can't match Addressing mode '	inc X'
c:\users\admin\desktop\ca-lab\ca-lab3-2\main.asm(56): as1 : Error 54: Can't match Addressing mode '	cp X, #$07'
6 errors on assembly of 'c:\users\admin\desktop\ca-lab\ca-lab3-2\main.asm'
c:\users\admin\desktop\ca-lab\ca-lab3-2\main.asm(50): as1 : Error 54: Can't match Addressing mode '	mov X, #$00'
c:\users\admin\desktop\ca-lab\ca-lab3-2\main.asm(51): as1 : Error 54: Can't match Addressing mode '	ld Y, #$01'
c:\users\admin\desktop\ca-lab\ca-lab3-2\main.asm(53): as1 : Error 67: Improper Character(s) '+X, Y'
c:\users\admin\desktop\ca-lab\ca-lab3-2\main.asm(54): as1 : Error 54: Can't match Addressing mode '	SLL Y'
c:\users\admin\desktop\ca-lab\ca-lab3-2\main.asm(55): as1 : Error 54: Can't match Addressing mode '	inc X'
c:\users\admin\desktop\ca-lab\ca-lab3-2\main.asm(56): as1 : Error 54: Can't match Addressing mode '	cp X, #$07'
6 errors on assembly of 'c:\users\admin\desktop\ca-lab\ca-lab3-2\main.asm'
c:\users\admin\desktop\ca-lab\ca-lab3-2\main.asm(50): as1 : Error 54: Can't match Addressing mode '	mov X, #$00'
c:\users\admin\desktop\ca-lab\ca-lab3-2\main.asm(51): as1 : Error 54: Can't match Addressing mode '	ld Y, #$01'
c:\users\admin\desktop\ca-lab\ca-lab3-2\main.asm(53): as1 : Error 67: Improper Character(s) '+X, Y'
c:\users\admin\desktop\ca-lab\ca-lab3-2\main.asm(54): as1 : Error 54: Can't match Addressing mode '	SLL Y'
c:\users\admin\desktop\ca-lab\ca-lab3-2\main.asm(55): as1 : Error 54: Can't match Addressing mode '	inc X'
c:\users\admin\desktop\ca-lab\ca-lab3-2\main.asm(56): as1 : Error 54: Can't match Addressing mode '	cp X, #$07'
6 errors on assembly of 'c:\users\admin\desktop\ca-lab\ca-lab3-2\main.asm'
c:\users\admin\desktop\ca-lab\ca-lab3-2\main.asm(50): as1 : Error 54: Can't match Addressing mode '	ld X, #$00'
c:\users\admin\desktop\ca-lab\ca-lab3-2\main.asm(51): as1 : Error 54: Can't match Addressing mode '	ld Y, #$01'
c:\users\admin\desktop\ca-lab\ca-lab3-2\main.asm(53): as1 : Error 54: Can't match Addressing mode '	ld (array1,X), Y'
c:\users\admin\desktop\ca-lab\ca-lab3-2\main.asm(54): as1 : Error 54: Can't match Addressing mode '	SLL Y'
c:\users\admin\desktop\ca-lab\ca-lab3-2\main.asm(55): as1 : Error 54: Can't match Addressing mode '	inc X'
c:\users\admin\desktop\ca-lab\ca-lab3-2\main.asm(56): as1 : Error 54: Can't match Addressing mode '	cp X, #$07'
6 errors on assembly of 'c:\users\admin\desktop\ca-lab\ca-lab3-2\main.asm'
c:\users\admin\desktop\ca-lab\ca-lab3-2\main.asm(50): as1 : Error 54: Can't match Addressing mode '	ld X, #$00'
c:\users\admin\desktop\ca-lab\ca-lab3-2\main.asm(51): as1 : Error 54: Can't match Addressing mode '	ld Y, #$01'
c:\users\admin\desktop\ca-lab\ca-lab3-2\main.asm(53): as1 : Error 54: Can't match Addressing mode '	ld (array1,X), Y'
c:\users\admin\desktop\ca-lab\ca-lab3-2\main.asm(54): as1 : Error 54: Can't match Addressing mode '	SLL Y'
c:\users\admin\desktop\ca-lab\ca-lab3-2\main.asm(55): as1 : Error 54: Can't match Addressing mode '	inc X'
c:\users\admin\desktop\ca-lab\ca-lab3-2\main.asm(56): as1 : Error 54: Can't match Addressing mode '	cp X, #$07'
6 errors on assembly of 'c:\users\admin\desktop\ca-lab\ca-lab3-2\main.asm'
c:\users\admin\desktop\ca-lab\ca-lab3-2\main.asm(50): as1 : Error 54: Can't match Addressing mode '	ld X, #$00'
c:\users\admin\desktop\ca-lab\ca-lab3-2\main.asm(51): as1 : Error 54: Can't match Addressing mode '	ld Y, #$01'
c:\users\admin\desktop\ca-lab\ca-lab3-2\main.asm(53): as1 : Error 54: Can't match Addressing mode '	ld (array1,X), Y'
c:\users\admin\desktop\ca-lab\ca-lab3-2\main.asm(54): as1 : Error 54: Can't match Addressing mode '	SLL Y'
c:\users\admin\desktop\ca-lab\ca-lab3-2\main.asm(55): as1 : Error 54: Can't match Addressing mode '	inc X'
c:\users\admin\desktop\ca-lab\ca-lab3-2\main.asm(56): as1 : Error 54: Can't match Addressing mode '	cp X, #$07'
6 errors on assembly of 'c:\users\admin\desktop\ca-lab\ca-lab3-2\main.asm'
c:\users\admin\desktop\ca-lab\ca-lab3-2\main.asm(49): as1 : Error 54: Can't match Addressing mode '	ld X, #$00'
c:\users\admin\desktop\ca-lab\ca-lab3-2\main.asm(50): as1 : Error 54: Can't match Addressing mode '	ld Y, #$01'
c:\users\admin\desktop\ca-lab\ca-lab3-2\main.asm(52): as1 : Error 54: Can't match Addressing mode '	ld (array1,X), Y'
c:\users\admin\desktop\ca-lab\ca-lab3-2\main.asm(53): as1 : Error 54: Can't match Addressing mode '	SLL Y'
c:\users\admin\desktop\ca-lab\ca-lab3-2\main.asm(54): as1 : Error 54: Can't match Addressing mode '	inc X'
c:\users\admin\desktop\ca-lab\ca-lab3-2\main.asm(55): as1 : Error 54: Can't match Addressing mode '	cp X, #$07'
6 errors on assembly of 'c:\users\admin\desktop\ca-lab\ca-lab3-2\main.asm'
c:\users\admin\desktop\ca-lab\ca-lab3-2\main.asm(49): as1 : Error 54: Can't match Addressing mode '	ld X, #$00'
c:\users\admin\desktop\ca-lab\ca-lab3-2\main.asm(50): as1 : Error 54: Can't match Addressing mode '	ld Y, #$01'
c:\users\admin\desktop\ca-lab\ca-lab3-2\main.asm(52): as1 : Error 54: Can't match Addressing mode '	ld (array1,X), Y'
c:\users\admin\desktop\ca-lab\ca-lab3-2\main.asm(53): as1 : Error 54: Can't match Addressing mode '	SLL Y'
c:\users\admin\desktop\ca-lab\ca-lab3-2\main.asm(54): as1 : Error 54: Can't match Addressing mode '	inc X'
c:\users\admin\desktop\ca-lab\ca-lab3-2\main.asm(55): as1 : Error 54: Can't match Addressing mode '	cp X, #$07'
6 errors on assembly of 'c:\users\admin\desktop\ca-lab\ca-lab3-2\main.asm'
c:\users\admin\desktop\ca-lab\ca-lab3-2\main.asm(49): as1 : Error 54: Can't match Addressing mode '	ld X, #$00'
c:\users\admin\desktop\ca-lab\ca-lab3-2\main.asm(50): as1 : Error 54: Can't match Addressing mode '	ld Y, #$01'
c:\users\admin\desktop\ca-lab\ca-lab3-2\main.asm(52): as1 : Error 54: Can't match Addressing mode '	ld (array1,X), Y'
c:\users\admin\desktop\ca-lab\ca-lab3-2\main.asm(53): as1 : Error 54: Can't match Addressing mode '	SLL Y'
c:\users\admin\desktop\ca-lab\ca-lab3-2\main.asm(54): as1 : Error 54: Can't match Addressing mode '	inc X'
c:\users\admin\desktop\ca-lab\ca-lab3-2\main.asm(55): as1 : Error 54: Can't match Addressing mode '	cp X, #$07'
c:\users\admin\desktop\ca-lab\ca-lab3-2\main.asm(52): as2 : Error 46: Illegal undefined label 'array1,X), Y'
7 errors on assembly of 'c:\users\admin\desktop\ca-lab\ca-lab3-2\main.asm'
c:\users\admin\desktop\ca-lab\ca-lab3-2\main.asm(53): as1 : Error 54: Can't match Addressing mode '	ld (array1,X), Y'
c:\users\admin\desktop\ca-lab\ca-lab3-2\main.asm(54): as1 : Error 54: Can't match Addressing mode '	SLL Y'
c:\users\admin\desktop\ca-lab\ca-lab3-2\main.asm(55): as1 : Error 54: Can't match Addressing mode '	inc X'
c:\users\admin\desktop\ca-lab\ca-lab3-2\main.asm(56): as1 : Error 54: Can't match Addressing mode '	cp X, #$07'
4 errors on assembly of 'c:\users\admin\desktop\ca-lab\ca-lab3-2\main.asm'
c:\users\admin\desktop\ca-lab\ca-lab3-2\main.asm(53): as1 : Error 54: Can't match Addressing mode '	ld (array1,X), Y'
c:\users\admin\desktop\ca-lab\ca-lab3-2\main.asm(54): as1 : Error 54: Can't match Addressing mode '	SLL Y'
c:\users\admin\desktop\ca-lab\ca-lab3-2\main.asm(55): as1 : Error 54: Can't match Addressing mode '	inc X'
c:\users\admin\desktop\ca-lab\ca-lab3-2\main.asm(56): as1 : Error 54: Can't match Addressing mode '	cp X, #$07'
4 errors on assembly of 'c:\users\admin\desktop\ca-lab\ca-lab3-2\main.asm'
c:\users\admin\desktop\ca-lab\ca-lab3-2\main.asm(53): as1 : Error 54: Can't match Addressing mode '	ld (array1,X), Y'
c:\users\admin\desktop\ca-lab\ca-lab3-2\main.asm(54): as1 : Error 54: Can't match Addressing mode '	SLL Y'
c:\users\admin\desktop\ca-lab\ca-lab3-2\main.asm(55): as1 : Error 54: Can't match Addressing mode '	inc X'
c:\users\admin\desktop\ca-lab\ca-lab3-2\main.asm(56): as1 : Error 54: Can't match Addressing mode '	cp X, #$07'
4 errors on assembly of 'c:\users\admin\desktop\ca-lab\ca-lab3-2\main.asm'
c:\users\admin\desktop\ca-lab\ca-lab3-2\main.asm(53): as1 : Error 54: Can't match Addressing mode '	ld (array1,X), YL'
c:\users\admin\desktop\ca-lab\ca-lab3-2\main.asm(54): as1 : Error 54: Can't match Addressing mode '	SLL Y'
c:\users\admin\desktop\ca-lab\ca-lab3-2\main.asm(55): as1 : Error 54: Can't match Addressing mode '	inc X'
c:\users\admin\desktop\ca-lab\ca-lab3-2\main.asm(56): as1 : Error 54: Can't match Addressing mode '	cp X, #$07'
4 errors on assembly of 'c:\users\admin\desktop\ca-lab\ca-lab3-2\main.asm'
c:\users\admin\desktop\ca-lab\ca-lab3-2\main.asm(53): as1 : Error 54: Can't match Addressing mode '	ld (array1,X), YL'
c:\users\admin\desktop\ca-lab\ca-lab3-2\main.asm(54): as1 : Error 54: Can't match Addressing mode '	SLL Y'
c:\users\admin\desktop\ca-lab\ca-lab3-2\main.asm(55): as1 : Error 54: Can't match Addressing mode '	inc X'
c:\users\admin\desktop\ca-lab\ca-lab3-2\main.asm(56): as1 : Error 54: Can't match Addressing mode '	cp X, #$07'
4 errors on assembly of 'c:\users\admin\desktop\ca-lab\ca-lab3-2\main.asm'
c:\users\admin\desktop\ca-lab\ca-lab3-2\main.asm(53): as1 : Error 54: Can't match Addressing mode '	ld (array1,X), YL'
c:\users\admin\desktop\ca-lab\ca-lab3-2\main.asm(54): as1 : Error 54: Can't match Addressing mode '	SLL Y'
c:\users\admin\desktop\ca-lab\ca-lab3-2\main.asm(55): as1 : Error 54: Can't match Addressing mode '	inc X'
c:\users\admin\desktop\ca-lab\ca-lab3-2\main.asm(56): as1 : Error 54: Can't match Addressing mode '	cp X, #$07'
4 errors on assembly of 'c:\users\admin\desktop\ca-lab\ca-lab3-2\main.asm'
c:\users\admin\desktop\ca-lab\ca-lab3-2\main.asm(53): as1 : Error 54: Can't match Addressing mode '	ld (array1,X), YL'
c:\users\admin\desktop\ca-lab\ca-lab3-2\main.asm(54): as1 : Error 54: Can't match Addressing mode '	SLL Y'
c:\users\admin\desktop\ca-lab\ca-lab3-2\main.asm(55): as1 : Error 54: Can't match Addressing mode '	inc X'
c:\users\admin\desktop\ca-lab\ca-lab3-2\main.asm(56): as1 : Error 54: Can't match Addressing mode '	cp X, #$07'
4 errors on assembly of 'c:\users\admin\desktop\ca-lab\ca-lab3-2\main.asm'
c:\users\admin\desktop\ca-lab\ca-lab3-2\main.asm(53): as1 : Error 54: Can't match Addressing mode '	ld (array1,X), YL'
c:\users\admin\desktop\ca-lab\ca-lab3-2\main.asm(54): as1 : Error 54: Can't match Addressing mode '	SLL Y'
c:\users\admin\desktop\ca-lab\ca-lab3-2\main.asm(55): as1 : Error 54: Can't match Addressing mode '	inc X'
c:\users\admin\desktop\ca-lab\ca-lab3-2\main.asm(56): as1 : Error 54: Can't match Addressing mode '	cp X, #$07'
4 errors on assembly of 'c:\users\admin\desktop\ca-lab\ca-lab3-2\main.asm'
c:\users\admin\desktop\ca-lab\ca-lab3-2\main.asm(53): as1 : Error 54: Can't match Addressing mode '	ld (array1,X), YL'
c:\users\admin\desktop\ca-lab\ca-lab3-2\main.asm(54): as1 : Error 54: Can't match Addressing mode '	SLL Y'
c:\users\admin\desktop\ca-lab\ca-lab3-2\main.asm(55): as1 : Error 54: Can't match Addressing mode '	inc X'
c:\users\admin\desktop\ca-lab\ca-lab3-2\main.asm(56): as1 : Error 54: Can't match Addressing mode '	cp X, #$07'
4 errors on assembly of 'c:\users\admin\desktop\ca-lab\ca-lab3-2\main.asm'
c:\users\admin\desktop\ca-lab\ca-lab3-2\main.asm(53): as1 : Error 54: Can't match Addressing mode '	ld (array1,X), YL'
c:\users\admin\desktop\ca-lab\ca-lab3-2\main.asm(54): as1 : Error 54: Can't match Addressing mode '	SLL Y'
c:\users\admin\desktop\ca-lab\ca-lab3-2\main.asm(55): as1 : Error 54: Can't match Addressing mode '	inc X'
c:\users\admin\desktop\ca-lab\ca-lab3-2\main.asm(56): as1 : Error 54: Can't match Addressing mode '	cp X, #$07'
4 errors on assembly of 'c:\users\admin\desktop\ca-lab\ca-lab3-2\main.asm'
c:\users\admin\desktop\ca-lab\ca-lab3-2\main.asm(53): as1 : Error 54: Can't match Addressing mode '	ld #(array1,X), YL'
c:\users\admin\desktop\ca-lab\ca-lab3-2\main.asm(54): as1 : Error 54: Can't match Addressing mode '	SLL Y'
c:\users\admin\desktop\ca-lab\ca-lab3-2\main.asm(55): as1 : Error 54: Can't match Addressing mode '	inc X'
c:\users\admin\desktop\ca-lab\ca-lab3-2\main.asm(56): as1 : Error 54: Can't match Addressing mode '	cp X, #$07'
4 errors on assembly of 'c:\users\admin\desktop\ca-lab\ca-lab3-2\main.asm'
c:\users\admin\desktop\ca-lab\ca-lab3-2\main.asm(53): as1 : Error 54: Can't match Addressing mode '	ld #(array1,X), YL'
c:\users\admin\desktop\ca-lab\ca-lab3-2\main.asm(54): as1 : Error 54: Can't match Addressing mode '	SLL Y'
c:\users\admin\desktop\ca-lab\ca-lab3-2\main.asm(55): as1 : Error 54: Can't match Addressing mode '	inc X'
c:\users\admin\desktop\ca-lab\ca-lab3-2\main.asm(56): as1 : Error 54: Can't match Addressing mode '	cp X, #$07'
4 errors on assembly of 'c:\users\admin\desktop\ca-lab\ca-lab3-2\main.asm'
c:\users\admin\desktop\ca-lab\ca-lab3-2\main.asm(53): as1 : Error 54: Can't match Addressing mode '	ld #(array1,X), YL'
1 error on assembly of 'c:\users\admin\desktop\ca-lab\ca-lab3-2\main.asm'
c:\users\admin\desktop\ca-lab\ca-lab3-2\main.asm(53): as1 : Error 54: Can't match Addressing mode '	ld #(array1,X), YL'
1 error on assembly of 'c:\users\admin\desktop\ca-lab\ca-lab3-2\main.asm'
c:\users\admin\desktop\ca-lab\ca-lab3-2\main.asm(53): as1 : Error 54: Can't match Addressing mode '	ld #(array1,X), YL'
1 error on assembly of 'c:\users\admin\desktop\ca-lab\ca-lab3-2\main.asm'
c:\users\admin\desktop\ca-lab\ca-lab3-2\main.asm(53): as1 : Error 67: Improper Character(s) '+X), YL'
1 error on assembly of 'c:\users\admin\desktop\ca-lab\ca-lab3-2\main.asm'
c:\users\admin\desktop\ca-lab\ca-lab3-2\main.asm(53): as1 : Error 67: Improper Character(s) '+X), YL'
1 error on assembly of 'c:\users\admin\desktop\ca-lab\ca-lab3-2\main.asm'
c:\users\admin\desktop\ca-lab\ca-lab3-2\main.asm(53): as1 : Error 67: Improper Character(s) '+X), YL'
1 error on assembly of 'c:\users\admin\desktop\ca-lab\ca-lab3-2\main.asm'
c:\users\admin\desktop\ca-lab\ca-lab3-2\main.asm(53): as1 : Error 54: Can't match Addressing mode '	ld #(array1,X), A'
1 error on assembly of 'c:\users\admin\desktop\ca-lab\ca-lab3-2\main.asm'
c:\users\admin\desktop\ca-lab\ca-lab3-2\main.asm(53): as1 : Error 54: Can't match Addressing mode '	ld #(array1,X), A'
1 error on assembly of 'c:\users\admin\desktop\ca-lab\ca-lab3-2\main.asm'
c:\users\admin\desktop\ca-lab\ca-lab3-2\main.asm(53): as1 : Error 54: Can't match Addressing mode '	ld YL,(array1,X)'
1 error on assembly of 'c:\users\admin\desktop\ca-lab\ca-lab3-2\main.asm'
c:\users\admin\desktop\ca-lab\ca-lab3-2\main.asm(53): as1 : Error 54: Can't match Addressing mode '	ld YL,(array1,X)'
1 error on assembly of 'c:\users\admin\desktop\ca-lab\ca-lab3-2\main.asm'
c:\users\admin\desktop\ca-lab\ca-lab3-2\main.asm(53): as1 : Error 54: Can't match Addressing mode '	ld YL,(array1,X)'
1 error on assembly of 'c:\users\admin\desktop\ca-lab\ca-lab3-2\main.asm'
c:\users\admin\desktop\ca-lab\ca-lab3-2\main.asm(53): as1 : Error 54: Can't match Addressing mode '	ld YL,(array1,X)'
1 error on assembly of 'c:\users\admin\desktop\ca-lab\ca-lab3-2\main.asm'
c:\users\admin\desktop\ca-lab\ca-lab3-2\main.asm(9): as1 : Error 56: unrecognised opcode '	array1 ds.b 16'
c:\users\admin\desktop\ca-lab\ca-lab3-2\main.asm(53): as1 : Error 54: Can't match Addressing mode '	ld YL,(array1,X)'
2 errors on assembly of 'c:\users\admin\desktop\ca-lab\ca-lab3-2\main.asm'
c:\users\admin\desktop\ca-lab\ca-lab3-2\main.asm(9): as1 : Error 56: unrecognised opcode '	array1 ds.b 16'
c:\users\admin\desktop\ca-lab\ca-lab3-2\main.asm(53): as1 : Error 54: Can't match Addressing mode '	ld YL,(array1,X)'
c:\users\admin\desktop\ca-lab\ca-lab3-2\main.asm(53): as2 : Error 46: Illegal undefined label 'array1,X)'
3 errors on assembly of 'c:\users\admin\desktop\ca-lab\ca-lab3-2\main.asm'

c:\users\admin\desktop\ca-lab\ca-lab3-2\main.asm(12): as1 : Fatal 71: Cannot have code in segment prev containing DS.x! .. only for non-[void] segs! 'D->C'


c:\users\admin\desktop\ca-lab\ca-lab3-2\main.asm(12): as1 : Fatal 71: Cannot have code in segment prev containing DS.x! .. only for non-[void] segs! 'D->C'


c:\users\admin\desktop\ca-lab\ca-lab3-2\main.asm(12): as1 : Fatal 71: Cannot have code in segment prev containing DS.x! .. only for non-[void] segs! 'D->C'


c:\users\admin\desktop\ca-lab\ca-lab3-2\main.asm(12): as1 : Fatal 71: Cannot have code in segment prev containing DS.x! .. only for non-[void] segs! 'D->C'


c:\users\admin\desktop\ca-lab\ca-lab3-2\main.asm(30): as1 : Fatal 71: Cannot have code in segment prev containing DS.x! .. only for non-[void] segs! 'D->C'


c:\users\admin\desktop\ca-lab\ca-lab3-2\main.asm(30): as1 : Fatal 71: Cannot have code in segment prev containing DS.x! .. only for non-[void] segs! 'D->C'


c:\users\admin\desktop\ca-lab\ca-lab3-2\main.asm(27): as1 : Fatal 70: Cannot have DS.X in segment containing code/data! .. only for [void] segs! 'C->D'


c:\users\admin\desktop\ca-lab\ca-lab3-2\main.asm(27): as1 : Fatal 70: Cannot have DS.X in segment containing code/data! .. only for [void] segs! 'C->D'

c:\users\admin\desktop\ca-lab\ca-lab3-2\main.asm(50): as1 : Error 54: Can't match Addressing mode '	ld YL,(array1,X)'
1 error on assembly of 'c:\users\admin\desktop\ca-lab\ca-lab3-2\main.asm'
c:\users\admin\desktop\ca-lab\ca-lab3-2\main.asm(50): as1 : Error 54: Can't match Addressing mode '	ld YL,(array1,X)'
c:\users\admin\desktop\ca-lab\ca-lab3-2\main.asm(50): as2 : Error 46: Illegal undefined label 'array1,X)'
2 errors on assembly of 'c:\users\admin\desktop\ca-lab\ca-lab3-2\main.asm'
c:\users\admin\desktop\ca-lab\ca-lab3-2\main.asm(27): as1 : Error 56: unrecognised opcode '	array1 ds.b 16'
c:\users\admin\desktop\ca-lab\ca-lab3-2\main.asm(51): as1 : Error 54: Can't match Addressing mode '	ld YL,(array1,X)'
2 errors on assembly of 'c:\users\admin\desktop\ca-lab\ca-lab3-2\main.asm'
c:\users\admin\desktop\ca-lab\ca-lab3-2\main.asm(27): as1 : Error 56: unrecognised opcode '	array1 ds.b 16'
c:\users\admin\desktop\ca-lab\ca-lab3-2\main.asm(51): as1 : Error 54: Can't match Addressing mode '	ld YL,(array1,X)'
c:\users\admin\desktop\ca-lab\ca-lab3-2\main.asm(51): as2 : Error 46: Illegal undefined label 'array1,X)'
3 errors on assembly of 'c:\users\admin\desktop\ca-lab\ca-lab3-2\main.asm'

c:\users\admin\desktop\ca-lab\ca-lab3-2\main.asm(30): as1 : Fatal 71: Cannot have code in segment prev containing DS.x! .. only for non-[void] segs! 'D->C'


c:\users\admin\desktop\ca-lab\ca-lab3-2\main.asm(30): as1 : Fatal 71: Cannot have code in segment prev containing DS.x! .. only for non-[void] segs! 'D->C'


c:\users\admin\desktop\ca-lab\ca-lab3-2\main.asm(30): as1 : Fatal 71: Cannot have code in segment prev containing DS.x! .. only for non-[void] segs! 'D->C'


c:\users\admin\desktop\ca-lab\ca-lab3-2\main.asm(30): as1 : Fatal 71: Cannot have code in segment prev containing DS.x! .. only for non-[void] segs! 'D->C'


c:\users\admin\desktop\ca-lab\ca-lab3-2\main.asm(30): as1 : Fatal 71: Cannot have code in segment prev containing DS.x! .. only for non-[void] segs! 'D->C'


c:\users\admin\desktop\ca-lab\ca-lab3-2\main.asm(30): as1 : Fatal 71: Cannot have code in segment prev containing DS.x! .. only for non-[void] segs! 'D->C'


c:\users\admin\desktop\ca-lab\ca-lab3-2\main.asm(30): as1 : Fatal 71: Cannot have code in segment prev containing DS.x! .. only for non-[void] segs! 'D->C'

c:\users\admin\desktop\ca-lab\ca-lab3-2\main.asm(52): as1 : Error 54: Can't match Addressing mode '	ld [array1,X],YL'
1 error on assembly of 'c:\users\admin\desktop\ca-lab\ca-lab3-2\main.asm'
c:\users\admin\desktop\ca-lab\ca-lab3-2\main.asm(52): as1 : Error 54: Can't match Addressing mode '	ld [array1,X],YL'
1 error on assembly of 'c:\users\admin\desktop\ca-lab\ca-lab3-2\main.asm'
c:\users\admin\desktop\ca-lab\ca-lab3-2\main.asm(52): as1 : Error 54: Can't match Addressing mode '	ld (array1,X],YL'
1 error on assembly of 'c:\users\admin\desktop\ca-lab\ca-lab3-2\main.asm'
c:\users\admin\desktop\ca-lab\ca-lab3-2\main.asm(52): as1 : Error 54: Can't match Addressing mode '	ld (array1,X],YL'
1 error on assembly of 'c:\users\admin\desktop\ca-lab\ca-lab3-2\main.asm'
c:\users\admin\desktop\ca-lab\ca-lab3-2\main.asm(52): as1 : Error 67: Improper Character(s) '+X],YL'
1 error on assembly of 'c:\users\admin\desktop\ca-lab\ca-lab3-2\main.asm'
c:\users\admin\desktop\ca-lab\ca-lab3-2\main.asm(52): as1 : Error 67: Improper Character(s) '+X],YL'
1 error on assembly of 'c:\users\admin\desktop\ca-lab\ca-lab3-2\main.asm'
c:\users\admin\desktop\ca-lab\ca-lab3-2\main.asm(52): as1 : Error 67: Improper Character(s) '+5],YL'
1 error on assembly of 'c:\users\admin\desktop\ca-lab\ca-lab3-2\main.asm'
c:\users\admin\desktop\ca-lab\ca-lab3-2\main.asm(52): as1 : Error 67: Improper Character(s) '+5],YL'
1 error on assembly of 'c:\users\admin\desktop\ca-lab\ca-lab3-2\main.asm'
c:\users\admin\desktop\ca-lab\ca-lab3-2\main.asm(52): as1 : Error 54: Can't match Addressing mode '	ld [array1,5],YL'
1 error on assembly of 'c:\users\admin\desktop\ca-lab\ca-lab3-2\main.asm'
c:\users\admin\desktop\ca-lab\ca-lab3-2\main.asm(52): as1 : Error 54: Can't match Addressing mode '	ld [array1,5],YL'
1 error on assembly of 'c:\users\admin\desktop\ca-lab\ca-lab3-2\main.asm'
c:\users\admin\desktop\ca-lab\ca-lab3-2\main.asm(52): as1 : Error 54: Can't match Addressing mode '	ld (array1,5),A'
1 error on assembly of 'c:\users\admin\desktop\ca-lab\ca-lab3-2\main.asm'
c:\users\admin\desktop\ca-lab\ca-lab3-2\main.asm(52): as1 : Error 54: Can't match Addressing mode '	ld (array1,5),A'
1 error on assembly of 'c:\users\admin\desktop\ca-lab\ca-lab3-2\main.asm'
c:\users\admin\desktop\ca-lab\ca-lab3-2\main.asm(52): as1 : Error 54: Can't match Addressing mode '	ld (array1,5),A'
1 error on assembly of 'c:\users\admin\desktop\ca-lab\ca-lab3-2\main.asm'
c:\users\admin\desktop\ca-lab\ca-lab3-2\main.asm(52): as1 : Error 54: Can't match Addressing mode '	ld (array1,5),A'
1 error on assembly of 'c:\users\admin\desktop\ca-lab\ca-lab3-2\main.asm'
c:\users\admin\desktop\ca-lab\ca-lab3-2\main.asm(52): as1 : Error 54: Can't match Addressing mode '	ld A,(array1,5)'
1 error on assembly of 'c:\users\admin\desktop\ca-lab\ca-lab3-2\main.asm'
c:\users\admin\desktop\ca-lab\ca-lab3-2\main.asm(52): as1 : Error 54: Can't match Addressing mode '	ld A,(array1,5)'
1 error on assembly of 'c:\users\admin\desktop\ca-lab\ca-lab3-2\main.asm'
No errors on assembly of 'c:\users\admin\desktop\ca-lab\ca-lab3-2\main.asm'
No errors on assembly of 'c:\users\admin\desktop\ca-lab\ca-lab3-2\main.asm'
No errors on assembly of 'c:\users\admin\desktop\ca-lab\ca-lab3-2\main.asm'
No errors on assembly of 'c:\users\admin\desktop\ca-lab\ca-lab3-2\main.asm'
No errors on assembly of 'c:\users\admin\desktop\ca-lab\ca-lab3-2\main.asm'
No errors on assembly of 'c:\users\admin\desktop\ca-lab\ca-lab3-2\main.asm'
No errors on assembly of 'c:\users\admin\desktop\ca-lab\ca-lab3-2\main.asm'
No errors on assembly of 'c:\users\admin\desktop\ca-lab\ca-lab3-2\main.asm'

c:\users\admin\desktop\ca-lab\ca-lab3-2\main.asm(30): as1 : Fatal 71: Cannot have code in segment prev containing DS.x! .. only for non-[void] segs! 'D->C'


c:\users\admin\desktop\ca-lab\ca-lab3-2\main.asm(30): as1 : Fatal 71: Cannot have code in segment prev containing DS.x! .. only for non-[void] segs! 'D->C'


c:\users\admin\desktop\ca-lab\ca-lab3-2\main.asm(30): as1 : Fatal 71: Cannot have code in segment prev containing DS.x! .. only for non-[void] segs! 'D->C'


c:\users\admin\desktop\ca-lab\ca-lab3-2\main.asm(27): as1 : Fatal 70: Cannot have DS.X in segment containing code/data! .. only for [void] segs! 'C->D'


c:\users\admin\desktop\ca-lab\ca-lab3-2\main.asm(27): as1 : Fatal 70: Cannot have DS.X in segment containing code/data! .. only for [void] segs! 'C->D'

No errors on assembly of 'c:\users\admin\desktop\ca-lab\ca-lab3-2\main.asm'
No errors on assembly of 'c:\users\admin\desktop\ca-lab\ca-lab3-2\main.asm'
No errors on assembly of 'c:\users\admin\desktop\ca-lab\ca-lab3-2\main.asm'

c:\users\admin\desktop\ca-lab\ca-lab3-2\main.asm(30): as1 : Fatal 71: Cannot have code in segment prev containing DS.x! .. only for non-[void] segs! 'D->C'


c:\users\admin\desktop\ca-lab\ca-lab3-2\main.asm(30): as1 : Fatal 71: Cannot have code in segment prev containing DS.x! .. only for non-[void] segs! 'D->C'

c:\users\admin\desktop\ca-lab\ca-lab3-2\main.asm(27): as1 : Error 56: unrecognised opcode '	array1 ds.b 16'
1 error on assembly of 'c:\users\admin\desktop\ca-lab\ca-lab3-2\main.asm'
c:\users\admin\desktop\ca-lab\ca-lab3-2\main.asm(27): as1 : Error 56: unrecognised opcode '	array1 ds.b 16'
c:\users\admin\desktop\ca-lab\ca-lab3-2\main.asm(53): as2 : Error 46: Illegal undefined label 'array1,X),A'
2 errors on assembly of 'c:\users\admin\desktop\ca-lab\ca-lab3-2\main.asm'
c:\users\admin\desktop\ca-lab\ca-lab3-2\main.asm(27): as1 : Error 56: unrecognised opcode '	array1 ds.b 16'
1 error on assembly of 'c:\users\admin\desktop\ca-lab\ca-lab3-2\main.asm'
c:\users\admin\desktop\ca-lab\ca-lab3-2\main.asm(27): as1 : Error 56: unrecognised opcode '	array1 ds.b 16'
c:\users\admin\desktop\ca-lab\ca-lab3-2\main.asm(53): as2 : Error 46: Illegal undefined label 'array1,X),A'
2 errors on assembly of 'c:\users\admin\desktop\ca-lab\ca-lab3-2\main.asm'

c:\users\admin\desktop\ca-lab\ca-lab3-2\main.asm(30): as1 : Fatal 71: Cannot have code in segment prev containing DS.x! .. only for non-[void] segs! 'D->C'


c:\users\admin\desktop\ca-lab\ca-lab3-2\main.asm(30): as1 : Fatal 71: Cannot have code in segment prev containing DS.x! .. only for non-[void] segs! 'D->C'


c:\users\admin\desktop\ca-lab\ca-lab3-2\main.asm(30): as1 : Fatal 71: Cannot have code in segment prev containing DS.x! .. only for non-[void] segs! 'D->C'


c:\users\admin\desktop\ca-lab\ca-lab3-2\main.asm(30): as1 : Fatal 71: Cannot have code in segment prev containing DS.x! .. only for non-[void] segs! 'D->C'

No errors on assembly of 'c:\users\admin\desktop\ca-lab\ca-lab3-2\main.asm'
No errors on assembly of 'c:\users\admin\desktop\ca-lab\ca-lab3-2\main.asm'
No errors on assembly of 'c:\users\admin\desktop\ca-lab\ca-lab3-2\main.asm'
No errors on assembly of 'c:\users\admin\desktop\ca-lab\ca-lab3-2\main.asm'
No errors on assembly of 'c:\users\admin\desktop\ca-lab\ca-lab3-2\main.asm'
No errors on assembly of 'c:\users\admin\desktop\ca-lab\ca-lab3-2\main.asm'
No errors on assembly of 'c:\users\admin\desktop\ca-lab\ca-lab3-2\main.asm'
No errors on assembly of 'c:\users\admin\desktop\ca-lab\ca-lab3-2\main.asm'
c:\users\admin\desktop\ca-lab\ca-lab3-2\main.asm(54): as1 : Error 54: Can't match Addressing mode '	ld (array1,X),YL'
1 error on assembly of 'c:\users\admin\desktop\ca-lab\ca-lab3-2\main.asm'
c:\users\admin\desktop\ca-lab\ca-lab3-2\main.asm(54): as1 : Error 54: Can't match Addressing mode '	ld (array1,X),YL'
1 error on assembly of 'c:\users\admin\desktop\ca-lab\ca-lab3-2\main.asm'
c:\users\admin\desktop\ca-lab\ca-lab3-2\main.asm(54): as1 : Error 54: Can't match Addressing mode '	ld (array1,X),YL'
1 error on assembly of 'c:\users\admin\desktop\ca-lab\ca-lab3-2\main.asm'
No errors on assembly of 'c:\users\admin\desktop\ca-lab\ca-lab3-2\main.asm'
No errors on assembly of 'c:\users\admin\desktop\ca-lab\ca-lab3-2\main.asm'
No errors on assembly of 'c:\users\admin\desktop\ca-lab\ca-lab3-2\main.asm'
No errors on assembly of 'c:\users\admin\desktop\ca-lab\ca-lab3-2\main.asm'
No errors on assembly of 'c:\users\admin\desktop\ca-lab\ca-lab3-2\main.asm'
No errors on assembly of 'c:\users\admin\desktop\ca-lab\ca-lab3-2\main.asm'
No errors on assembly of 'c:\users\admin\desktop\ca-lab\ca-lab3-2\main.asm'
No errors on assembly of 'c:\users\admin\desktop\ca-lab\ca-lab3-2\main.asm'
No errors on assembly of 'c:\users\admin\desktop\ca-lab\ca-lab3-2\main.asm'
No errors on assembly of 'd:\circuitprojects\stm8\ca-lab3-2\mapping.asm'
